{"E:\\event_mgmt_v0\\frontend\\user\\src\\components\\common\\ServerUnavailable.jsx": {"path":"E:\\event_mgmt_v0\\frontend\\user\\src\\components\\common\\ServerUnavailable.jsx","statementMap":{"0":{"start":{"line":2,"column":2},"end":{"line":12,"column":4}}},"fnMap":{"0":{"name":"ServerUnavailable","decl":{"start":{"line":1,"column":24},"end":{"line":1,"column":41}},"loc":{"start":{"line":1,"column":55},"end":{"line":13,"column":1}},"line":1}},"branchMap":{"0":{"loc":{"start":{"line":6,"column":7},"end":{"line":10,"column":7}},"type":"binary-expr","locations":[{"start":{"line":6,"column":7},"end":{"line":6,"column":14}},{"start":{"line":7,"column":8},"end":{"line":9,"column":17}}],"line":6}},"s":{"0":1},"f":{"0":1},"b":{"0":[1,1]},"_coverageSchema":"1a1c01bbd47fc00a2c39e90264f33305004495a9","hash":"83cb5cdefdc53cee6ac79c2b3013861c85c34163"}
,"E:\\event_mgmt_v0\\frontend\\user\\src\\context\\AuthContext.jsx": {"path":"E:\\event_mgmt_v0\\frontend\\user\\src\\context\\AuthContext.jsx","statementMap":{"0":{"start":{"line":3,"column":20},"end":{"line":3,"column":39}},"1":{"start":{"line":6,"column":28},"end":{"line":6,"column":83}},"2":{"start":{"line":6,"column":43},"end":{"line":6,"column":82}},"3":{"start":{"line":8,"column":16},"end":{"line":11,"column":8}},"4":{"start":{"line":9,"column":4},"end":{"line":9,"column":57}},"5":{"start":{"line":10,"column":4},"end":{"line":10,"column":26}},"6":{"start":{"line":13,"column":17},"end":{"line":16,"column":8}},"7":{"start":{"line":14,"column":4},"end":{"line":14,"column":47}},"8":{"start":{"line":15,"column":4},"end":{"line":15,"column":19}},"9":{"start":{"line":18,"column":16},"end":{"line":26,"column":3}},"10":{"start":{"line":19,"column":11},"end":{"line":24,"column":5}},"11":{"start":{"line":28,"column":2},"end":{"line":28,"column":79}},"12":{"start":{"line":32,"column":18},"end":{"line":32,"column":41}},"13":{"start":{"line":33,"column":2},"end":{"line":33,"column":76}},"14":{"start":{"line":33,"column":16},"end":{"line":33,"column":76}},"15":{"start":{"line":34,"column":2},"end":{"line":34,"column":17}}},"fnMap":{"0":{"name":"AuthProvider","decl":{"start":{"line":5,"column":16},"end":{"line":5,"column":28}},"loc":{"start":{"line":5,"column":43},"end":{"line":29,"column":1}},"line":5},"1":{"name":"(anonymous_1)","decl":{"start":{"line":6,"column":37},"end":{"line":6,"column":38}},"loc":{"start":{"line":6,"column":43},"end":{"line":6,"column":82}},"line":6},"2":{"name":"(anonymous_2)","decl":{"start":{"line":8,"column":28},"end":{"line":8,"column":29}},"loc":{"start":{"line":8,"column":45},"end":{"line":11,"column":3}},"line":8},"3":{"name":"(anonymous_3)","decl":{"start":{"line":13,"column":29},"end":{"line":13,"column":30}},"loc":{"start":{"line":13,"column":35},"end":{"line":16,"column":3}},"line":13},"4":{"name":"(anonymous_4)","decl":{"start":{"line":19,"column":4},"end":{"line":19,"column":5}},"loc":{"start":{"line":19,"column":11},"end":{"line":24,"column":5}},"line":19},"5":{"name":"useAuth","decl":{"start":{"line":31,"column":16},"end":{"line":31,"column":23}},"loc":{"start":{"line":31,"column":26},"end":{"line":35,"column":1}},"line":31}},"branchMap":{"0":{"loc":{"start":{"line":33,"column":2},"end":{"line":33,"column":76}},"type":"if","locations":[{"start":{"line":33,"column":2},"end":{"line":33,"column":76}},{"start":{},"end":{}}],"line":33}},"s":{"0":2,"1":2,"2":2,"3":2,"4":0,"5":0,"6":2,"7":0,"8":0,"9":2,"10":2,"11":2,"12":1,"13":1,"14":0,"15":1},"f":{"0":2,"1":2,"2":0,"3":0,"4":2,"5":1},"b":{"0":[0,1]},"_coverageSchema":"1a1c01bbd47fc00a2c39e90264f33305004495a9","hash":"9cc4ee169eccc7c53b381e8d747485875a37cd82"}
,"E:\\event_mgmt_v0\\frontend\\user\\src\\context\\RegistrationContext.jsx": {"path":"E:\\event_mgmt_v0\\frontend\\user\\src\\context\\RegistrationContext.jsx","statementMap":{"0":{"start":{"line":3,"column":28},"end":{"line":3,"column":47}},"1":{"start":{"line":6,"column":42},"end":{"line":6,"column":56}},"2":{"start":{"line":8,"column":16},"end":{"line":15,"column":3}},"3":{"start":{"line":9,"column":11},"end":{"line":13,"column":5}},"4":{"start":{"line":12,"column":31},"end":{"line":12,"column":52}},"5":{"start":{"line":17,"column":2},"end":{"line":21,"column":4}},"6":{"start":{"line":25,"column":18},"end":{"line":25,"column":49}},"7":{"start":{"line":26,"column":2},"end":{"line":28,"column":3}},"8":{"start":{"line":27,"column":4},"end":{"line":27,"column":80}},"9":{"start":{"line":29,"column":2},"end":{"line":29,"column":17}}},"fnMap":{"0":{"name":"RegistrationProvider","decl":{"start":{"line":5,"column":16},"end":{"line":5,"column":36}},"loc":{"start":{"line":5,"column":51},"end":{"line":22,"column":1}},"line":5},"1":{"name":"(anonymous_1)","decl":{"start":{"line":9,"column":4},"end":{"line":9,"column":5}},"loc":{"start":{"line":9,"column":11},"end":{"line":13,"column":5}},"line":9},"2":{"name":"(anonymous_2)","decl":{"start":{"line":12,"column":25},"end":{"line":12,"column":26}},"loc":{"start":{"line":12,"column":31},"end":{"line":12,"column":52}},"line":12},"3":{"name":"useRegistration","decl":{"start":{"line":24,"column":16},"end":{"line":24,"column":31}},"loc":{"start":{"line":24,"column":34},"end":{"line":30,"column":1}},"line":24}},"branchMap":{"0":{"loc":{"start":{"line":26,"column":2},"end":{"line":28,"column":3}},"type":"if","locations":[{"start":{"line":26,"column":2},"end":{"line":28,"column":3}},{"start":{},"end":{}}],"line":26}},"s":{"0":2,"1":2,"2":2,"3":2,"4":0,"5":2,"6":0,"7":0,"8":0,"9":0},"f":{"0":2,"1":2,"2":0,"3":0},"b":{"0":[0,0]},"_coverageSchema":"1a1c01bbd47fc00a2c39e90264f33305004495a9","hash":"a4ea6b0659cc050b7d5d622ad0af96b87ca320bb"}
,"E:\\event_mgmt_v0\\frontend\\user\\src\\hooks\\useListSearchParams.js": {"path":"E:\\event_mgmt_v0\\frontend\\user\\src\\hooks\\useListSearchParams.js","statementMap":{"0":{"start":{"line":5,"column":2},"end":{"line":9,"column":3}},"1":{"start":{"line":6,"column":19},"end":{"line":6,"column":49}},"2":{"start":{"line":7,"column":21},"end":{"line":7,"column":40}},"3":{"start":{"line":8,"column":4},"end":{"line":8,"column":69}},"4":{"start":{"line":10,"column":2},"end":{"line":10,"column":37}},"5":{"start":{"line":14,"column":23},"end":{"line":14,"column":76}},"6":{"start":{"line":15,"column":2},"end":{"line":15,"column":89}},"7":{"start":{"line":24,"column":42},"end":{"line":24,"column":59}},"8":{"start":{"line":26,"column":17},"end":{"line":33,"column":28}},"9":{"start":{"line":27,"column":19},"end":{"line":27,"column":21}},"10":{"start":{"line":28,"column":4},"end":{"line":31,"column":5}},"11":{"start":{"line":29,"column":20},"end":{"line":29,"column":39}},"12":{"start":{"line":30,"column":6},"end":{"line":30,"column":64}},"13":{"start":{"line":32,"column":4},"end":{"line":32,"column":18}},"14":{"start":{"line":35,"column":23},"end":{"line":56,"column":31}},"15":{"start":{"line":36,"column":4},"end":{"line":55,"column":7}},"16":{"start":{"line":37,"column":19},"end":{"line":37,"column":44}},"17":{"start":{"line":39,"column":6},"end":{"line":42,"column":7}},"18":{"start":{"line":40,"column":22},"end":{"line":40,"column":47}},"19":{"start":{"line":41,"column":8},"end":{"line":41,"column":27}},"20":{"start":{"line":44,"column":6},"end":{"line":52,"column":7}},"21":{"start":{"line":45,"column":23},"end":{"line":45,"column":40}},"22":{"start":{"line":46,"column":22},"end":{"line":46,"column":41}},"23":{"start":{"line":47,"column":8},"end":{"line":51,"column":9}},"24":{"start":{"line":48,"column":10},"end":{"line":48,"column":29}},"25":{"start":{"line":50,"column":10},"end":{"line":50,"column":41}},"26":{"start":{"line":54,"column":6},"end":{"line":54,"column":18}},"27":{"start":{"line":58,"column":19},"end":{"line":60,"column":20}},"28":{"start":{"line":59,"column":4},"end":{"line":59,"column":44}},"29":{"start":{"line":62,"column":2},"end":{"line":62,"column":47}},"30":{"start":{"line":69,"column":39},"end":{"line":72,"column":4}},"31":{"start":{"line":74,"column":16},"end":{"line":74,"column":61}},"32":{"start":{"line":74,"column":31},"end":{"line":74,"column":45}},"33":{"start":{"line":76,"column":19},"end":{"line":81,"column":20}},"34":{"start":{"line":77,"column":4},"end":{"line":80,"column":7}},"35":{"start":{"line":83,"column":2},"end":{"line":83,"column":29}}},"fnMap":{"0":{"name":"parseValue","decl":{"start":{"line":4,"column":9},"end":{"line":4,"column":19}},"loc":{"start":{"line":4,"column":33},"end":{"line":11,"column":1}},"line":4},"1":{"name":"isEmptyValue","decl":{"start":{"line":13,"column":9},"end":{"line":13,"column":21}},"loc":{"start":{"line":13,"column":37},"end":{"line":16,"column":1}},"line":13},"2":{"name":"useListSearchParams","decl":{"start":{"line":23,"column":16},"end":{"line":23,"column":35}},"loc":{"start":{"line":23,"column":44},"end":{"line":63,"column":1}},"line":23},"3":{"name":"(anonymous_3)","decl":{"start":{"line":26,"column":25},"end":{"line":26,"column":26}},"loc":{"start":{"line":26,"column":31},"end":{"line":33,"column":3}},"line":26},"4":{"name":"(anonymous_4)","decl":{"start":{"line":35,"column":35},"end":{"line":35,"column":36}},"loc":{"start":{"line":35,"column":73},"end":{"line":56,"column":3}},"line":35},"5":{"name":"(anonymous_5)","decl":{"start":{"line":36,"column":20},"end":{"line":36,"column":21}},"loc":{"start":{"line":36,"column":30},"end":{"line":55,"column":5}},"line":36},"6":{"name":"(anonymous_6)","decl":{"start":{"line":58,"column":31},"end":{"line":58,"column":32}},"loc":{"start":{"line":58,"column":56},"end":{"line":60,"column":3}},"line":58},"7":{"name":"useDateRangeParams","decl":{"start":{"line":68,"column":16},"end":{"line":68,"column":34}},"loc":{"start":{"line":68,"column":49},"end":{"line":84,"column":1}},"line":68},"8":{"name":"(anonymous_8)","decl":{"start":{"line":74,"column":24},"end":{"line":74,"column":25}},"loc":{"start":{"line":74,"column":31},"end":{"line":74,"column":45}},"line":74},"9":{"name":"(anonymous_9)","decl":{"start":{"line":76,"column":31},"end":{"line":76,"column":32}},"loc":{"start":{"line":76,"column":46},"end":{"line":81,"column":3}},"line":76}},"branchMap":{"0":{"loc":{"start":{"line":5,"column":2},"end":{"line":9,"column":3}},"type":"if","locations":[{"start":{"line":5,"column":2},"end":{"line":9,"column":3}},{"start":{},"end":{}}],"line":5},"1":{"loc":{"start":{"line":6,"column":35},"end":{"line":6,"column":44}},"type":"binary-expr","locations":[{"start":{"line":6,"column":35},"end":{"line":6,"column":38}},{"start":{"line":6,"column":42},"end":{"line":6,"column":44}}],"line":6},"2":{"loc":{"start":{"line":7,"column":21},"end":{"line":7,"column":40}},"type":"binary-expr","locations":[{"start":{"line":7,"column":21},"end":{"line":7,"column":35}},{"start":{"line":7,"column":39},"end":{"line":7,"column":40}}],"line":7},"3":{"loc":{"start":{"line":8,"column":11},"end":{"line":8,"column":68}},"type":"cond-expr","locations":[{"start":{"line":8,"column":51},"end":{"line":8,"column":57}},{"start":{"line":8,"column":60},"end":{"line":8,"column":68}}],"line":8},"4":{"loc":{"start":{"line":8,"column":11},"end":{"line":8,"column":48}},"type":"binary-expr","locations":[{"start":{"line":8,"column":11},"end":{"line":8,"column":34}},{"start":{"line":8,"column":38},"end":{"line":8,"column":48}}],"line":8},"5":{"loc":{"start":{"line":10,"column":9},"end":{"line":10,"column":36}},"type":"binary-expr","locations":[{"start":{"line":10,"column":9},"end":{"line":10,"column":12}},{"start":{"line":10,"column":16},"end":{"line":10,"column":30}},{"start":{"line":10,"column":34},"end":{"line":10,"column":36}}],"line":10},"6":{"loc":{"start":{"line":14,"column":23},"end":{"line":14,"column":76}},"type":"binary-expr","locations":[{"start":{"line":14,"column":23},"end":{"line":14,"column":37}},{"start":{"line":14,"column":42},"end":{"line":14,"column":75}}],"line":14},"7":{"loc":{"start":{"line":14,"column":42},"end":{"line":14,"column":75}},"type":"cond-expr","locations":[{"start":{"line":14,"column":69},"end":{"line":14,"column":70}},{"start":{"line":14,"column":73},"end":{"line":14,"column":75}}],"line":14},"8":{"loc":{"start":{"line":15,"column":9},"end":{"line":15,"column":88}},"type":"binary-expr","locations":[{"start":{"line":15,"column":9},"end":{"line":15,"column":23}},{"start":{"line":15,"column":27},"end":{"line":15,"column":46}},{"start":{"line":15,"column":50},"end":{"line":15,"column":62}},{"start":{"line":15,"column":66},"end":{"line":15,"column":88}}],"line":15},"9":{"loc":{"start":{"line":29,"column":20},"end":{"line":29,"column":39}},"type":"binary-expr","locations":[{"start":{"line":29,"column":20},"end":{"line":29,"column":32}},{"start":{"line":29,"column":36},"end":{"line":29,"column":39}}],"line":29},"10":{"loc":{"start":{"line":35,"column":45},"end":{"line":35,"column":68}},"type":"default-arg","locations":[{"start":{"line":35,"column":66},"end":{"line":35,"column":68}}],"line":35},"11":{"loc":{"start":{"line":35,"column":47},"end":{"line":35,"column":61}},"type":"default-arg","locations":[{"start":{"line":35,"column":59},"end":{"line":35,"column":61}}],"line":35},"12":{"loc":{"start":{"line":40,"column":22},"end":{"line":40,"column":47}},"type":"binary-expr","locations":[{"start":{"line":40,"column":22},"end":{"line":40,"column":40}},{"start":{"line":40,"column":44},"end":{"line":40,"column":47}}],"line":40},"13":{"loc":{"start":{"line":45,"column":23},"end":{"line":45,"column":40}},"type":"binary-expr","locations":[{"start":{"line":45,"column":23},"end":{"line":45,"column":34}},{"start":{"line":45,"column":38},"end":{"line":45,"column":40}}],"line":45},"14":{"loc":{"start":{"line":46,"column":22},"end":{"line":46,"column":41}},"type":"binary-expr","locations":[{"start":{"line":46,"column":22},"end":{"line":46,"column":34}},{"start":{"line":46,"column":38},"end":{"line":46,"column":41}}],"line":46},"15":{"loc":{"start":{"line":47,"column":8},"end":{"line":51,"column":9}},"type":"if","locations":[{"start":{"line":47,"column":8},"end":{"line":51,"column":9}},{"start":{"line":49,"column":15},"end":{"line":51,"column":9}}],"line":47}},"s":{"0":4,"1":2,"2":2,"3":2,"4":2,"5":1,"6":1,"7":2,"8":2,"9":2,"10":2,"11":4,"12":4,"13":2,"14":2,"15":1,"16":1,"17":1,"18":0,"19":0,"20":1,"21":1,"22":1,"23":1,"24":1,"25":0,"26":1,"27":2,"28":1,"29":2,"30":0,"31":0,"32":0,"33":0,"34":0,"35":0},"f":{"0":4,"1":1,"2":2,"3":2,"4":1,"5":1,"6":1,"7":0,"8":0,"9":0},"b":{"0":[2,2],"1":[2,1],"2":[2,0],"3":[1,1],"4":[2,1],"5":[2,0,0],"6":[1,0],"7":[0,0],"8":[1,1,1,1],"9":[4,2],"10":[1],"11":[1],"12":[0,0],"13":[1,0],"14":[1,1],"15":[1,0]},"_coverageSchema":"1a1c01bbd47fc00a2c39e90264f33305004495a9","hash":"6136f2130d235f4036c64e3f001b667429be2290"}
,"E:\\event_mgmt_v0\\frontend\\user\\src\\routes\\ProtectedRoute.jsx": {"path":"E:\\event_mgmt_v0\\frontend\\user\\src\\routes\\ProtectedRoute.jsx","statementMap":{"0":{"start":{"line":5,"column":30},"end":{"line":5,"column":39}},"1":{"start":{"line":6,"column":19},"end":{"line":6,"column":32}},"2":{"start":{"line":8,"column":2},"end":{"line":10,"column":3}},"3":{"start":{"line":9,"column":4},"end":{"line":9,"column":81}},"4":{"start":{"line":12,"column":2},"end":{"line":12,"column":18}}},"fnMap":{"0":{"name":"ProtectedRoute","decl":{"start":{"line":4,"column":24},"end":{"line":4,"column":38}},"loc":{"start":{"line":4,"column":53},"end":{"line":13,"column":1}},"line":4}},"branchMap":{"0":{"loc":{"start":{"line":8,"column":2},"end":{"line":10,"column":3}},"type":"if","locations":[{"start":{"line":8,"column":2},"end":{"line":10,"column":3}},{"start":{},"end":{}}],"line":8}},"s":{"0":1,"1":1,"2":1,"3":1,"4":0},"f":{"0":1},"b":{"0":[1,0]},"_coverageSchema":"1a1c01bbd47fc00a2c39e90264f33305004495a9","hash":"5eb4e3234ebabfca9c9a5fe250f06d6f66763354"}
,"E:\\event_mgmt_v0\\frontend\\user\\src\\test\\test-utils.jsx": {"path":"E:\\event_mgmt_v0\\frontend\\user\\src\\test\\test-utils.jsx","statementMap":{"0":{"start":{"line":8,"column":2},"end":{"line":8,"column":105}},"1":{"start":{"line":12,"column":2},"end":{"line":23,"column":4}}},"fnMap":{"0":{"name":"createTestQueryClient","decl":{"start":{"line":7,"column":16},"end":{"line":7,"column":37}},"loc":{"start":{"line":7,"column":40},"end":{"line":9,"column":1}},"line":7},"1":{"name":"renderWithProviders","decl":{"start":{"line":11,"column":16},"end":{"line":11,"column":35}},"loc":{"start":{"line":11,"column":101},"end":{"line":24,"column":1}},"line":11}},"branchMap":{"0":{"loc":{"start":{"line":11,"column":40},"end":{"line":11,"column":99}},"type":"default-arg","locations":[{"start":{"line":11,"column":97},"end":{"line":11,"column":99}}],"line":11},"1":{"loc":{"start":{"line":11,"column":42},"end":{"line":11,"column":53}},"type":"default-arg","locations":[{"start":{"line":11,"column":50},"end":{"line":11,"column":53}}],"line":11},"2":{"loc":{"start":{"line":11,"column":55},"end":{"line":11,"column":92}},"type":"default-arg","locations":[{"start":{"line":11,"column":69},"end":{"line":11,"column":92}}],"line":11}},"s":{"0":2,"1":2},"f":{"0":2,"1":2},"b":{"0":[1],"1":[1],"2":[2]},"_coverageSchema":"1a1c01bbd47fc00a2c39e90264f33305004495a9","hash":"0ded304199fa49f47a59809f5c3e4a85f31ac419"}
}
