{"E:\\event_mgmt_v0\\frontend\\user\\src\\api\\authSession.ts": {"path":"E:\\event_mgmt_v0\\frontend\\user\\src\\api\\authSession.ts","statementMap":{"0":{"start":{"line":1,"column":18},"end":{"line":1,"column":57}},"1":{"start":{"line":2,"column":18},"end":{"line":2,"column":59}},"2":{"start":{"line":4,"column":30},"end":{"line":4,"column":47}},"3":{"start":{"line":4,"column":36},"end":{"line":4,"column":47}},"4":{"start":{"line":7,"column":2},"end":{"line":7,"column":22}},"5":{"start":{"line":8,"column":2},"end":{"line":9,"column":50}},"6":{"start":{"line":8,"column":13},"end":{"line":8,"column":60}},"7":{"start":{"line":9,"column":7},"end":{"line":9,"column":50}},"8":{"start":{"line":10,"column":2},"end":{"line":10,"column":57}},"9":{"start":{"line":10,"column":34},"end":{"line":10,"column":55}},"10":{"start":{"line":13,"column":32},"end":{"line":13,"column":58}},"11":{"start":{"line":13,"column":38},"end":{"line":13,"column":58}},"12":{"start":{"line":16,"column":2},"end":{"line":16,"column":26}},"13":{"start":{"line":17,"column":2},"end":{"line":19,"column":4}},"14":{"start":{"line":18,"column":4},"end":{"line":18,"column":31}}},"fnMap":{"0":{"name":"(anonymous_0)","decl":{"start":{"line":4,"column":30},"end":{"line":4,"column":31}},"loc":{"start":{"line":4,"column":36},"end":{"line":4,"column":47}},"line":4},"1":{"name":"setAccessToken","decl":{"start":{"line":6,"column":16},"end":{"line":6,"column":30}},"loc":{"start":{"line":6,"column":53},"end":{"line":11,"column":1}},"line":6},"2":{"name":"(anonymous_2)","decl":{"start":{"line":10,"column":20},"end":{"line":10,"column":21}},"loc":{"start":{"line":10,"column":34},"end":{"line":10,"column":55}},"line":10},"3":{"name":"(anonymous_3)","decl":{"start":{"line":13,"column":32},"end":{"line":13,"column":33}},"loc":{"start":{"line":13,"column":38},"end":{"line":13,"column":58}},"line":13},"4":{"name":"subscribeToAccessToken","decl":{"start":{"line":15,"column":16},"end":{"line":15,"column":38}},"loc":{"start":{"line":15,"column":81},"end":{"line":20,"column":1}},"line":15},"5":{"name":"(anonymous_5)","decl":{"start":{"line":17,"column":9},"end":{"line":17,"column":10}},"loc":{"start":{"line":17,"column":15},"end":{"line":19,"column":3}},"line":17}},"branchMap":{"0":{"loc":{"start":{"line":8,"column":2},"end":{"line":9,"column":50}},"type":"if","locations":[{"start":{"line":8,"column":2},"end":{"line":9,"column":50}},{"start":{"line":9,"column":7},"end":{"line":9,"column":50}}],"line":8}},"s":{"0":14,"1":14,"2":14,"3":0,"4":5,"5":5,"6":3,"7":2,"8":5,"9":3,"10":14,"11":2,"12":35,"13":35,"14":35},"f":{"0":0,"1":5,"2":3,"3":2,"4":35,"5":35},"b":{"0":[3,2]},"_coverageSchema":"1a1c01bbd47fc00a2c39e90264f33305004495a9","hash":"e311321655f695ef11bd9eabf54e537ec2030a9a"}
,"E:\\event_mgmt_v0\\frontend\\user\\src\\api\\organizerAxios.ts": {"path":"E:\\event_mgmt_v0\\frontend\\user\\src\\api\\organizerAxios.ts","statementMap":{"0":{"start":{"line":6,"column":12},"end":{"line":10,"column":2}},"1":{"start":{"line":12,"column":0},"end":{"line":18,"column":3}},"2":{"start":{"line":13,"column":16},"end":{"line":13,"column":32}},"3":{"start":{"line":14,"column":2},"end":{"line":16,"column":3}},"4":{"start":{"line":15,"column":4},"end":{"line":15,"column":53}},"5":{"start":{"line":17,"column":2},"end":{"line":17,"column":16}},"6":{"start":{"line":20,"column":45},"end":{"line":20,"column":49}},"7":{"start":{"line":23,"column":2},"end":{"line":37,"column":3}},"8":{"start":{"line":24,"column":4},"end":{"line":36,"column":7}},"9":{"start":{"line":32,"column":6},"end":{"line":32,"column":49}},"10":{"start":{"line":33,"column":6},"end":{"line":33,"column":40}},"11":{"start":{"line":35,"column":6},"end":{"line":35,"column":28}},"12":{"start":{"line":38,"column":2},"end":{"line":38,"column":24}},"13":{"start":{"line":41,"column":0},"end":{"line":68,"column":2}},"14":{"start":{"line":42,"column":16},"end":{"line":42,"column":24}},"15":{"start":{"line":44,"column":4},"end":{"line":44,"column":77}},"16":{"start":{"line":44,"column":36},"end":{"line":44,"column":77}},"17":{"start":{"line":45,"column":28},"end":{"line":45,"column":82}},"18":{"start":{"line":46,"column":4},"end":{"line":57,"column":5}},"19":{"start":{"line":47,"column":6},"end":{"line":47,"column":36}},"20":{"start":{"line":48,"column":6},"end":{"line":56,"column":7}},"21":{"start":{"line":49,"column":22},"end":{"line":49,"column":48}},"22":{"start":{"line":50,"column":8},"end":{"line":50,"column":66}},"23":{"start":{"line":51,"column":8},"end":{"line":51,"column":36}},"24":{"start":{"line":53,"column":8},"end":{"line":53,"column":27}},"25":{"start":{"line":54,"column":8},"end":{"line":54,"column":105}},"26":{"start":{"line":54,"column":63},"end":{"line":54,"column":105}},"27":{"start":{"line":55,"column":8},"end":{"line":55,"column":49}},"28":{"start":{"line":58,"column":4},"end":{"line":65,"column":5}},"29":{"start":{"line":59,"column":6},"end":{"line":59,"column":25}},"30":{"start":{"line":60,"column":6},"end":{"line":64,"column":7}},"31":{"start":{"line":63,"column":8},"end":{"line":63,"column":50}},"32":{"start":{"line":66,"column":4},"end":{"line":66,"column":45}}},"fnMap":{"0":{"name":"(anonymous_0)","decl":{"start":{"line":12,"column":29},"end":{"line":12,"column":30}},"loc":{"start":{"line":12,"column":41},"end":{"line":18,"column":1}},"line":12},"1":{"name":"refreshAccessToken","decl":{"start":{"line":22,"column":9},"end":{"line":22,"column":27}},"loc":{"start":{"line":22,"column":47},"end":{"line":39,"column":1}},"line":22},"2":{"name":"(anonymous_2)","decl":{"start":{"line":31,"column":11},"end":{"line":31,"column":12}},"loc":{"start":{"line":31,"column":25},"end":{"line":34,"column":5}},"line":31},"3":{"name":"(anonymous_3)","decl":{"start":{"line":34,"column":15},"end":{"line":34,"column":16}},"loc":{"start":{"line":34,"column":21},"end":{"line":36,"column":5}},"line":34},"4":{"name":"(anonymous_4)","decl":{"start":{"line":42,"column":2},"end":{"line":42,"column":3}},"loc":{"start":{"line":42,"column":16},"end":{"line":42,"column":24}},"line":42},"5":{"name":"(anonymous_5)","decl":{"start":{"line":43,"column":2},"end":{"line":43,"column":3}},"loc":{"start":{"line":43,"column":28},"end":{"line":67,"column":3}},"line":43}},"branchMap":{"0":{"loc":{"start":{"line":14,"column":2},"end":{"line":16,"column":3}},"type":"if","locations":[{"start":{"line":14,"column":2},"end":{"line":16,"column":3}},{"start":{},"end":{}}],"line":14},"1":{"loc":{"start":{"line":23,"column":2},"end":{"line":37,"column":3}},"type":"if","locations":[{"start":{"line":23,"column":2},"end":{"line":37,"column":3}},{"start":{},"end":{}}],"line":23},"2":{"loc":{"start":{"line":44,"column":4},"end":{"line":44,"column":77}},"type":"if","locations":[{"start":{"line":44,"column":4},"end":{"line":44,"column":77}},{"start":{},"end":{}}],"line":44},"3":{"loc":{"start":{"line":46,"column":4},"end":{"line":57,"column":5}},"type":"if","locations":[{"start":{"line":46,"column":4},"end":{"line":57,"column":5}},{"start":{},"end":{}}],"line":46},"4":{"loc":{"start":{"line":46,"column":8},"end":{"line":46,"column":84}},"type":"binary-expr","locations":[{"start":{"line":46,"column":8},"end":{"line":46,"column":38}},{"start":{"line":46,"column":42},"end":{"line":46,"column":57}},{"start":{"line":46,"column":61},"end":{"line":46,"column":84}}],"line":46},"5":{"loc":{"start":{"line":54,"column":8},"end":{"line":54,"column":105}},"type":"if","locations":[{"start":{"line":54,"column":8},"end":{"line":54,"column":105}},{"start":{},"end":{}}],"line":54},"6":{"loc":{"start":{"line":58,"column":4},"end":{"line":65,"column":5}},"type":"if","locations":[{"start":{"line":58,"column":4},"end":{"line":65,"column":5}},{"start":{},"end":{}}],"line":58},"7":{"loc":{"start":{"line":60,"column":6},"end":{"line":64,"column":7}},"type":"if","locations":[{"start":{"line":60,"column":6},"end":{"line":64,"column":7}},{"start":{},"end":{}}],"line":60},"8":{"loc":{"start":{"line":60,"column":10},"end":{"line":62,"column":56}},"type":"binary-expr","locations":[{"start":{"line":60,"column":10},"end":{"line":60,"column":59}},{"start":{"line":61,"column":11},"end":{"line":61,"column":55}},{"start":{"line":62,"column":11},"end":{"line":62,"column":56}}],"line":60}},"s":{"0":1,"1":1,"2":0,"3":0,"4":0,"5":0,"6":1,"7":3,"8":2,"9":1,"10":1,"11":2,"12":3,"13":1,"14":0,"15":4,"16":0,"17":4,"18":4,"19":3,"20":3,"21":3,"22":2,"23":2,"24":1,"25":1,"26":0,"27":1,"28":1,"29":0,"30":0,"31":0,"32":1},"f":{"0":0,"1":3,"2":1,"3":2,"4":0,"5":4},"b":{"0":[0,0],"1":[2,1],"2":[0,4],"3":[3,1],"4":[4,3,3],"5":[0,1],"6":[0,1],"7":[0,0],"8":[0,0,0]},"_coverageSchema":"1a1c01bbd47fc00a2c39e90264f33305004495a9","hash":"022ca809346acac0d4793cec0b582fd7a3ec2bec"}
,"E:\\event_mgmt_v0\\frontend\\user\\src\\components\\common\\Button.tsx": {"path":"E:\\event_mgmt_v0\\frontend\\user\\src\\components\\common\\Button.tsx","statementMap":{"0":{"start":{"line":4,"column":17},"end":{"line":10,"column":1}},"1":{"start":{"line":12,"column":14},"end":{"line":16,"column":1}},"2":{"start":{"line":34,"column":2},"end":{"line":50,"column":4}}},"fnMap":{"0":{"name":"Button","decl":{"start":{"line":25,"column":24},"end":{"line":25,"column":30}},"loc":{"start":{"line":33,"column":16},"end":{"line":51,"column":1}},"line":33}},"branchMap":{"0":{"loc":{"start":{"line":27,"column":2},"end":{"line":27,"column":21}},"type":"default-arg","locations":[{"start":{"line":27,"column":12},"end":{"line":27,"column":21}}],"line":27},"1":{"loc":{"start":{"line":28,"column":2},"end":{"line":28,"column":13}},"type":"default-arg","locations":[{"start":{"line":28,"column":9},"end":{"line":28,"column":13}}],"line":28},"2":{"loc":{"start":{"line":30,"column":2},"end":{"line":30,"column":17}},"type":"default-arg","locations":[{"start":{"line":30,"column":12},"end":{"line":30,"column":17}}],"line":30},"3":{"loc":{"start":{"line":42,"column":16},"end":{"line":42,"column":35}},"type":"binary-expr","locations":[{"start":{"line":42,"column":16},"end":{"line":42,"column":24}},{"start":{"line":42,"column":28},"end":{"line":42,"column":35}}],"line":42},"4":{"loc":{"start":{"line":45,"column":7},"end":{"line":47,"column":7}},"type":"binary-expr","locations":[{"start":{"line":45,"column":7},"end":{"line":45,"column":14}},{"start":{"line":46,"column":8},"end":{"line":46,"column":107}}],"line":45}},"s":{"0":10,"1":10,"2":164},"f":{"0":164},"b":{"0":[107],"1":[61],"2":[53],"3":[164,164],"4":[164,0]},"_coverageSchema":"1a1c01bbd47fc00a2c39e90264f33305004495a9","hash":"f00df20ec0cf97aed80ba22e072098540446d892"}
,"E:\\event_mgmt_v0\\frontend\\user\\src\\components\\common\\Container.tsx": {"path":"E:\\event_mgmt_v0\\frontend\\user\\src\\components\\common\\Container.tsx","statementMap":{"0":{"start":{"line":11,"column":2},"end":{"line":15,"column":4}}},"fnMap":{"0":{"name":"Container","decl":{"start":{"line":10,"column":24},"end":{"line":10,"column":33}},"loc":{"start":{"line":10,"column":92},"end":{"line":16,"column":1}},"line":10}},"branchMap":{"0":{"loc":{"start":{"line":10,"column":61},"end":{"line":10,"column":72}},"type":"default-arg","locations":[{"start":{"line":10,"column":67},"end":{"line":10,"column":72}}],"line":10}},"s":{"0":101},"f":{"0":101},"b":{"0":[101]},"_coverageSchema":"1a1c01bbd47fc00a2c39e90264f33305004495a9","hash":"723419b11d2f34d4d36e7e8b22ba773d48ca2e85"}
,"E:\\event_mgmt_v0\\frontend\\user\\src\\components\\common\\EmptyState.tsx": {"path":"E:\\event_mgmt_v0\\frontend\\user\\src\\components\\common\\EmptyState.tsx","statementMap":{"0":{"start":{"line":11,"column":2},"end":{"line":22,"column":4}}},"fnMap":{"0":{"name":"EmptyState","decl":{"start":{"line":10,"column":24},"end":{"line":10,"column":34}},"loc":{"start":{"line":10,"column":96},"end":{"line":23,"column":1}},"line":10}},"branchMap":{"0":{"loc":{"start":{"line":13,"column":7},"end":{"line":17,"column":7}},"type":"binary-expr","locations":[{"start":{"line":13,"column":7},"end":{"line":13,"column":11}},{"start":{"line":14,"column":8},"end":{"line":16,"column":14}}],"line":13},"1":{"loc":{"start":{"line":19,"column":7},"end":{"line":19,"column":87}},"type":"binary-expr","locations":[{"start":{"line":19,"column":7},"end":{"line":19,"column":18}},{"start":{"line":19,"column":22},"end":{"line":19,"column":87}}],"line":19},"2":{"loc":{"start":{"line":20,"column":7},"end":{"line":20,"column":53}},"type":"binary-expr","locations":[{"start":{"line":20,"column":7},"end":{"line":20,"column":13}},{"start":{"line":20,"column":17},"end":{"line":20,"column":53}}],"line":20}},"s":{"0":1},"f":{"0":1},"b":{"0":[1,1],"1":[1,1],"2":[1,0]},"_coverageSchema":"1a1c01bbd47fc00a2c39e90264f33305004495a9","hash":"4fec082210a2f467831aecefaaaa7442e03e55f9"}
,"E:\\event_mgmt_v0\\frontend\\user\\src\\components\\common\\Input.tsx": {"path":"E:\\event_mgmt_v0\\frontend\\user\\src\\components\\common\\Input.tsx","statementMap":{"0":{"start":{"line":20,"column":2},"end":{"line":20,"column":26}},"1":{"start":{"line":20,"column":14},"end":{"line":20,"column":26}},"2":{"start":{"line":21,"column":2},"end":{"line":26,"column":4}},"3":{"start":{"line":30,"column":18},"end":{"line":30,"column":34}},"4":{"start":{"line":32,"column":2},"end":{"line":46,"column":4}},"5":{"start":{"line":50,"column":19},"end":{"line":50,"column":35}},"6":{"start":{"line":51,"column":2},"end":{"line":67,"column":4}},"7":{"start":{"line":71,"column":21},"end":{"line":71,"column":37}},"8":{"start":{"line":72,"column":2},"end":{"line":86,"column":4}}},"fnMap":{"0":{"name":"FieldLabel","decl":{"start":{"line":19,"column":16},"end":{"line":19,"column":26}},"loc":{"start":{"line":19,"column":85},"end":{"line":27,"column":1}},"line":19},"1":{"name":"Input","decl":{"start":{"line":29,"column":24},"end":{"line":29,"column":29}},"loc":{"start":{"line":29,"column":159},"end":{"line":47,"column":1}},"line":29},"2":{"name":"Select","decl":{"start":{"line":49,"column":16},"end":{"line":49,"column":22}},"loc":{"start":{"line":49,"column":191},"end":{"line":68,"column":1}},"line":49},"3":{"name":"Textarea","decl":{"start":{"line":70,"column":16},"end":{"line":70,"column":24}},"loc":{"start":{"line":70,"column":160},"end":{"line":87,"column":1}},"line":70}},"branchMap":{"0":{"loc":{"start":{"line":20,"column":2},"end":{"line":20,"column":26}},"type":"if","locations":[{"start":{"line":20,"column":2},"end":{"line":20,"column":26}},{"start":{},"end":{}}],"line":20},"1":{"loc":{"start":{"line":24,"column":7},"end":{"line":24,"column":77}},"type":"binary-expr","locations":[{"start":{"line":24,"column":7},"end":{"line":24,"column":15}},{"start":{"line":24,"column":19},"end":{"line":24,"column":77}}],"line":24},"2":{"loc":{"start":{"line":30,"column":18},"end":{"line":30,"column":34}},"type":"binary-expr","locations":[{"start":{"line":30,"column":18},"end":{"line":30,"column":20}},{"start":{"line":30,"column":24},"end":{"line":30,"column":34}}],"line":30},"3":{"loc":{"start":{"line":39,"column":10},"end":{"line":39,"column":75}},"type":"binary-expr","locations":[{"start":{"line":39,"column":10},"end":{"line":39,"column":15}},{"start":{"line":39,"column":19},"end":{"line":39,"column":75}}],"line":39},"4":{"loc":{"start":{"line":44,"column":7},"end":{"line":44,"column":62}},"type":"binary-expr","locations":[{"start":{"line":44,"column":7},"end":{"line":44,"column":12}},{"start":{"line":44,"column":16},"end":{"line":44,"column":62}}],"line":44},"5":{"loc":{"start":{"line":50,"column":19},"end":{"line":50,"column":35}},"type":"binary-expr","locations":[{"start":{"line":50,"column":19},"end":{"line":50,"column":21}},{"start":{"line":50,"column":25},"end":{"line":50,"column":35}}],"line":50},"6":{"loc":{"start":{"line":58,"column":10},"end":{"line":58,"column":34}},"type":"binary-expr","locations":[{"start":{"line":58,"column":10},"end":{"line":58,"column":15}},{"start":{"line":58,"column":19},"end":{"line":58,"column":34}}],"line":58},"7":{"loc":{"start":{"line":65,"column":7},"end":{"line":65,"column":62}},"type":"binary-expr","locations":[{"start":{"line":65,"column":7},"end":{"line":65,"column":12}},{"start":{"line":65,"column":16},"end":{"line":65,"column":62}}],"line":65},"8":{"loc":{"start":{"line":71,"column":21},"end":{"line":71,"column":37}},"type":"binary-expr","locations":[{"start":{"line":71,"column":21},"end":{"line":71,"column":23}},{"start":{"line":71,"column":27},"end":{"line":71,"column":37}}],"line":71},"9":{"loc":{"start":{"line":79,"column":10},"end":{"line":79,"column":34}},"type":"binary-expr","locations":[{"start":{"line":79,"column":10},"end":{"line":79,"column":15}},{"start":{"line":79,"column":19},"end":{"line":79,"column":34}}],"line":79},"10":{"loc":{"start":{"line":84,"column":7},"end":{"line":84,"column":62}},"type":"binary-expr","locations":[{"start":{"line":84,"column":7},"end":{"line":84,"column":12}},{"start":{"line":84,"column":16},"end":{"line":84,"column":62}}],"line":84}},"s":{"0":333,"1":17,"2":316,"3":333,"4":333,"5":0,"6":0,"7":0,"8":0},"f":{"0":333,"1":333,"2":0,"3":0},"b":{"0":[17,316],"1":[316,243],"2":[333,333],"3":[333,8],"4":[333,8],"5":[0,0],"6":[0,0],"7":[0,0],"8":[0,0],"9":[0,0],"10":[0,0]},"_coverageSchema":"1a1c01bbd47fc00a2c39e90264f33305004495a9","hash":"954de7928ee87e4934015a2dbc77248edbbe269e"}
,"E:\\event_mgmt_v0\\frontend\\user\\src\\components\\common\\Loader.tsx": {"path":"E:\\event_mgmt_v0\\frontend\\user\\src\\components\\common\\Loader.tsx","statementMap":{"0":{"start":{"line":4,"column":2},"end":{"line":9,"column":4}}},"fnMap":{"0":{"name":"Loader","decl":{"start":{"line":3,"column":24},"end":{"line":3,"column":30}},"loc":{"start":{"line":3,"column":59},"end":{"line":10,"column":1}},"line":3}},"branchMap":{"0":{"loc":{"start":{"line":3,"column":33},"end":{"line":3,"column":55}},"type":"default-arg","locations":[{"start":{"line":3,"column":43},"end":{"line":3,"column":55}}],"line":3}},"s":{"0":28},"f":{"0":28},"b":{"0":[0]},"_coverageSchema":"1a1c01bbd47fc00a2c39e90264f33305004495a9","hash":"b4e979da4419d57b20d2e37f44a44c45db835d21"}
,"E:\\event_mgmt_v0\\frontend\\user\\src\\components\\common\\ServerUnavailable.tsx": {"path":"E:\\event_mgmt_v0\\frontend\\user\\src\\components\\common\\ServerUnavailable.tsx","statementMap":{"0":{"start":{"line":2,"column":2},"end":{"line":12,"column":4}}},"fnMap":{"0":{"name":"ServerUnavailable","decl":{"start":{"line":1,"column":24},"end":{"line":1,"column":41}},"loc":{"start":{"line":1,"column":97},"end":{"line":13,"column":1}},"line":1}},"branchMap":{"0":{"loc":{"start":{"line":6,"column":7},"end":{"line":10,"column":7}},"type":"binary-expr","locations":[{"start":{"line":6,"column":7},"end":{"line":6,"column":14}},{"start":{"line":7,"column":8},"end":{"line":9,"column":17}}],"line":6}},"s":{"0":1},"f":{"0":1},"b":{"0":[1,1]},"_coverageSchema":"1a1c01bbd47fc00a2c39e90264f33305004495a9","hash":"fcd9681e1eda995a4d48b26a48583af2555f570c"}
,"E:\\event_mgmt_v0\\frontend\\user\\src\\components\\event\\EventCard.tsx": {"path":"E:\\event_mgmt_v0\\frontend\\user\\src\\components\\event\\EventCard.tsx","statementMap":{"0":{"start":{"line":9,"column":23},"end":{"line":13,"column":1}},"1":{"start":{"line":16,"column":17},"end":{"line":16,"column":34}},"2":{"start":{"line":17,"column":2},"end":{"line":26,"column":4}},"3":{"start":{"line":30,"column":17},"end":{"line":30,"column":66}},"4":{"start":{"line":31,"column":19},"end":{"line":31,"column":77}},"5":{"start":{"line":32,"column":19},"end":{"line":34,"column":73}},"6":{"start":{"line":36,"column":2},"end":{"line":117,"column":4}}},"fnMap":{"0":{"name":"RegistrationBadge","decl":{"start":{"line":15,"column":9},"end":{"line":15,"column":26}},"loc":{"start":{"line":15,"column":82},"end":{"line":27,"column":1}},"line":15},"1":{"name":"EventCard","decl":{"start":{"line":29,"column":24},"end":{"line":29,"column":33}},"loc":{"start":{"line":29,"column":101},"end":{"line":118,"column":1}},"line":29}},"branchMap":{"0":{"loc":{"start":{"line":21,"column":8},"end":{"line":21,"column":80}},"type":"cond-expr","locations":[{"start":{"line":21,"column":17},"end":{"line":21,"column":50}},{"start":{"line":21,"column":53},"end":{"line":21,"column":80}}],"line":21},"1":{"loc":{"start":{"line":24,"column":7},"end":{"line":24,"column":33}},"type":"cond-expr","locations":[{"start":{"line":24,"column":16},"end":{"line":24,"column":22}},{"start":{"line":24,"column":25},"end":{"line":24,"column":33}}],"line":24},"2":{"loc":{"start":{"line":29,"column":43},"end":{"line":29,"column":59}},"type":"default-arg","locations":[{"start":{"line":29,"column":54},"end":{"line":29,"column":59}}],"line":29},"3":{"loc":{"start":{"line":30,"column":17},"end":{"line":30,"column":66}},"type":"binary-expr","locations":[{"start":{"line":30,"column":17},"end":{"line":30,"column":30}},{"start":{"line":30,"column":34},"end":{"line":30,"column":66}}],"line":30},"4":{"loc":{"start":{"line":31,"column":19},"end":{"line":31,"column":77}},"type":"binary-expr","locations":[{"start":{"line":31,"column":19},"end":{"line":31,"column":51}},{"start":{"line":31,"column":55},"end":{"line":31,"column":77}}],"line":31},"5":{"loc":{"start":{"line":32,"column":19},"end":{"line":34,"column":73}},"type":"cond-expr","locations":[{"start":{"line":33,"column":6},"end":{"line":33,"column":20}},{"start":{"line":34,"column":6},"end":{"line":34,"column":73}}],"line":32},"6":{"loc":{"start":{"line":34,"column":6},"end":{"line":34,"column":73}},"type":"binary-expr","locations":[{"start":{"line":34,"column":6},"end":{"line":34,"column":58}},{"start":{"line":34,"column":62},"end":{"line":34,"column":73}}],"line":34},"7":{"loc":{"start":{"line":40,"column":8},"end":{"line":40,"column":57}},"type":"binary-expr","locations":[{"start":{"line":40,"column":8},"end":{"line":40,"column":16}},{"start":{"line":40,"column":20},"end":{"line":40,"column":57}}],"line":40},"8":{"loc":{"start":{"line":45,"column":15},"end":{"line":45,"column":59}},"type":"binary-expr","locations":[{"start":{"line":45,"column":15},"end":{"line":45,"column":31}},{"start":{"line":45,"column":35},"end":{"line":45,"column":59}}],"line":45},"9":{"loc":{"start":{"line":67,"column":11},"end":{"line":67,"column":40}},"type":"binary-expr","locations":[{"start":{"line":67,"column":11},"end":{"line":67,"column":28}},{"start":{"line":67,"column":32},"end":{"line":67,"column":40}}],"line":67},"10":{"loc":{"start":{"line":81,"column":11},"end":{"line":86,"column":11}},"type":"binary-expr","locations":[{"start":{"line":81,"column":11},"end":{"line":81,"column":31}},{"start":{"line":82,"column":12},"end":{"line":85,"column":18}}],"line":81},"11":{"loc":{"start":{"line":95,"column":53},"end":{"line":95,"column":94}},"type":"cond-expr","locations":[{"start":{"line":95,"column":62},"end":{"line":95,"column":76}},{"start":{"line":95,"column":79},"end":{"line":95,"column":94}}],"line":95},"12":{"loc":{"start":{"line":96,"column":15},"end":{"line":96,"column":67}},"type":"cond-expr","locations":[{"start":{"line":96,"column":24},"end":{"line":96,"column":30}},{"start":{"line":96,"column":33},"end":{"line":96,"column":67}}],"line":96},"13":{"loc":{"start":{"line":98,"column":13},"end":{"line":100,"column":13}},"type":"binary-expr","locations":[{"start":{"line":98,"column":13},"end":{"line":98,"column":20}},{"start":{"line":99,"column":14},"end":{"line":99,"column":69}}],"line":98}},"s":{"0":1,"1":6,"2":6,"3":6,"4":6,"5":6,"6":6},"f":{"0":6,"1":6},"b":{"0":[6,0],"1":[6,0],"2":[4],"3":[6,6],"4":[6,0],"5":[0,6],"6":[6,0],"7":[6,2],"8":[6,0],"9":[6,0],"10":[6,6],"11":[0,6],"12":[0,6],"13":[6,6]},"_coverageSchema":"1a1c01bbd47fc00a2c39e90264f33305004495a9","hash":"d0d3b1f152612751758221e0c24d6e5f30466c27"}
,"E:\\event_mgmt_v0\\frontend\\user\\src\\components\\event\\EventCardSkeleton.tsx": {"path":"E:\\event_mgmt_v0\\frontend\\user\\src\\components\\event\\EventCardSkeleton.tsx","statementMap":{"0":{"start":{"line":2,"column":2},"end":{"line":15,"column":4}},"1":{"start":{"line":19,"column":2},"end":{"line":25,"column":4}},"2":{"start":{"line":22,"column":8},"end":{"line":22,"column":37}}},"fnMap":{"0":{"name":"EventCardSkeleton","decl":{"start":{"line":1,"column":24},"end":{"line":1,"column":41}},"loc":{"start":{"line":1,"column":44},"end":{"line":16,"column":1}},"line":1},"1":{"name":"EventGridSkeleton","decl":{"start":{"line":18,"column":16},"end":{"line":18,"column":33}},"loc":{"start":{"line":18,"column":49},"end":{"line":26,"column":1}},"line":18},"2":{"name":"(anonymous_2)","decl":{"start":{"line":21,"column":37},"end":{"line":21,"column":38}},"loc":{"start":{"line":22,"column":8},"end":{"line":22,"column":37}},"line":22}},"branchMap":{"0":{"loc":{"start":{"line":18,"column":36},"end":{"line":18,"column":45}},"type":"default-arg","locations":[{"start":{"line":18,"column":44},"end":{"line":18,"column":45}}],"line":18}},"s":{"0":30,"1":5,"2":30},"f":{"0":30,"1":5,"2":30},"b":{"0":[0]},"_coverageSchema":"1a1c01bbd47fc00a2c39e90264f33305004495a9","hash":"8f21590e3ddceeef8fa3c2995556955407130466"}
,"E:\\event_mgmt_v0\\frontend\\user\\src\\components\\event\\EventGrid.tsx": {"path":"E:\\event_mgmt_v0\\frontend\\user\\src\\components\\event\\EventGrid.tsx","statementMap":{"0":{"start":{"line":14,"column":2},"end":{"line":33,"column":3}},"1":{"start":{"line":15,"column":4},"end":{"line":32,"column":6}},"2":{"start":{"line":35,"column":2},"end":{"line":47,"column":4}},"3":{"start":{"line":38,"column":8},"end":{"line":44,"column":14}}},"fnMap":{"0":{"name":"EventGrid","decl":{"start":{"line":13,"column":24},"end":{"line":13,"column":33}},"loc":{"start":{"line":13,"column":90},"end":{"line":48,"column":1}},"line":13},"1":{"name":"(anonymous_1)","decl":{"start":{"line":37,"column":18},"end":{"line":37,"column":19}},"loc":{"start":{"line":38,"column":8},"end":{"line":44,"column":14}},"line":38}},"branchMap":{"0":{"loc":{"start":{"line":14,"column":2},"end":{"line":33,"column":3}},"type":"if","locations":[{"start":{"line":14,"column":2},"end":{"line":33,"column":3}},{"start":{},"end":{}}],"line":14},"1":{"loc":{"start":{"line":18,"column":15},"end":{"line":18,"column":85}},"type":"cond-expr","locations":[{"start":{"line":18,"column":28},"end":{"line":18,"column":57}},{"start":{"line":18,"column":60},"end":{"line":18,"column":85}}],"line":18},"2":{"loc":{"start":{"line":20,"column":10},"end":{"line":22,"column":99}},"type":"cond-expr","locations":[{"start":{"line":21,"column":14},"end":{"line":21,"column":83}},{"start":{"line":22,"column":14},"end":{"line":22,"column":99}}],"line":20},"3":{"loc":{"start":{"line":25,"column":10},"end":{"line":29,"column":18}},"type":"cond-expr","locations":[{"start":{"line":26,"column":12},"end":{"line":28,"column":21}},{"start":{"line":29,"column":14},"end":{"line":29,"column":18}}],"line":25},"4":{"loc":{"start":{"line":25,"column":10},"end":{"line":25,"column":38}},"type":"binary-expr","locations":[{"start":{"line":25,"column":10},"end":{"line":25,"column":20}},{"start":{"line":25,"column":24},"end":{"line":25,"column":38}}],"line":25}},"s":{"0":4,"1":0,"2":4,"3":4},"f":{"0":4,"1":4},"b":{"0":[0,4],"1":[0,0],"2":[0,0],"3":[0,0],"4":[0,0]},"_coverageSchema":"1a1c01bbd47fc00a2c39e90264f33305004495a9","hash":"f3fced483cf7e6cdf7819cd21cceed203c9df481"}
,"E:\\event_mgmt_v0\\frontend\\user\\src\\components\\event\\EventInfo.tsx": {"path":"E:\\event_mgmt_v0\\frontend\\user\\src\\components\\event\\EventInfo.tsx","statementMap":{"0":{"start":{"line":7,"column":17},"end":{"line":7,"column":66}},"1":{"start":{"line":9,"column":2},"end":{"line":71,"column":4}},"2":{"start":{"line":31,"column":14},"end":{"line":31,"column":119}},"3":{"start":{"line":42,"column":14},"end":{"line":42,"column":105}},"4":{"start":{"line":79,"column":2},"end":{"line":89,"column":4}}},"fnMap":{"0":{"name":"EventInfo","decl":{"start":{"line":6,"column":24},"end":{"line":6,"column":33}},"loc":{"start":{"line":6,"column":63},"end":{"line":72,"column":1}},"line":6},"1":{"name":"(anonymous_1)","decl":{"start":{"line":30,"column":30},"end":{"line":30,"column":31}},"loc":{"start":{"line":31,"column":14},"end":{"line":31,"column":119}},"line":31},"2":{"name":"(anonymous_2)","decl":{"start":{"line":41,"column":30},"end":{"line":41,"column":31}},"loc":{"start":{"line":42,"column":14},"end":{"line":42,"column":105}},"line":42},"3":{"name":"InfoRow","decl":{"start":{"line":74,"column":9},"end":{"line":74,"column":16}},"loc":{"start":{"line":78,"column":3},"end":{"line":90,"column":1}},"line":78}},"branchMap":{"0":{"loc":{"start":{"line":7,"column":17},"end":{"line":7,"column":66}},"type":"binary-expr","locations":[{"start":{"line":7,"column":17},"end":{"line":7,"column":30}},{"start":{"line":7,"column":34},"end":{"line":7,"column":66}}],"line":7},"1":{"loc":{"start":{"line":12,"column":13},"end":{"line":12,"column":57}},"type":"binary-expr","locations":[{"start":{"line":12,"column":13},"end":{"line":12,"column":29}},{"start":{"line":12,"column":33},"end":{"line":12,"column":57}}],"line":12},"2":{"loc":{"start":{"line":21,"column":9},"end":{"line":23,"column":9}},"type":"binary-expr","locations":[{"start":{"line":21,"column":9},"end":{"line":21,"column":26}},{"start":{"line":22,"column":10},"end":{"line":22,"column":93}}],"line":21},"3":{"loc":{"start":{"line":26,"column":7},"end":{"line":35,"column":7}},"type":"binary-expr","locations":[{"start":{"line":26,"column":7},"end":{"line":26,"column":19}},{"start":{"line":26,"column":23},"end":{"line":26,"column":46}},{"start":{"line":27,"column":8},"end":{"line":34,"column":18}}],"line":26},"4":{"loc":{"start":{"line":37,"column":7},"end":{"line":46,"column":7}},"type":"binary-expr","locations":[{"start":{"line":37,"column":7},"end":{"line":37,"column":19}},{"start":{"line":37,"column":23},"end":{"line":37,"column":46}},{"start":{"line":38,"column":8},"end":{"line":45,"column":18}}],"line":37},"5":{"loc":{"start":{"line":51,"column":9},"end":{"line":53,"column":9}},"type":"binary-expr","locations":[{"start":{"line":51,"column":9},"end":{"line":51,"column":19}},{"start":{"line":52,"column":10},"end":{"line":52,"column":126}}],"line":51},"6":{"loc":{"start":{"line":61,"column":11},"end":{"line":61,"column":63}},"type":"cond-expr","locations":[{"start":{"line":61,"column":20},"end":{"line":61,"column":26}},{"start":{"line":61,"column":29},"end":{"line":61,"column":63}}],"line":61},"7":{"loc":{"start":{"line":63,"column":9},"end":{"line":68,"column":9}},"type":"binary-expr","locations":[{"start":{"line":63,"column":9},"end":{"line":63,"column":16}},{"start":{"line":63,"column":21},"end":{"line":63,"column":54}},{"start":{"line":63,"column":58},"end":{"line":63,"column":87}},{"start":{"line":64,"column":10},"end":{"line":67,"column":14}}],"line":63},"8":{"loc":{"start":{"line":66,"column":13},"end":{"line":66,"column":99}},"type":"binary-expr","locations":[{"start":{"line":66,"column":13},"end":{"line":66,"column":42}},{"start":{"line":66,"column":46},"end":{"line":66,"column":99}}],"line":66}},"s":{"0":1,"1":1,"2":1,"3":1,"4":5},"f":{"0":1,"1":1,"2":1,"3":5},"b":{"0":[1,1],"1":[1,0],"2":[1,1],"3":[1,1,1],"4":[1,1,1],"5":[1,1],"6":[0,1],"7":[1,1,0,1],"8":[1,1]},"_coverageSchema":"1a1c01bbd47fc00a2c39e90264f33305004495a9","hash":"1ccb53bf2d216db045bdad6167f61eb174248e97"}
,"E:\\event_mgmt_v0\\frontend\\user\\src\\components\\event\\Hero.tsx": {"path":"E:\\event_mgmt_v0\\frontend\\user\\src\\components\\event\\Hero.tsx","statementMap":{"0":{"start":{"line":14,"column":23},"end":{"line":17,"column":3}},"1":{"start":{"line":15,"column":4},"end":{"line":15,"column":23}},"2":{"start":{"line":16,"column":4},"end":{"line":16,"column":23}},"3":{"start":{"line":19,"column":2},"end":{"line":86,"column":4}}},"fnMap":{"0":{"name":"Hero","decl":{"start":{"line":13,"column":24},"end":{"line":13,"column":28}},"loc":{"start":{"line":13,"column":89},"end":{"line":87,"column":1}},"line":13},"1":{"name":"(anonymous_1)","decl":{"start":{"line":14,"column":23},"end":{"line":14,"column":24}},"loc":{"start":{"line":14,"column":58},"end":{"line":17,"column":3}},"line":14}},"branchMap":{},"s":{"0":11,"1":0,"2":0,"3":11},"f":{"0":11,"1":0},"b":{},"_coverageSchema":"1a1c01bbd47fc00a2c39e90264f33305004495a9","hash":"1098de6d9b7ac983132212976b16eff389b0f26a"}
,"E:\\event_mgmt_v0\\frontend\\user\\src\\components\\event\\HomeCta.tsx": {"path":"E:\\event_mgmt_v0\\frontend\\user\\src\\components\\event\\HomeCta.tsx","statementMap":{"0":{"start":{"line":6,"column":2},"end":{"line":32,"column":4}}},"fnMap":{"0":{"name":"HomeCta","decl":{"start":{"line":5,"column":24},"end":{"line":5,"column":31}},"loc":{"start":{"line":5,"column":72},"end":{"line":33,"column":1}},"line":5}},"branchMap":{},"s":{"0":11},"f":{"0":11},"b":{},"_coverageSchema":"1a1c01bbd47fc00a2c39e90264f33305004495a9","hash":"df6dbc59db070b3617b7b74bbf0d2dcc0dfa6bb4"}
,"E:\\event_mgmt_v0\\frontend\\user\\src\\components\\event\\HomeStats.tsx": {"path":"E:\\event_mgmt_v0\\frontend\\user\\src\\components\\event\\HomeStats.tsx","statementMap":{"0":{"start":{"line":5,"column":22},"end":{"line":5,"column":35}},"1":{"start":{"line":6,"column":21},"end":{"line":6,"column":85}},"2":{"start":{"line":6,"column":47},"end":{"line":6,"column":62}},"3":{"start":{"line":7,"column":21},"end":{"line":7,"column":86}},"4":{"start":{"line":7,"column":47},"end":{"line":7,"column":63}},"5":{"start":{"line":8,"column":27},"end":{"line":8,"column":88}},"6":{"start":{"line":8,"column":48},"end":{"line":8,"column":80}},"7":{"start":{"line":10,"column":16},"end":{"line":15,"column":3}},"8":{"start":{"line":17,"column":2},"end":{"line":36,"column":4}},"9":{"start":{"line":20,"column":8},"end":{"line":33,"column":14}}},"fnMap":{"0":{"name":"HomeStats","decl":{"start":{"line":4,"column":24},"end":{"line":4,"column":33}},"loc":{"start":{"line":4,"column":73},"end":{"line":37,"column":1}},"line":4},"1":{"name":"(anonymous_1)","decl":{"start":{"line":6,"column":40},"end":{"line":6,"column":41}},"loc":{"start":{"line":6,"column":47},"end":{"line":6,"column":62}},"line":6},"2":{"name":"(anonymous_2)","decl":{"start":{"line":7,"column":40},"end":{"line":7,"column":41}},"loc":{"start":{"line":7,"column":47},"end":{"line":7,"column":63}},"line":7},"3":{"name":"(anonymous_3)","decl":{"start":{"line":8,"column":41},"end":{"line":8,"column":42}},"loc":{"start":{"line":8,"column":48},"end":{"line":8,"column":80}},"line":8},"4":{"name":"(anonymous_4)","decl":{"start":{"line":19,"column":17},"end":{"line":19,"column":18}},"loc":{"start":{"line":20,"column":8},"end":{"line":33,"column":14}},"line":20}},"branchMap":{"0":{"loc":{"start":{"line":4,"column":36},"end":{"line":4,"column":47}},"type":"default-arg","locations":[{"start":{"line":4,"column":45},"end":{"line":4,"column":47}}],"line":4}},"s":{"0":4,"1":4,"2":4,"3":4,"4":4,"5":4,"6":4,"7":4,"8":4,"9":16},"f":{"0":4,"1":4,"2":4,"3":4,"4":16},"b":{"0":[0]},"_coverageSchema":"1a1c01bbd47fc00a2c39e90264f33305004495a9","hash":"588e4f7eaea10674368283362ef73e9090eb01c4"}
,"E:\\event_mgmt_v0\\frontend\\user\\src\\components\\event\\RegistrationCard.tsx": {"path":"E:\\event_mgmt_v0\\frontend\\user\\src\\components\\event\\RegistrationCard.tsx","statementMap":{"0":{"start":{"line":8,"column":19},"end":{"line":8,"column":57}},"1":{"start":{"line":9,"column":18},"end":{"line":9,"column":44}},"2":{"start":{"line":10,"column":17},"end":{"line":10,"column":66}},"3":{"start":{"line":12,"column":2},"end":{"line":43,"column":4}}},"fnMap":{"0":{"name":"RegistrationCard","decl":{"start":{"line":7,"column":24},"end":{"line":7,"column":40}},"loc":{"start":{"line":7,"column":70},"end":{"line":44,"column":1}},"line":7}},"branchMap":{"0":{"loc":{"start":{"line":10,"column":17},"end":{"line":10,"column":66}},"type":"binary-expr","locations":[{"start":{"line":10,"column":17},"end":{"line":10,"column":30}},{"start":{"line":10,"column":34},"end":{"line":10,"column":66}}],"line":10},"1":{"loc":{"start":{"line":16,"column":9},"end":{"line":16,"column":89}},"type":"cond-expr","locations":[{"start":{"line":16,"column":19},"end":{"line":16,"column":44}},{"start":{"line":16,"column":47},"end":{"line":16,"column":89}}],"line":16},"2":{"loc":{"start":{"line":22,"column":43},"end":{"line":22,"column":95}},"type":"cond-expr","locations":[{"start":{"line":22,"column":52},"end":{"line":22,"column":58}},{"start":{"line":22,"column":61},"end":{"line":22,"column":95}}],"line":22},"3":{"loc":{"start":{"line":26,"column":7},"end":{"line":41,"column":7}},"type":"cond-expr","locations":[{"start":{"line":27,"column":8},"end":{"line":29,"column":12}},{"start":{"line":30,"column":10},"end":{"line":41,"column":7}}],"line":26},"4":{"loc":{"start":{"line":30,"column":10},"end":{"line":41,"column":7}},"type":"cond-expr","locations":[{"start":{"line":31,"column":8},"end":{"line":33,"column":12}},{"start":{"line":35,"column":8},"end":{"line":40,"column":15}}],"line":30}},"s":{"0":1,"1":1,"2":1,"3":1},"f":{"0":1},"b":{"0":[1,1],"1":[0,1],"2":[0,1],"3":[0,1],"4":[0,1]},"_coverageSchema":"1a1c01bbd47fc00a2c39e90264f33305004495a9","hash":"a37dfdc679de4fd669dc0c2e780c63769dcbb521"}
,"E:\\event_mgmt_v0\\frontend\\user\\src\\components\\event\\SearchBar.tsx": {"path":"E:\\event_mgmt_v0\\frontend\\user\\src\\components\\event\\SearchBar.tsx","statementMap":{"0":{"start":{"line":13,"column":52},"end":{"line":20,"column":1}},"1":{"start":{"line":24,"column":37},"end":{"line":24,"column":39}},"2":{"start":{"line":25,"column":2},"end":{"line":25,"column":75}},"3":{"start":{"line":25,"column":34},"end":{"line":25,"column":75}},"4":{"start":{"line":26,"column":2},"end":{"line":26,"column":72}},"5":{"start":{"line":26,"column":33},"end":{"line":26,"column":72}},"6":{"start":{"line":27,"column":2},"end":{"line":27,"column":84}},"7":{"start":{"line":27,"column":37},"end":{"line":27,"column":84}},"8":{"start":{"line":28,"column":2},"end":{"line":28,"column":72}},"9":{"start":{"line":28,"column":33},"end":{"line":28,"column":72}},"10":{"start":{"line":29,"column":2},"end":{"line":29,"column":72}},"11":{"start":{"line":29,"column":33},"end":{"line":29,"column":72}},"12":{"start":{"line":30,"column":2},"end":{"line":30,"column":87}},"13":{"start":{"line":30,"column":38},"end":{"line":30,"column":87}},"14":{"start":{"line":31,"column":2},"end":{"line":31,"column":16}},"15":{"start":{"line":41,"column":42},"end":{"line":41,"column":65}},"16":{"start":{"line":42,"column":34},"end":{"line":42,"column":49}},"17":{"start":{"line":45,"column":27},"end":{"line":45,"column":57}},"18":{"start":{"line":47,"column":2},"end":{"line":56,"column":101}},"19":{"start":{"line":48,"column":4},"end":{"line":55,"column":7}},"20":{"start":{"line":58,"column":2},"end":{"line":60,"column":35}},"21":{"start":{"line":59,"column":4},"end":{"line":59,"column":54}},"22":{"start":{"line":62,"column":23},"end":{"line":64,"column":3}},"23":{"start":{"line":63,"column":4},"end":{"line":63,"column":61}},"24":{"start":{"line":63,"column":31},"end":{"line":63,"column":58}},"25":{"start":{"line":66,"column":23},"end":{"line":69,"column":3}},"26":{"start":{"line":67,"column":4},"end":{"line":67,"column":23}},"27":{"start":{"line":68,"column":4},"end":{"line":68,"column":50}},"28":{"start":{"line":71,"column":22},"end":{"line":74,"column":3}},"29":{"start":{"line":72,"column":4},"end":{"line":72,"column":35}},"30":{"start":{"line":73,"column":4},"end":{"line":73,"column":17}},"31":{"start":{"line":76,"column":21},"end":{"line":76,"column":62}},"32":{"start":{"line":78,"column":2},"end":{"line":167,"column":4}},"33":{"start":{"line":106,"column":29},"end":{"line":106,"column":66}},"34":{"start":{"line":111,"column":67},"end":{"line":111,"column":89}},"35":{"start":{"line":124,"column":29},"end":{"line":124,"column":65}},"36":{"start":{"line":130,"column":29},"end":{"line":130,"column":70}},"37":{"start":{"line":137,"column":29},"end":{"line":137,"column":65}},"38":{"start":{"line":143,"column":31},"end":{"line":143,"column":71}},"39":{"start":{"line":148,"column":16},"end":{"line":148,"column":60}},"40":{"start":{"line":156,"column":31},"end":{"line":156,"column":67}},"41":{"start":{"line":160,"column":16},"end":{"line":160,"column":75}}},"fnMap":{"0":{"name":"filtersToSearchParams","decl":{"start":{"line":23,"column":16},"end":{"line":23,"column":37}},"loc":{"start":{"line":23,"column":92},"end":{"line":32,"column":1}},"line":23},"1":{"name":"SearchBar","decl":{"start":{"line":40,"column":24},"end":{"line":40,"column":33}},"loc":{"start":{"line":40,"column":106},"end":{"line":168,"column":1}},"line":40},"2":{"name":"(anonymous_2)","decl":{"start":{"line":47,"column":12},"end":{"line":47,"column":13}},"loc":{"start":{"line":47,"column":18},"end":{"line":56,"column":3}},"line":47},"3":{"name":"(anonymous_3)","decl":{"start":{"line":58,"column":12},"end":{"line":58,"column":13}},"loc":{"start":{"line":58,"column":18},"end":{"line":60,"column":3}},"line":58},"4":{"name":"(anonymous_4)","decl":{"start":{"line":62,"column":23},"end":{"line":62,"column":24}},"loc":{"start":{"line":62,"column":75},"end":{"line":64,"column":3}},"line":62},"5":{"name":"(anonymous_5)","decl":{"start":{"line":63,"column":20},"end":{"line":63,"column":21}},"loc":{"start":{"line":63,"column":31},"end":{"line":63,"column":58}},"line":63},"6":{"name":"(anonymous_6)","decl":{"start":{"line":66,"column":23},"end":{"line":66,"column":24}},"loc":{"start":{"line":66,"column":58},"end":{"line":69,"column":3}},"line":66},"7":{"name":"(anonymous_7)","decl":{"start":{"line":71,"column":22},"end":{"line":71,"column":23}},"loc":{"start":{"line":71,"column":28},"end":{"line":74,"column":3}},"line":71},"8":{"name":"(anonymous_8)","decl":{"start":{"line":106,"column":22},"end":{"line":106,"column":23}},"loc":{"start":{"line":106,"column":29},"end":{"line":106,"column":66}},"line":106},"9":{"name":"(anonymous_9)","decl":{"start":{"line":111,"column":61},"end":{"line":111,"column":62}},"loc":{"start":{"line":111,"column":67},"end":{"line":111,"column":89}},"line":111},"10":{"name":"(anonymous_10)","decl":{"start":{"line":124,"column":22},"end":{"line":124,"column":23}},"loc":{"start":{"line":124,"column":29},"end":{"line":124,"column":65}},"line":124},"11":{"name":"(anonymous_11)","decl":{"start":{"line":130,"column":22},"end":{"line":130,"column":23}},"loc":{"start":{"line":130,"column":29},"end":{"line":130,"column":70}},"line":130},"12":{"name":"(anonymous_12)","decl":{"start":{"line":137,"column":22},"end":{"line":137,"column":23}},"loc":{"start":{"line":137,"column":29},"end":{"line":137,"column":65}},"line":137},"13":{"name":"(anonymous_13)","decl":{"start":{"line":143,"column":24},"end":{"line":143,"column":25}},"loc":{"start":{"line":143,"column":31},"end":{"line":143,"column":71}},"line":143},"14":{"name":"(anonymous_14)","decl":{"start":{"line":147,"column":30},"end":{"line":147,"column":31}},"loc":{"start":{"line":148,"column":16},"end":{"line":148,"column":60}},"line":148},"15":{"name":"(anonymous_15)","decl":{"start":{"line":156,"column":24},"end":{"line":156,"column":25}},"loc":{"start":{"line":156,"column":31},"end":{"line":156,"column":67}},"line":156},"16":{"name":"(anonymous_16)","decl":{"start":{"line":159,"column":31},"end":{"line":159,"column":32}},"loc":{"start":{"line":160,"column":16},"end":{"line":160,"column":75}},"line":160}},"branchMap":{"0":{"loc":{"start":{"line":25,"column":2},"end":{"line":25,"column":75}},"type":"if","locations":[{"start":{"line":25,"column":2},"end":{"line":25,"column":75}},{"start":{},"end":{}}],"line":25},"1":{"loc":{"start":{"line":26,"column":2},"end":{"line":26,"column":72}},"type":"if","locations":[{"start":{"line":26,"column":2},"end":{"line":26,"column":72}},{"start":{},"end":{}}],"line":26},"2":{"loc":{"start":{"line":27,"column":2},"end":{"line":27,"column":84}},"type":"if","locations":[{"start":{"line":27,"column":2},"end":{"line":27,"column":84}},{"start":{},"end":{}}],"line":27},"3":{"loc":{"start":{"line":28,"column":2},"end":{"line":28,"column":72}},"type":"if","locations":[{"start":{"line":28,"column":2},"end":{"line":28,"column":72}},{"start":{},"end":{}}],"line":28},"4":{"loc":{"start":{"line":29,"column":2},"end":{"line":29,"column":72}},"type":"if","locations":[{"start":{"line":29,"column":2},"end":{"line":29,"column":72}},{"start":{},"end":{}}],"line":29},"5":{"loc":{"start":{"line":30,"column":2},"end":{"line":30,"column":87}},"type":"if","locations":[{"start":{"line":30,"column":2},"end":{"line":30,"column":87}},{"start":{},"end":{}}],"line":30},"6":{"loc":{"start":{"line":40,"column":36},"end":{"line":40,"column":59}},"type":"default-arg","locations":[{"start":{"line":40,"column":46},"end":{"line":40,"column":59}}],"line":40},"7":{"loc":{"start":{"line":40,"column":71},"end":{"line":40,"column":86}},"type":"default-arg","locations":[{"start":{"line":40,"column":81},"end":{"line":40,"column":86}}],"line":40},"8":{"loc":{"start":{"line":49,"column":13},"end":{"line":49,"column":32}},"type":"binary-expr","locations":[{"start":{"line":49,"column":13},"end":{"line":49,"column":26}},{"start":{"line":49,"column":30},"end":{"line":49,"column":32}}],"line":49},"9":{"loc":{"start":{"line":50,"column":12},"end":{"line":50,"column":30}},"type":"binary-expr","locations":[{"start":{"line":50,"column":12},"end":{"line":50,"column":24}},{"start":{"line":50,"column":28},"end":{"line":50,"column":30}}],"line":50},"10":{"loc":{"start":{"line":51,"column":16},"end":{"line":51,"column":38}},"type":"binary-expr","locations":[{"start":{"line":51,"column":16},"end":{"line":51,"column":32}},{"start":{"line":51,"column":36},"end":{"line":51,"column":38}}],"line":51},"11":{"loc":{"start":{"line":52,"column":12},"end":{"line":52,"column":30}},"type":"binary-expr","locations":[{"start":{"line":52,"column":12},"end":{"line":52,"column":24}},{"start":{"line":52,"column":28},"end":{"line":52,"column":30}}],"line":52},"12":{"loc":{"start":{"line":53,"column":12},"end":{"line":53,"column":30}},"type":"binary-expr","locations":[{"start":{"line":53,"column":12},"end":{"line":53,"column":24}},{"start":{"line":53,"column":28},"end":{"line":53,"column":30}}],"line":53},"13":{"loc":{"start":{"line":54,"column":17},"end":{"line":54,"column":40}},"type":"binary-expr","locations":[{"start":{"line":54,"column":17},"end":{"line":54,"column":34}},{"start":{"line":54,"column":38},"end":{"line":54,"column":40}}],"line":54},"14":{"loc":{"start":{"line":81,"column":72},"end":{"line":81,"column":102}},"type":"cond-expr","locations":[{"start":{"line":81,"column":82},"end":{"line":81,"column":87}},{"start":{"line":81,"column":90},"end":{"line":81,"column":102}}],"line":81},"15":{"loc":{"start":{"line":83,"column":7},"end":{"line":97,"column":7}},"type":"binary-expr","locations":[{"start":{"line":83,"column":7},"end":{"line":83,"column":15}},{"start":{"line":84,"column":8},"end":{"line":96,"column":14}}],"line":83},"16":{"loc":{"start":{"line":86,"column":11},"end":{"line":95,"column":11}},"type":"binary-expr","locations":[{"start":{"line":86,"column":11},"end":{"line":86,"column":21}},{"start":{"line":87,"column":12},"end":{"line":94,"column":21}}],"line":86},"17":{"loc":{"start":{"line":119,"column":7},"end":{"line":165,"column":7}},"type":"binary-expr","locations":[{"start":{"line":119,"column":7},"end":{"line":119,"column":15}},{"start":{"line":120,"column":8},"end":{"line":164,"column":14}}],"line":119},"18":{"loc":{"start":{"line":160,"column":29},"end":{"line":160,"column":43}},"type":"binary-expr","locations":[{"start":{"line":160,"column":29},"end":{"line":160,"column":34}},{"start":{"line":160,"column":38},"end":{"line":160,"column":43}}],"line":160}},"s":{"0":1,"1":0,"2":0,"3":0,"4":0,"5":0,"6":0,"7":0,"8":0,"9":0,"10":0,"11":0,"12":0,"13":0,"14":0,"15":0,"16":0,"17":0,"18":0,"19":0,"20":0,"21":0,"22":0,"23":0,"24":0,"25":0,"26":0,"27":0,"28":0,"29":0,"30":0,"31":0,"32":0,"33":0,"34":0,"35":0,"36":0,"37":0,"38":0,"39":0,"40":0,"41":0},"f":{"0":0,"1":0,"2":0,"3":0,"4":0,"5":0,"6":0,"7":0,"8":0,"9":0,"10":0,"11":0,"12":0,"13":0,"14":0,"15":0,"16":0},"b":{"0":[0,0],"1":[0,0],"2":[0,0],"3":[0,0],"4":[0,0],"5":[0,0],"6":[0],"7":[0],"8":[0,0],"9":[0,0],"10":[0,0],"11":[0,0],"12":[0,0],"13":[0,0],"14":[0,0],"15":[0,0],"16":[0,0],"17":[0,0],"18":[0,0]},"_coverageSchema":"1a1c01bbd47fc00a2c39e90264f33305004495a9","hash":"878912120351d07c088e96f83f02aff213860f7a"}
,"E:\\event_mgmt_v0\\frontend\\user\\src\\components\\event\\WhyChooseSection.tsx": {"path":"E:\\event_mgmt_v0\\frontend\\user\\src\\components\\event\\WhyChooseSection.tsx","statementMap":{"0":{"start":{"line":4,"column":17},"end":{"line":25,"column":1}},"1":{"start":{"line":28,"column":2},"end":{"line":53,"column":4}},"2":{"start":{"line":39,"column":12},"end":{"line":48,"column":18}}},"fnMap":{"0":{"name":"WhyChooseSection","decl":{"start":{"line":27,"column":24},"end":{"line":27,"column":40}},"loc":{"start":{"line":27,"column":43},"end":{"line":54,"column":1}},"line":27},"1":{"name":"(anonymous_1)","decl":{"start":{"line":38,"column":24},"end":{"line":38,"column":25}},"loc":{"start":{"line":39,"column":12},"end":{"line":48,"column":18}},"line":39}},"branchMap":{},"s":{"0":1,"1":11,"2":44},"f":{"0":11,"1":44},"b":{},"_coverageSchema":"1a1c01bbd47fc00a2c39e90264f33305004495a9","hash":"79ad5c91ad17959214635b142cd25c221458c1e7"}
,"E:\\event_mgmt_v0\\frontend\\user\\src\\components\\organizer\\ConfirmDialog.tsx": {"path":"E:\\event_mgmt_v0\\frontend\\user\\src\\components\\organizer\\ConfirmDialog.tsx","statementMap":{"0":{"start":{"line":17,"column":2},"end":{"line":17,"column":25}},"1":{"start":{"line":17,"column":13},"end":{"line":17,"column":25}},"2":{"start":{"line":19,"column":2},"end":{"line":37,"column":4}}},"fnMap":{"0":{"name":"ConfirmDialog","decl":{"start":{"line":16,"column":24},"end":{"line":16,"column":37}},"loc":{"start":{"line":16,"column":168},"end":{"line":38,"column":1}},"line":16}},"branchMap":{"0":{"loc":{"start":{"line":16,"column":62},"end":{"line":16,"column":86}},"type":"default-arg","locations":[{"start":{"line":16,"column":77},"end":{"line":16,"column":86}}],"line":16},"1":{"loc":{"start":{"line":16,"column":88},"end":{"line":16,"column":106}},"type":"default-arg","locations":[{"start":{"line":16,"column":98},"end":{"line":16,"column":106}}],"line":16},"2":{"loc":{"start":{"line":16,"column":108},"end":{"line":16,"column":123}},"type":"default-arg","locations":[{"start":{"line":16,"column":118},"end":{"line":16,"column":123}}],"line":16},"3":{"loc":{"start":{"line":17,"column":2},"end":{"line":17,"column":25}},"type":"if","locations":[{"start":{"line":17,"column":2},"end":{"line":17,"column":25}},{"start":{},"end":{}}],"line":17}},"s":{"0":1,"1":1,"2":0},"f":{"0":1},"b":{"0":[0],"1":[1],"2":[0],"3":[1,0]},"_coverageSchema":"1a1c01bbd47fc00a2c39e90264f33305004495a9","hash":"a5835e13a17773c93c5cb6e83382f3dd862db4d4"}
,"E:\\event_mgmt_v0\\frontend\\user\\src\\components\\organizer\\EventTable.tsx": {"path":"E:\\event_mgmt_v0\\frontend\\user\\src\\components\\organizer\\EventTable.tsx","statementMap":{"0":{"start":{"line":16,"column":20},"end":{"line":20,"column":10}},"1":{"start":{"line":33,"column":62},"end":{"line":33,"column":94}},"2":{"start":{"line":34,"column":32},"end":{"line":34,"column":67}},"3":{"start":{"line":35,"column":22},"end":{"line":35,"column":38}},"4":{"start":{"line":36,"column":19},"end":{"line":36,"column":20}},"5":{"start":{"line":38,"column":19},"end":{"line":50,"column":4}},"6":{"start":{"line":40,"column":6},"end":{"line":40,"column":64}},"7":{"start":{"line":40,"column":30},"end":{"line":40,"column":64}},"8":{"start":{"line":41,"column":6},"end":{"line":41,"column":61}},"9":{"start":{"line":41,"column":32},"end":{"line":41,"column":61}},"10":{"start":{"line":42,"column":6},"end":{"line":42,"column":57}},"11":{"start":{"line":45,"column":6},"end":{"line":45,"column":72}},"12":{"start":{"line":46,"column":6},"end":{"line":46,"column":23}},"13":{"start":{"line":47,"column":6},"end":{"line":47,"column":81}},"14":{"start":{"line":52,"column":19},"end":{"line":57,"column":4}},"15":{"start":{"line":53,"column":14},"end":{"line":53,"column":34}},"16":{"start":{"line":54,"column":24},"end":{"line":54,"column":100}},"17":{"start":{"line":55,"column":24},"end":{"line":55,"column":135}},"18":{"start":{"line":56,"column":4},"end":{"line":56,"column":38}},"19":{"start":{"line":59,"column":55},"end":{"line":59,"column":89}},"20":{"start":{"line":61,"column":2},"end":{"line":61,"column":27}},"21":{"start":{"line":61,"column":15},"end":{"line":61,"column":27}},"22":{"start":{"line":63,"column":2},"end":{"line":168,"column":4}},"23":{"start":{"line":70,"column":62},"end":{"line":70,"column":117}},"24":{"start":{"line":77,"column":61},"end":{"line":77,"column":121}},"25":{"start":{"line":106,"column":16},"end":{"line":142,"column":21}},"26":{"start":{"line":131,"column":73},"end":{"line":131,"column":111}},"27":{"start":{"line":136,"column":97},"end":{"line":136,"column":137}},"28":{"start":{"line":151,"column":83},"end":{"line":151,"column":102}},"29":{"start":{"line":164,"column":25},"end":{"line":164,"column":112}},"30":{"start":{"line":165,"column":24},"end":{"line":165,"column":40}}},"fnMap":{"0":{"name":"EventTable","decl":{"start":{"line":32,"column":24},"end":{"line":32,"column":34}},"loc":{"start":{"line":32,"column":73},"end":{"line":169,"column":1}},"line":32},"1":{"name":"(anonymous_1)","decl":{"start":{"line":39,"column":16},"end":{"line":39,"column":17}},"loc":{"start":{"line":39,"column":41},"end":{"line":43,"column":5}},"line":39},"2":{"name":"(anonymous_2)","decl":{"start":{"line":44,"column":15},"end":{"line":44,"column":16}},"loc":{"start":{"line":44,"column":38},"end":{"line":48,"column":5}},"line":44},"3":{"name":"(anonymous_3)","decl":{"start":{"line":52,"column":33},"end":{"line":52,"column":34}},"loc":{"start":{"line":52,"column":47},"end":{"line":57,"column":3}},"line":52},"4":{"name":"(anonymous_4)","decl":{"start":{"line":70,"column":22},"end":{"line":70,"column":23}},"loc":{"start":{"line":70,"column":60},"end":{"line":70,"column":119}},"line":70},"5":{"name":"(anonymous_5)","decl":{"start":{"line":77,"column":20},"end":{"line":77,"column":21}},"loc":{"start":{"line":77,"column":59},"end":{"line":77,"column":123}},"line":77},"6":{"name":"(anonymous_6)","decl":{"start":{"line":105,"column":25},"end":{"line":105,"column":26}},"loc":{"start":{"line":106,"column":16},"end":{"line":142,"column":21}},"line":106},"7":{"name":"(anonymous_7)","decl":{"start":{"line":131,"column":67},"end":{"line":131,"column":68}},"loc":{"start":{"line":131,"column":73},"end":{"line":131,"column":111}},"line":131},"8":{"name":"(anonymous_8)","decl":{"start":{"line":136,"column":91},"end":{"line":136,"column":92}},"loc":{"start":{"line":136,"column":97},"end":{"line":136,"column":137}},"line":136},"9":{"name":"(anonymous_9)","decl":{"start":{"line":151,"column":76},"end":{"line":151,"column":77}},"loc":{"start":{"line":151,"column":83},"end":{"line":151,"column":102}},"line":151},"10":{"name":"(anonymous_10)","decl":{"start":{"line":164,"column":19},"end":{"line":164,"column":20}},"loc":{"start":{"line":164,"column":25},"end":{"line":164,"column":112}},"line":164},"11":{"name":"(anonymous_11)","decl":{"start":{"line":165,"column":18},"end":{"line":165,"column":19}},"loc":{"start":{"line":165,"column":24},"end":{"line":165,"column":40}},"line":165}},"branchMap":{"0":{"loc":{"start":{"line":40,"column":6},"end":{"line":40,"column":64}},"type":"if","locations":[{"start":{"line":40,"column":6},"end":{"line":40,"column":64}},{"start":{},"end":{}}],"line":40},"1":{"loc":{"start":{"line":41,"column":6},"end":{"line":41,"column":61}},"type":"if","locations":[{"start":{"line":41,"column":6},"end":{"line":41,"column":61}},{"start":{},"end":{}}],"line":41},"2":{"loc":{"start":{"line":47,"column":18},"end":{"line":47,"column":79}},"type":"cond-expr","locations":[{"start":{"line":47,"column":39},"end":{"line":47,"column":60}},{"start":{"line":47,"column":63},"end":{"line":47,"column":79}}],"line":47},"3":{"loc":{"start":{"line":54,"column":24},"end":{"line":54,"column":100}},"type":"binary-expr","locations":[{"start":{"line":54,"column":24},"end":{"line":54,"column":26}},{"start":{"line":54,"column":30},"end":{"line":54,"column":63}},{"start":{"line":54,"column":67},"end":{"line":54,"column":100}}],"line":54},"4":{"loc":{"start":{"line":55,"column":24},"end":{"line":55,"column":135}},"type":"binary-expr","locations":[{"start":{"line":55,"column":24},"end":{"line":55,"column":37}},{"start":{"line":55,"column":41},"end":{"line":55,"column":66}},{"start":{"line":55,"column":71},"end":{"line":55,"column":96}},{"start":{"line":55,"column":100},"end":{"line":55,"column":134}}],"line":55},"5":{"loc":{"start":{"line":56,"column":11},"end":{"line":56,"column":37}},"type":"binary-expr","locations":[{"start":{"line":56,"column":11},"end":{"line":56,"column":22}},{"start":{"line":56,"column":26},"end":{"line":56,"column":37}}],"line":56},"6":{"loc":{"start":{"line":61,"column":2},"end":{"line":61,"column":27}},"type":"if","locations":[{"start":{"line":61,"column":2},"end":{"line":61,"column":27}},{"start":{},"end":{}}],"line":61},"7":{"loc":{"start":{"line":111,"column":55},"end":{"line":111,"column":85}},"type":"binary-expr","locations":[{"start":{"line":111,"column":55},"end":{"line":111,"column":65}},{"start":{"line":111,"column":69},"end":{"line":111,"column":85}}],"line":111},"8":{"loc":{"start":{"line":115,"column":45},"end":{"line":115,"column":104}},"type":"cond-expr","locations":[{"start":{"line":115,"column":61},"end":{"line":115,"column":67}},{"start":{"line":115,"column":70},"end":{"line":115,"column":104}}],"line":115},"9":{"loc":{"start":{"line":130,"column":23},"end":{"line":134,"column":23}},"type":"binary-expr","locations":[{"start":{"line":130,"column":23},"end":{"line":130,"column":59}},{"start":{"line":130,"column":63},"end":{"line":130,"column":91}},{"start":{"line":131,"column":24},"end":{"line":133,"column":33}}],"line":130},"10":{"loc":{"start":{"line":135,"column":23},"end":{"line":139,"column":23}},"type":"binary-expr","locations":[{"start":{"line":135,"column":23},"end":{"line":135,"column":50}},{"start":{"line":136,"column":24},"end":{"line":138,"column":33}}],"line":135},"11":{"loc":{"start":{"line":147,"column":9},"end":{"line":149,"column":9}},"type":"binary-expr","locations":[{"start":{"line":147,"column":9},"end":{"line":147,"column":27}},{"start":{"line":148,"column":10},"end":{"line":148,"column":87}}],"line":147},"12":{"loc":{"start":{"line":158,"column":15},"end":{"line":158,"column":85}},"type":"cond-expr","locations":[{"start":{"line":158,"column":45},"end":{"line":158,"column":66}},{"start":{"line":158,"column":69},"end":{"line":158,"column":85}}],"line":158},"13":{"loc":{"start":{"line":159,"column":17},"end":{"line":161,"column":79}},"type":"cond-expr","locations":[{"start":{"line":160,"column":12},"end":{"line":160,"column":64}},{"start":{"line":161,"column":12},"end":{"line":161,"column":79}}],"line":159},"14":{"loc":{"start":{"line":162,"column":22},"end":{"line":162,"column":84}},"type":"cond-expr","locations":[{"start":{"line":162,"column":52},"end":{"line":162,"column":72}},{"start":{"line":162,"column":75},"end":{"line":162,"column":84}}],"line":162},"15":{"loc":{"start":{"line":164,"column":25},"end":{"line":164,"column":112}},"type":"binary-expr","locations":[{"start":{"line":164,"column":25},"end":{"line":164,"column":32}},{"start":{"line":164,"column":36},"end":{"line":164,"column":112}}],"line":164}},"s":{"0":1,"1":1,"2":1,"3":1,"4":1,"5":1,"6":0,"7":0,"8":0,"9":0,"10":0,"11":0,"12":0,"13":0,"14":1,"15":1,"16":1,"17":1,"18":1,"19":1,"20":1,"21":0,"22":1,"23":0,"24":0,"25":1,"26":0,"27":0,"28":0,"29":0,"30":0},"f":{"0":1,"1":0,"2":0,"3":1,"4":0,"5":0,"6":1,"7":0,"8":0,"9":0,"10":0,"11":0},"b":{"0":[0,0],"1":[0,0],"2":[0,0],"3":[1,0,0],"4":[1,0,0,0],"5":[1,1],"6":[0,1],"7":[1,0],"8":[0,1],"9":[1,1,1],"10":[1,1],"11":[1,0],"12":[0,1],"13":[0,1],"14":[0,1],"15":[0,0]},"_coverageSchema":"1a1c01bbd47fc00a2c39e90264f33305004495a9","hash":"bd6a58ba158b16317f45f64f15d206e91bfcefc2"}
,"E:\\event_mgmt_v0\\frontend\\user\\src\\components\\organizer\\Pagination.tsx": {"path":"E:\\event_mgmt_v0\\frontend\\user\\src\\components\\organizer\\Pagination.tsx","statementMap":{"0":{"start":{"line":11,"column":2},"end":{"line":11,"column":35}},"1":{"start":{"line":11,"column":23},"end":{"line":11,"column":35}},"2":{"start":{"line":13,"column":2},"end":{"line":25,"column":4}},"3":{"start":{"line":17,"column":82},"end":{"line":17,"column":104}},"4":{"start":{"line":20,"column":91},"end":{"line":20,"column":113}},"5":{"start":{"line":29,"column":21},"end":{"line":29,"column":68}},"6":{"start":{"line":30,"column":19},"end":{"line":30,"column":58}},"7":{"start":{"line":31,"column":16},"end":{"line":31,"column":41}},"8":{"start":{"line":32,"column":2},"end":{"line":37,"column":4}}},"fnMap":{"0":{"name":"Pagination","decl":{"start":{"line":10,"column":24},"end":{"line":10,"column":34}},"loc":{"start":{"line":10,"column":88},"end":{"line":26,"column":1}},"line":10},"1":{"name":"(anonymous_1)","decl":{"start":{"line":17,"column":76},"end":{"line":17,"column":77}},"loc":{"start":{"line":17,"column":82},"end":{"line":17,"column":104}},"line":17},"2":{"name":"(anonymous_2)","decl":{"start":{"line":20,"column":85},"end":{"line":20,"column":86}},"loc":{"start":{"line":20,"column":91},"end":{"line":20,"column":113}},"line":20},"3":{"name":"paginate","decl":{"start":{"line":28,"column":16},"end":{"line":28,"column":24}},"loc":{"start":{"line":28,"column":72},"end":{"line":38,"column":1}},"line":28}},"branchMap":{"0":{"loc":{"start":{"line":11,"column":2},"end":{"line":11,"column":35}},"type":"if","locations":[{"start":{"line":11,"column":2},"end":{"line":11,"column":35}},{"start":{},"end":{}}],"line":11}},"s":{"0":3,"1":2,"2":1,"3":1,"4":1,"5":2,"6":2,"7":2,"8":2},"f":{"0":3,"1":1,"2":1,"3":2},"b":{"0":[2,1]},"_coverageSchema":"1a1c01bbd47fc00a2c39e90264f33305004495a9","hash":"46af32291cbec807bca102b0a334c37a141fcb3d"}
,"E:\\event_mgmt_v0\\frontend\\user\\src\\components\\organizer\\StatCard.tsx": {"path":"E:\\event_mgmt_v0\\frontend\\user\\src\\components\\organizer\\StatCard.tsx","statementMap":{"0":{"start":{"line":13,"column":2},"end":{"line":28,"column":4}}},"fnMap":{"0":{"name":"StatCard","decl":{"start":{"line":12,"column":24},"end":{"line":12,"column":32}},"loc":{"start":{"line":12,"column":96},"end":{"line":29,"column":1}},"line":12}},"branchMap":{"0":{"loc":{"start":{"line":19,"column":11},"end":{"line":19,"column":70}},"type":"binary-expr","locations":[{"start":{"line":19,"column":11},"end":{"line":19,"column":16}},{"start":{"line":19,"column":20},"end":{"line":19,"column":70}}],"line":19},"1":{"loc":{"start":{"line":21,"column":9},"end":{"line":25,"column":9}},"type":"binary-expr","locations":[{"start":{"line":21,"column":9},"end":{"line":21,"column":13}},{"start":{"line":22,"column":10},"end":{"line":24,"column":16}}],"line":21}},"s":{"0":14},"f":{"0":14},"b":{"0":[14,0],"1":[14,14]},"_coverageSchema":"1a1c01bbd47fc00a2c39e90264f33305004495a9","hash":"84b5885fedc73cc85540302753ee0b163a1e5a31"}
,"E:\\event_mgmt_v0\\frontend\\user\\src\\components\\organizer\\StatusBadge.tsx": {"path":"E:\\event_mgmt_v0\\frontend\\user\\src\\components\\organizer\\StatusBadge.tsx","statementMap":{"0":{"start":{"line":3,"column":39},"end":{"line":15,"column":1}},"1":{"start":{"line":23,"column":2},"end":{"line":23,"column":27}},"2":{"start":{"line":23,"column":15},"end":{"line":23,"column":27}},"3":{"start":{"line":24,"column":2},"end":{"line":28,"column":4}}},"fnMap":{"0":{"name":"StatusBadge","decl":{"start":{"line":22,"column":24},"end":{"line":22,"column":35}},"loc":{"start":{"line":22,"column":77},"end":{"line":29,"column":1}},"line":22}},"branchMap":{"0":{"loc":{"start":{"line":23,"column":2},"end":{"line":23,"column":27}},"type":"if","locations":[{"start":{"line":23,"column":2},"end":{"line":23,"column":27}},{"start":{},"end":{}}],"line":23},"1":{"loc":{"start":{"line":25,"column":112},"end":{"line":25,"column":157}},"type":"binary-expr","locations":[{"start":{"line":25,"column":112},"end":{"line":25,"column":126}},{"start":{"line":25,"column":130},"end":{"line":25,"column":157}}],"line":25}},"s":{"0":3,"1":4,"2":1,"3":3},"f":{"0":4},"b":{"0":[1,3],"1":[3,0]},"_coverageSchema":"1a1c01bbd47fc00a2c39e90264f33305004495a9","hash":"552953bf7db4ae7c9495a62c8403333bca932c1d"}
,"E:\\event_mgmt_v0\\frontend\\user\\src\\components\\payment\\PaymentSuccess.tsx": {"path":"E:\\event_mgmt_v0\\frontend\\user\\src\\components\\payment\\PaymentSuccess.tsx","statementMap":{"0":{"start":{"line":12,"column":2},"end":{"line":30,"column":4}}},"fnMap":{"0":{"name":"PaymentSuccess","decl":{"start":{"line":11,"column":24},"end":{"line":11,"column":38}},"loc":{"start":{"line":11,"column":73},"end":{"line":31,"column":1}},"line":11}},"branchMap":{"0":{"loc":{"start":{"line":21,"column":7},"end":{"line":25,"column":7}},"type":"binary-expr","locations":[{"start":{"line":21,"column":7},"end":{"line":21,"column":30}},{"start":{"line":22,"column":8},"end":{"line":24,"column":12}}],"line":21}},"s":{"0":1},"f":{"0":1},"b":{"0":[1,1]},"_coverageSchema":"1a1c01bbd47fc00a2c39e90264f33305004495a9","hash":"1384c3989833251f78f8e4b1d8fb18be079029b9"}
,"E:\\event_mgmt_v0\\frontend\\user\\src\\components\\payment\\PaymentSummary.tsx": {"path":"E:\\event_mgmt_v0\\frontend\\user\\src\\components\\payment\\PaymentSummary.tsx","statementMap":{"0":{"start":{"line":14,"column":2},"end":{"line":28,"column":4}},"1":{"start":{"line":32,"column":2},"end":{"line":39,"column":4}},"2":{"start":{"line":48,"column":2},"end":{"line":80,"column":4}}},"fnMap":{"0":{"name":"PaymentSummary","decl":{"start":{"line":13,"column":24},"end":{"line":13,"column":38}},"loc":{"start":{"line":13,"column":97},"end":{"line":29,"column":1}},"line":13},"1":{"name":"Row","decl":{"start":{"line":31,"column":9},"end":{"line":31,"column":12}},"loc":{"start":{"line":31,"column":141},"end":{"line":40,"column":1}},"line":31},"2":{"name":"PaymentSimulationCard","decl":{"start":{"line":42,"column":16},"end":{"line":42,"column":37}},"loc":{"start":{"line":47,"column":3},"end":{"line":81,"column":1}},"line":47}},"branchMap":{"0":{"loc":{"start":{"line":21,"column":54},"end":{"line":21,"column":104}},"type":"binary-expr","locations":[{"start":{"line":21,"column":54},"end":{"line":21,"column":80}},{"start":{"line":21,"column":84},"end":{"line":21,"column":104}}],"line":21},"1":{"loc":{"start":{"line":31,"column":29},"end":{"line":31,"column":41}},"type":"default-arg","locations":[{"start":{"line":31,"column":36},"end":{"line":31,"column":41}}],"line":31},"2":{"loc":{"start":{"line":31,"column":43},"end":{"line":31,"column":60}},"type":"default-arg","locations":[{"start":{"line":31,"column":55},"end":{"line":31,"column":60}}],"line":31},"3":{"loc":{"start":{"line":35,"column":49},"end":{"line":35,"column":80}},"type":"cond-expr","locations":[{"start":{"line":35,"column":56},"end":{"line":35,"column":75}},{"start":{"line":35,"column":78},"end":{"line":35,"column":80}}],"line":35},"4":{"loc":{"start":{"line":35,"column":84},"end":{"line":35,"column":138}},"type":"cond-expr","locations":[{"start":{"line":35,"column":96},"end":{"line":35,"column":120}},{"start":{"line":35,"column":123},"end":{"line":35,"column":138}}],"line":35}},"s":{"0":5,"1":20,"2":5},"f":{"0":5,"1":20,"2":5},"b":{"0":[5,0],"1":[15],"2":[15],"3":[5,15],"4":[5,15]},"_coverageSchema":"1a1c01bbd47fc00a2c39e90264f33305004495a9","hash":"26740b6bce63e79ae3de166f2206e6650d6bcd15"}
,"E:\\event_mgmt_v0\\frontend\\user\\src\\components\\registration\\ContactForm.tsx": {"path":"E:\\event_mgmt_v0\\frontend\\user\\src\\components\\registration\\ContactForm.tsx","statementMap":{"0":{"start":{"line":9,"column":2},"end":{"line":35,"column":4}}},"fnMap":{"0":{"name":"ContactForm","decl":{"start":{"line":5,"column":24},"end":{"line":5,"column":35}},"loc":{"start":{"line":8,"column":3},"end":{"line":36,"column":1}},"line":8}},"branchMap":{},"s":{"0":17},"f":{"0":17},"b":{},"_coverageSchema":"1a1c01bbd47fc00a2c39e90264f33305004495a9","hash":"a495bcc1b176aa9d1b707c0eafa416905f20a3c9"}
,"E:\\event_mgmt_v0\\frontend\\user\\src\\components\\registration\\RegistrationSummary.tsx": {"path":"E:\\event_mgmt_v0\\frontend\\user\\src\\components\\registration\\RegistrationSummary.tsx","statementMap":{"0":{"start":{"line":17,"column":22},"end":{"line":17,"column":54}},"1":{"start":{"line":18,"column":25},"end":{"line":18,"column":60}},"2":{"start":{"line":19,"column":21},"end":{"line":19,"column":52}},"3":{"start":{"line":20,"column":19},"end":{"line":20,"column":68}},"4":{"start":{"line":21,"column":19},"end":{"line":21,"column":55}},"5":{"start":{"line":22,"column":16},"end":{"line":22,"column":63}},"6":{"start":{"line":24,"column":2},"end":{"line":37,"column":4}},"7":{"start":{"line":41,"column":2},"end":{"line":46,"column":4}}},"fnMap":{"0":{"name":"RegistrationSummary","decl":{"start":{"line":16,"column":24},"end":{"line":16,"column":43}},"loc":{"start":{"line":16,"column":116},"end":{"line":38,"column":1}},"line":16},"1":{"name":"Row","decl":{"start":{"line":40,"column":9},"end":{"line":40,"column":12}},"loc":{"start":{"line":40,"column":107},"end":{"line":47,"column":1}},"line":40}},"branchMap":{"0":{"loc":{"start":{"line":17,"column":29},"end":{"line":17,"column":53}},"type":"binary-expr","locations":[{"start":{"line":17,"column":29},"end":{"line":17,"column":48}},{"start":{"line":17,"column":52},"end":{"line":17,"column":53}}],"line":17},"1":{"loc":{"start":{"line":18,"column":32},"end":{"line":18,"column":59}},"type":"binary-expr","locations":[{"start":{"line":18,"column":32},"end":{"line":18,"column":54}},{"start":{"line":18,"column":58},"end":{"line":18,"column":59}}],"line":18},"2":{"loc":{"start":{"line":19,"column":28},"end":{"line":19,"column":51}},"type":"binary-expr","locations":[{"start":{"line":19,"column":28},"end":{"line":19,"column":46}},{"start":{"line":19,"column":50},"end":{"line":19,"column":51}}],"line":19},"3":{"loc":{"start":{"line":21,"column":26},"end":{"line":21,"column":54}},"type":"binary-expr","locations":[{"start":{"line":21,"column":26},"end":{"line":21,"column":49}},{"start":{"line":21,"column":53},"end":{"line":21,"column":54}}],"line":21},"4":{"loc":{"start":{"line":22,"column":16},"end":{"line":22,"column":63}},"type":"binary-expr","locations":[{"start":{"line":22,"column":16},"end":{"line":22,"column":27}},{"start":{"line":22,"column":31},"end":{"line":22,"column":63}}],"line":22},"5":{"loc":{"start":{"line":28,"column":43},"end":{"line":28,"column":96}},"type":"cond-expr","locations":[{"start":{"line":28,"column":60},"end":{"line":28,"column":66}},{"start":{"line":28,"column":69},"end":{"line":28,"column":96}}],"line":28},"6":{"loc":{"start":{"line":29,"column":9},"end":{"line":29,"column":101}},"type":"binary-expr","locations":[{"start":{"line":29,"column":9},"end":{"line":29,"column":27}},{"start":{"line":29,"column":31},"end":{"line":29,"column":101}}],"line":29},"7":{"loc":{"start":{"line":30,"column":9},"end":{"line":30,"column":89}},"type":"binary-expr","locations":[{"start":{"line":30,"column":9},"end":{"line":30,"column":23}},{"start":{"line":30,"column":27},"end":{"line":30,"column":89}}],"line":30},"8":{"loc":{"start":{"line":31,"column":9},"end":{"line":31,"column":120}},"type":"binary-expr","locations":[{"start":{"line":31,"column":9},"end":{"line":31,"column":21}},{"start":{"line":31,"column":25},"end":{"line":31,"column":120}}],"line":31},"9":{"loc":{"start":{"line":40,"column":29},"end":{"line":40,"column":43}},"type":"default-arg","locations":[{"start":{"line":40,"column":41},"end":{"line":40,"column":43}}],"line":40}},"s":{"0":17,"1":17,"2":17,"3":17,"4":17,"5":17,"6":17,"7":69},"f":{"0":17,"1":69},"b":{"0":[17,0],"1":[17,0],"2":[17,0],"3":[17,16],"4":[17,16],"5":[0,17],"6":[17,17],"7":[17,17],"8":[17,1],"9":[51]},"_coverageSchema":"1a1c01bbd47fc00a2c39e90264f33305004495a9","hash":"9e94d8e0c4f121d8aab1695023c63e64b78c6757"}
,"E:\\event_mgmt_v0\\frontend\\user\\src\\context\\AuthContext.tsx": {"path":"E:\\event_mgmt_v0\\frontend\\user\\src\\context\\AuthContext.tsx","statementMap":{"0":{"start":{"line":15,"column":20},"end":{"line":15,"column":64}},"1":{"start":{"line":18,"column":28},"end":{"line":18,"column":83}},"2":{"start":{"line":18,"column":43},"end":{"line":18,"column":82}},"3":{"start":{"line":20,"column":2},"end":{"line":20,"column":56}},"4":{"start":{"line":20,"column":18},"end":{"line":20,"column":50}},"5":{"start":{"line":22,"column":16},"end":{"line":25,"column":8}},"6":{"start":{"line":23,"column":4},"end":{"line":23,"column":32}},"7":{"start":{"line":24,"column":4},"end":{"line":24,"column":26}},"8":{"start":{"line":27,"column":17},"end":{"line":30,"column":8}},"9":{"start":{"line":28,"column":4},"end":{"line":28,"column":23}},"10":{"start":{"line":29,"column":4},"end":{"line":29,"column":19}},"11":{"start":{"line":32,"column":16},"end":{"line":40,"column":3}},"12":{"start":{"line":33,"column":11},"end":{"line":38,"column":5}},"13":{"start":{"line":42,"column":2},"end":{"line":42,"column":79}},"14":{"start":{"line":46,"column":18},"end":{"line":46,"column":41}},"15":{"start":{"line":47,"column":2},"end":{"line":47,"column":76}},"16":{"start":{"line":47,"column":16},"end":{"line":47,"column":76}},"17":{"start":{"line":48,"column":2},"end":{"line":48,"column":17}}},"fnMap":{"0":{"name":"AuthProvider","decl":{"start":{"line":17,"column":16},"end":{"line":17,"column":28}},"loc":{"start":{"line":17,"column":68},"end":{"line":43,"column":1}},"line":17},"1":{"name":"(anonymous_1)","decl":{"start":{"line":18,"column":37},"end":{"line":18,"column":38}},"loc":{"start":{"line":18,"column":43},"end":{"line":18,"column":82}},"line":18},"2":{"name":"(anonymous_2)","decl":{"start":{"line":20,"column":12},"end":{"line":20,"column":13}},"loc":{"start":{"line":20,"column":18},"end":{"line":20,"column":50}},"line":20},"3":{"name":"(anonymous_3)","decl":{"start":{"line":22,"column":28},"end":{"line":22,"column":29}},"loc":{"start":{"line":22,"column":53},"end":{"line":25,"column":3}},"line":22},"4":{"name":"(anonymous_4)","decl":{"start":{"line":27,"column":29},"end":{"line":27,"column":30}},"loc":{"start":{"line":27,"column":35},"end":{"line":30,"column":3}},"line":27},"5":{"name":"(anonymous_5)","decl":{"start":{"line":33,"column":4},"end":{"line":33,"column":5}},"loc":{"start":{"line":33,"column":11},"end":{"line":38,"column":5}},"line":33},"6":{"name":"useAuth","decl":{"start":{"line":45,"column":16},"end":{"line":45,"column":23}},"loc":{"start":{"line":45,"column":26},"end":{"line":49,"column":1}},"line":45}},"branchMap":{"0":{"loc":{"start":{"line":47,"column":2},"end":{"line":47,"column":76}},"type":"if","locations":[{"start":{"line":47,"column":2},"end":{"line":47,"column":76}},{"start":{},"end":{}}],"line":47}},"s":{"0":13,"1":38,"2":35,"3":38,"4":35,"5":38,"6":2,"7":2,"8":38,"9":1,"10":1,"11":38,"12":38,"13":38,"14":75,"15":75,"16":0,"17":75},"f":{"0":38,"1":35,"2":35,"3":2,"4":1,"5":38,"6":75},"b":{"0":[0,75]},"_coverageSchema":"1a1c01bbd47fc00a2c39e90264f33305004495a9","hash":"4255186c2b1101ce95d123d832b4088c6c30769e"}
,"E:\\event_mgmt_v0\\frontend\\user\\src\\context\\RegistrationContext.tsx": {"path":"E:\\event_mgmt_v0\\frontend\\user\\src\\context\\RegistrationContext.tsx","statementMap":{"0":{"start":{"line":18,"column":28},"end":{"line":18,"column":80}},"1":{"start":{"line":21,"column":42},"end":{"line":21,"column":86}},"2":{"start":{"line":23,"column":16},"end":{"line":30,"column":3}},"3":{"start":{"line":24,"column":11},"end":{"line":28,"column":5}},"4":{"start":{"line":27,"column":31},"end":{"line":27,"column":52}},"5":{"start":{"line":32,"column":2},"end":{"line":36,"column":4}},"6":{"start":{"line":40,"column":18},"end":{"line":40,"column":49}},"7":{"start":{"line":41,"column":2},"end":{"line":43,"column":3}},"8":{"start":{"line":42,"column":4},"end":{"line":42,"column":80}},"9":{"start":{"line":44,"column":2},"end":{"line":44,"column":17}}},"fnMap":{"0":{"name":"RegistrationProvider","decl":{"start":{"line":20,"column":16},"end":{"line":20,"column":36}},"loc":{"start":{"line":20,"column":76},"end":{"line":37,"column":1}},"line":20},"1":{"name":"(anonymous_1)","decl":{"start":{"line":24,"column":4},"end":{"line":24,"column":5}},"loc":{"start":{"line":24,"column":11},"end":{"line":28,"column":5}},"line":24},"2":{"name":"(anonymous_2)","decl":{"start":{"line":27,"column":25},"end":{"line":27,"column":26}},"loc":{"start":{"line":27,"column":31},"end":{"line":27,"column":52}},"line":27},"3":{"name":"useRegistration","decl":{"start":{"line":39,"column":16},"end":{"line":39,"column":31}},"loc":{"start":{"line":39,"column":34},"end":{"line":45,"column":1}},"line":39}},"branchMap":{"0":{"loc":{"start":{"line":41,"column":2},"end":{"line":43,"column":3}},"type":"if","locations":[{"start":{"line":41,"column":2},"end":{"line":43,"column":3}},{"start":{},"end":{}}],"line":41}},"s":{"0":13,"1":38,"2":38,"3":38,"4":1,"5":38,"6":38,"7":38,"8":0,"9":38},"f":{"0":38,"1":38,"2":1,"3":38},"b":{"0":[0,38]},"_coverageSchema":"1a1c01bbd47fc00a2c39e90264f33305004495a9","hash":"31d1e94b1df1a05000e9bd6cb764402a5be61346"}
,"E:\\event_mgmt_v0\\frontend\\user\\src\\hooks\\useDebounce.ts": {"path":"E:\\event_mgmt_v0\\frontend\\user\\src\\hooks\\useDebounce.ts","statementMap":{"0":{"start":{"line":4,"column":46},"end":{"line":4,"column":61}},"1":{"start":{"line":6,"column":2},"end":{"line":12,"column":21}},"2":{"start":{"line":7,"column":18},"end":{"line":9,"column":13}},"3":{"start":{"line":8,"column":6},"end":{"line":8,"column":31}},"4":{"start":{"line":11,"column":4},"end":{"line":11,"column":37}},"5":{"start":{"line":11,"column":17},"end":{"line":11,"column":36}},"6":{"start":{"line":14,"column":2},"end":{"line":14,"column":24}}},"fnMap":{"0":{"name":"useDebounce","decl":{"start":{"line":3,"column":24},"end":{"line":3,"column":35}},"loc":{"start":{"line":3,"column":65},"end":{"line":15,"column":1}},"line":3},"1":{"name":"(anonymous_1)","decl":{"start":{"line":6,"column":12},"end":{"line":6,"column":13}},"loc":{"start":{"line":6,"column":18},"end":{"line":12,"column":3}},"line":6},"2":{"name":"(anonymous_2)","decl":{"start":{"line":7,"column":29},"end":{"line":7,"column":30}},"loc":{"start":{"line":7,"column":35},"end":{"line":9,"column":5}},"line":7},"3":{"name":"(anonymous_3)","decl":{"start":{"line":11,"column":11},"end":{"line":11,"column":12}},"loc":{"start":{"line":11,"column":17},"end":{"line":11,"column":36}},"line":11}},"branchMap":{"0":{"loc":{"start":{"line":3,"column":49},"end":{"line":3,"column":60}},"type":"default-arg","locations":[{"start":{"line":3,"column":57},"end":{"line":3,"column":60}}],"line":3}},"s":{"0":0,"1":0,"2":0,"3":0,"4":0,"5":0,"6":0},"f":{"0":0,"1":0,"2":0,"3":0},"b":{"0":[0]},"_coverageSchema":"1a1c01bbd47fc00a2c39e90264f33305004495a9","hash":"20a210f1eabe22086337c3609aae0f77f2d9fd8e"}
[...]
,"E:\\event_mgmt_v0\\frontend\\user\\src\\test\\fixtures.ts": {"path":"E:\\event_mgmt_v0\\frontend\\user\\src\\test\\fixtures.ts","statementMap":{"0":{"start":{"line":3,"column":32},"end":{"line":27,"column":1}},"1":{"start":{"line":29,"column":38},"end":{"line":40,"column":1}},"2":{"start":{"line":42,"column":43},"end":{"line":61,"column":1}}},"fnMap":{},"branchMap":{},"s":{"0":4,"1":4,"2":4},"f":{},"b":{},"_coverageSchema":"1a1c01bbd47fc00a2c39e90264f33305004495a9","hash":"7161febfe827b6e501f1d2ba62038f5b281e062e"}
,"E:\\event_mgmt_v0\\frontend\\user\\src\\test\\test-utils.tsx": {"path":"E:\\event_mgmt_v0\\frontend\\user\\src\\test\\test-utils.tsx","statementMap":{"0":{"start":{"line":9,"column":2},"end":{"line":9,"column":105}},"1":{"start":{"line":20,"column":2},"end":{"line":23,"column":3}},"2":{"start":{"line":21,"column":4},"end":{"line":22,"column":52}},"3":{"start":{"line":21,"column":15},"end":{"line":21,"column":62}},"4":{"start":{"line":22,"column":9},"end":{"line":22,"column":52}},"5":{"start":{"line":25,"column":2},"end":{"line":36,"column":4}}},"fnMap":{"0":{"name":"createTestQueryClient","decl":{"start":{"line":8,"column":16},"end":{"line":8,"column":37}},"loc":{"start":{"line":8,"column":40},"end":{"line":10,"column":1}},"line":8},"1":{"name":"renderWithProviders","decl":{"start":{"line":12,"column":16},"end":{"line":12,"column":35}},"loc":{"start":{"line":19,"column":2},"end":{"line":37,"column":1}},"line":19}},"branchMap":{"0":{"loc":{"start":{"line":14,"column":2},"end":{"line":18,"column":71}},"type":"default-arg","locations":[{"start":{"line":18,"column":69},"end":{"line":18,"column":71}}],"line":14},"1":{"loc":{"start":{"line":15,"column":4},"end":{"line":15,"column":15}},"type":"default-arg","locations":[{"start":{"line":15,"column":12},"end":{"line":15,"column":15}}],"line":15},"2":{"loc":{"start":{"line":16,"column":4},"end":{"line":16,"column":41}},"type":"default-arg","locations":[{"start":{"line":16,"column":18},"end":{"line":16,"column":41}}],"line":16},"3":{"loc":{"start":{"line":20,"column":2},"end":{"line":23,"column":3}},"type":"if","locations":[{"start":{"line":20,"column":2},"end":{"line":23,"column":3}},{"start":{},"end":{}}],"line":20},"4":{"loc":{"start":{"line":21,"column":4},"end":{"line":22,"column":52}},"type":"if","locations":[{"start":{"line":21,"column":4},"end":{"line":22,"column":52}},{"start":{"line":22,"column":9},"end":{"line":22,"column":52}}],"line":21}},"s":{"0":33,"1":33,"2":8,"3":8,"4":0,"5":33},"f":{"0":33,"1":33},"b":{"0":[8],"1":[15],"2":[33],"3":[8,25],"4":[8,0]},"_coverageSchema":"1a1c01bbd47fc00a2c39e90264f33305004495a9","hash":"c2215ed80fd5b45f87a760f4c88358d218325066"}
,"E:\\event_mgmt_v0\\frontend\\user\\src\\utils\\apiError.ts": {"path":"E:\\event_mgmt_v0\\frontend\\user\\src\\utils\\apiError.ts","statementMap":{"0":{"start":{"line":15,"column":4},"end":{"line":15,"column":19}},"1":{"start":{"line":16,"column":4},"end":{"line":16,"column":27}},"2":{"start":{"line":17,"column":4},"end":{"line":17,"column":25}},"3":{"start":{"line":18,"column":4},"end":{"line":18,"column":21}},"4":{"start":{"line":19,"column":4},"end":{"line":19,"column":50}},"5":{"start":{"line":24,"column":2},"end":{"line":24,"column":46}},"6":{"start":{"line":24,"column":33},"end":{"line":24,"column":46}},"7":{"start":{"line":26,"column":21},"end":{"line":26,"column":66}},"8":{"start":{"line":27,"column":17},"end":{"line":27,"column":45}},"9":{"start":{"line":28,"column":23},"end":{"line":28,"column":49}},"10":{"start":{"line":29,"column":18},"end":{"line":31,"column":15}},"11":{"start":{"line":32,"column":25},"end":{"line":32,"column":46}},"12":{"start":{"line":34,"column":2},"end":{"line":39,"column":3}},"13":{"start":{"line":35,"column":4},"end":{"line":38,"column":7}},"14":{"start":{"line":40,"column":2},"end":{"line":42,"column":3}},"15":{"start":{"line":41,"column":4},"end":{"line":41,"column":80}},"16":{"start":{"line":43,"column":2},"end":{"line":43,"column":105}},"17":{"start":{"line":43,"column":22},"end":{"line":43,"column":105}},"18":{"start":{"line":44,"column":2},"end":{"line":44,"column":108}},"19":{"start":{"line":44,"column":22},"end":{"line":44,"column":108}},"20":{"start":{"line":45,"column":2},"end":{"line":48,"column":4}},"21":{"start":{"line":52,"column":2},"end":{"line":52,"column":91}}},"fnMap":{"0":{"name":"(anonymous_0)","decl":{"start":{"line":14,"column":2},"end":{"line":14,"column":3}},"loc":{"start":{"line":14,"column":87},"end":{"line":20,"column":3}},"line":14},"1":{"name":"toApiError","decl":{"start":{"line":23,"column":16},"end":{"line":23,"column":26}},"loc":{"start":{"line":23,"column":43},"end":{"line":49,"column":1}},"line":23},"2":{"name":"isServerUnavailable","decl":{"start":{"line":51,"column":16},"end":{"line":51,"column":35}},"loc":{"start":{"line":51,"column":52},"end":{"line":53,"column":1}},"line":51}},"branchMap":{"0":{"loc":{"start":{"line":14,"column":31},"end":{"line":14,"column":85}},"type":"default-arg","locations":[{"start":{"line":14,"column":83},"end":{"line":14,"column":85}}],"line":14},"1":{"loc":{"start":{"line":24,"column":2},"end":{"line":24,"column":46}},"type":"if","locations":[{"start":{"line":24,"column":2},"end":{"line":24,"column":46}},{"start":{},"end":{}}],"line":24},"2":{"loc":{"start":{"line":26,"column":21},"end":{"line":26,"column":66}},"type":"cond-expr","locations":[{"start":{"line":26,"column":49},"end":{"line":26,"column":54}},{"start":{"line":26,"column":57},"end":{"line":26,"column":66}}],"line":26},"3":{"loc":{"start":{"line":29,"column":18},"end":{"line":31,"column":15}},"type":"cond-expr","locations":[{"start":{"line":30,"column":6},"end":{"line":30,"column":24}},{"start":{"line":31,"column":6},"end":{"line":31,"column":15}}],"line":29},"4":{"loc":{"start":{"line":29,"column":18},"end":{"line":29,"column":102}},"type":"binary-expr","locations":[{"start":{"line":29,"column":18},"end":{"line":29,"column":50}},{"start":{"line":29,"column":54},"end":{"line":29,"column":75}},{"start":{"line":29,"column":79},"end":{"line":29,"column":102}}],"line":29},"5":{"loc":{"start":{"line":34,"column":2},"end":{"line":39,"column":3}},"type":"if","locations":[{"start":{"line":34,"column":2},"end":{"line":39,"column":3}},{"start":{},"end":{}}],"line":34},"6":{"loc":{"start":{"line":40,"column":2},"end":{"line":42,"column":3}},"type":"if","locations":[{"start":{"line":40,"column":2},"end":{"line":42,"column":3}},{"start":{},"end":{}}],"line":40},"7":{"loc":{"start":{"line":40,"column":7},"end":{"line":40,"column":18}},"type":"binary-expr","locations":[{"start":{"line":40,"column":7},"end":{"line":40,"column":13}},{"start":{"line":40,"column":17},"end":{"line":40,"column":18}}],"line":40},"8":{"loc":{"start":{"line":43,"column":2},"end":{"line":43,"column":105}},"type":"if","locations":[{"start":{"line":43,"column":2},"end":{"line":43,"column":105}},{"start":{},"end":{}}],"line":43},"9":{"loc":{"start":{"line":44,"column":2},"end":{"line":44,"column":108}},"type":"if","locations":[{"start":{"line":44,"column":2},"end":{"line":44,"column":108}},{"start":{},"end":{}}],"line":44},"10":{"loc":{"start":{"line":46,"column":4},"end":{"line":46,"column":108}},"type":"cond-expr","locations":[{"start":{"line":46,"column":34},"end":{"line":46,"column":41}},{"start":{"line":46,"column":44},"end":{"line":46,"column":108}}],"line":46},"11":{"loc":{"start":{"line":46,"column":44},"end":{"line":46,"column":108}},"type":"cond-expr","locations":[{"start":{"line":46,"column":69},"end":{"line":46,"column":82}},{"start":{"line":46,"column":85},"end":{"line":46,"column":108}}],"line":46},"12":{"loc":{"start":{"line":52,"column":9},"end":{"line":52,"column":90}},"type":"binary-expr","locations":[{"start":{"line":52,"column":9},"end":{"line":52,"column":34}},{"start":{"line":52,"column":39},"end":{"line":52,"column":59}},{"start":{"line":52,"column":63},"end":{"line":52,"column":89}}],"line":52},"13":{"loc":{"start":{"line":52,"column":64},"end":{"line":52,"column":81}},"type":"binary-expr","locations":[{"start":{"line":52,"column":64},"end":{"line":52,"column":76}},{"start":{"line":52,"column":80},"end":{"line":52,"column":81}}],"line":52}},"s":{"0":7,"1":7,"2":7,"3":7,"4":7,"5":5,"6":0,"7":5,"8":5,"9":5,"10":5,"11":5,"12":5,"13":1,"14":4,"15":0,"16":4,"17":1,"18":3,"19":2,"20":1,"21":2},"f":{"0":7,"1":5,"2":2},"b":{"0":[0],"1":[0,5],"2":[5,0],"3":[2,3],"4":[5,2,2],"5":[1,4],"6":[0,4],"7":[4,1],"8":[1,3],"9":[2,1],"10":[1,0],"11":[0,0],"12":[2,2,1],"13":[1,0]},"_coverageSchema":"1a1c01bbd47fc00a2c39e90264f33305004495a9","hash":"b6fef5f293d89c5b76416eeb5e9ac2054afd4ddc"}
,"E:\\event_mgmt_v0\\frontend\\user\\src\\utils\\cn.ts": {"path":"E:\\event_mgmt_v0\\frontend\\user\\src\\utils\\cn.ts","statementMap":{"0":{"start":{"line":2,"column":2},"end":{"line":2,"column":107}},"1":{"start":{"line":2,"column":52},"end":{"line":2,"column":95}}},"fnMap":{"0":{"name":"cn","decl":{"start":{"line":1,"column":16},"end":{"line":1,"column":18}},"loc":{"start":{"line":1,"column":42},"end":{"line":3,"column":1}},"line":1},"1":{"name":"(anonymous_1)","decl":{"start":{"line":2,"column":24},"end":{"line":2,"column":25}},"loc":{"start":{"line":2,"column":52},"end":{"line":2,"column":95}},"line":2}},"branchMap":{"0":{"loc":{"start":{"line":2,"column":52},"end":{"line":2,"column":95}},"type":"binary-expr","locations":[{"start":{"line":2,"column":52},"end":{"line":2,"column":77}},{"start":{"line":2,"column":81},"end":{"line":2,"column":95}}],"line":2}},"s":{"0":955,"1":2574},"f":{"0":955,"1":2574},"b":{"0":[2574,1505]},"_coverageSchema":"1a1c01bbd47fc00a2c39e90264f33305004495a9","hash":"d66f5db499af39d304c302c7d1f04b706d796b3f"}
,"E:\\event_mgmt_v0\\frontend\\user\\src\\utils\\constants.ts": {"path":"E:\\event_mgmt_v0\\frontend\\user\\src\\utils\\constants.ts","statementMap":{"0":{"start":{"line":1,"column":28},"end":{"line":1,"column":71}},"1":{"start":{"line":4,"column":27},"end":{"line":9,"column":1}},"2":{"start":{"line":11,"column":26},"end":{"line":18,"column":1}},"3":{"start":{"line":20,"column":30},"end":{"line":27,"column":1}},"4":{"start":{"line":21,"column":16},"end":{"line":21,"column":35}},"5":{"start":{"line":22,"column":2},"end":{"line":26,"column":19}},"6":{"start":{"line":29,"column":26},"end":{"line":39,"column":1}},"7":{"start":{"line":30,"column":2},"end":{"line":30,"column":27}},"8":{"start":{"line":30,"column":16},"end":{"line":30,"column":27}},"9":{"start":{"line":31,"column":2},"end":{"line":38,"column":31}},"10":{"start":{"line":41,"column":31},"end":{"line":48,"column":1}},"11":{"start":{"line":42,"column":2},"end":{"line":42,"column":27}},"12":{"start":{"line":42,"column":16},"end":{"line":42,"column":27}},"13":{"start":{"line":43,"column":2},"end":{"line":47,"column":31}},"14":{"start":{"line":50,"column":26},"end":{"line":56,"column":1}},"15":{"start":{"line":51,"column":2},"end":{"line":51,"column":27}},"16":{"start":{"line":51,"column":16},"end":{"line":51,"column":27}},"17":{"start":{"line":52,"column":2},"end":{"line":55,"column":31}}},"fnMap":{"0":{"name":"(anonymous_0)","decl":{"start":{"line":20,"column":30},"end":{"line":20,"column":31}},"loc":{"start":{"line":20,"column":78},"end":{"line":27,"column":1}},"line":20},"1":{"name":"(anonymous_1)","decl":{"start":{"line":29,"column":26},"end":{"line":29,"column":27}},"loc":{"start":{"line":29,"column":82},"end":{"line":39,"column":1}},"line":29},"2":{"name":"(anonymous_2)","decl":{"start":{"line":41,"column":31},"end":{"line":41,"column":32}},"loc":{"start":{"line":41,"column":87},"end":{"line":48,"column":1}},"line":41},"3":{"name":"(anonymous_3)","decl":{"start":{"line":50,"column":26},"end":{"line":50,"column":27}},"loc":{"start":{"line":50,"column":82},"end":{"line":56,"column":1}},"line":50}},"branchMap":{"0":{"loc":{"start":{"line":1,"column":28},"end":{"line":1,"column":71}},"type":"binary-expr","locations":[{"start":{"line":1,"column":28},"end":{"line":1,"column":61}},{"start":{"line":1,"column":65},"end":{"line":1,"column":71}}],"line":1},"1":{"loc":{"start":{"line":21,"column":23},"end":{"line":21,"column":34}},"type":"binary-expr","locations":[{"start":{"line":21,"column":23},"end":{"line":21,"column":29}},{"start":{"line":21,"column":33},"end":{"line":21,"column":34}}],"line":21},"2":{"loc":{"start":{"line":30,"column":2},"end":{"line":30,"column":27}},"type":"if","locations":[{"start":{"line":30,"column":2},"end":{"line":30,"column":27}},{"start":{},"end":{}}],"line":30},"3":{"loc":{"start":{"line":42,"column":2},"end":{"line":42,"column":27}},"type":"if","locations":[{"start":{"line":42,"column":2},"end":{"line":42,"column":27}},{"start":{},"end":{}}],"line":42},"4":{"loc":{"start":{"line":51,"column":2},"end":{"line":51,"column":27}},"type":"if","locations":[{"start":{"line":51,"column":2},"end":{"line":51,"column":27}},{"start":{},"end":{}}],"line":51}},"s":{"0":6,"1":6,"2":6,"3":6,"4":1,"5":1,"6":6,"7":0,"8":0,"9":0,"10":6,"11":7,"12":0,"13":7,"14":6,"15":6,"16":0,"17":6},"f":{"0":1,"1":0,"2":7,"3":6},"b":{"0":[6,6],"1":[1,0],"2":[0,0],"3":[0,7],"4":[0,6]},"_coverageSchema":"1a1c01bbd47fc00a2c39e90264f33305004495a9","hash":"a3d4ce2737add72fc8e07e01079d927fe8e406db"}
,"E:\\event_mgmt_v0\\frontend\\user\\src\\utils\\eventSearch.ts": {"path":"E:\\event_mgmt_v0\\frontend\\user\\src\\utils\\eventSearch.ts","statementMap":{"0":{"start":{"line":12,"column":37},"end":{"line":12,"column":39}},"1":{"start":{"line":13,"column":2},"end":{"line":13,"column":63}},"2":{"start":{"line":13,"column":28},"end":{"line":13,"column":63}},"3":{"start":{"line":14,"column":2},"end":{"line":14,"column":60}},"4":{"start":{"line":14,"column":27},"end":{"line":14,"column":60}},"5":{"start":{"line":15,"column":2},"end":{"line":15,"column":72}},"6":{"start":{"line":15,"column":31},"end":{"line":15,"column":72}},"7":{"start":{"line":16,"column":2},"end":{"line":16,"column":60}},"8":{"start":{"line":16,"column":27},"end":{"line":16,"column":60}},"9":{"start":{"line":17,"column":2},"end":{"line":17,"column":60}},"10":{"start":{"line":17,"column":27},"end":{"line":17,"column":60}},"11":{"start":{"line":18,"column":2},"end":{"line":18,"column":75}},"12":{"start":{"line":18,"column":32},"end":{"line":18,"column":75}},"13":{"start":{"line":19,"column":2},"end":{"line":19,"column":52}},"14":{"start":{"line":23,"column":2},"end":{"line":23,"column":61}}},"fnMap":{"0":{"name":"buildEventSearchFilters","decl":{"start":{"line":11,"column":16},"end":{"line":11,"column":39}},"loc":{"start":{"line":11,"column":95},"end":{"line":20,"column":1}},"line":11},"1":{"name":"hasActiveEventFilters","decl":{"start":{"line":22,"column":16},"end":{"line":22,"column":37}},"loc":{"start":{"line":22,"column":74},"end":{"line":24,"column":1}},"line":22}},"branchMap":{"0":{"loc":{"start":{"line":13,"column":2},"end":{"line":13,"column":63}},"type":"if","locations":[{"start":{"line":13,"column":2},"end":{"line":13,"column":63}},{"start":{},"end":{}}],"line":13},"1":{"loc":{"start":{"line":14,"column":2},"end":{"line":14,"column":60}},"type":"if","locations":[{"start":{"line":14,"column":2},"end":{"line":14,"column":60}},{"start":{},"end":{}}],"line":14},"2":{"loc":{"start":{"line":15,"column":2},"end":{"line":15,"column":72}},"type":"if","locations":[{"start":{"line":15,"column":2},"end":{"line":15,"column":72}},{"start":{},"end":{}}],"line":15},"3":{"loc":{"start":{"line":16,"column":2},"end":{"line":16,"column":60}},"type":"if","locations":[{"start":{"line":16,"column":2},"end":{"line":16,"column":60}},{"start":{},"end":{}}],"line":16},"4":{"loc":{"start":{"line":17,"column":2},"end":{"line":17,"column":60}},"type":"if","locations":[{"start":{"line":17,"column":2},"end":{"line":17,"column":60}},{"start":{},"end":{}}],"line":17},"5":{"loc":{"start":{"line":18,"column":2},"end":{"line":18,"column":75}},"type":"if","locations":[{"start":{"line":18,"column":2},"end":{"line":18,"column":75}},{"start":{},"end":{}}],"line":18},"6":{"loc":{"start":{"line":19,"column":9},"end":{"line":19,"column":51}},"type":"cond-expr","locations":[{"start":{"line":19,"column":38},"end":{"line":19,"column":44}},{"start":{"line":19,"column":47},"end":{"line":19,"column":51}}],"line":19},"7":{"loc":{"start":{"line":23,"column":9},"end":{"line":23,"column":60}},"type":"binary-expr","locations":[{"start":{"line":23,"column":9},"end":{"line":23,"column":25}},{"start":{"line":23,"column":29},"end":{"line":23,"column":60}}],"line":23}},"s":{"0":8,"1":8,"2":1,"3":8,"4":2,"5":8,"6":0,"7":8,"8":1,"9":8,"10":0,"11":8,"12":0,"13":8,"14":18},"f":{"0":8,"1":18},"b":{"0":[1,7],"1":[2,6],"2":[0,8],"3":[1,7],"4":[0,8],"5":[0,8],"6":[3,5],"7":[18,7]},"_coverageSchema":"1a1c01bbd47fc00a2c39e90264f33305004495a9","hash":"b69f17b8d508fc4e8e646e71f5a625ce684edc4b"}
,"E:\\event_mgmt_v0\\frontend\\user\\src\\utils\\toast.ts": {"path":"E:\\event_mgmt_v0\\frontend\\user\\src\\utils\\toast.ts","statementMap":{"0":{"start":{"line":5,"column":2},"end":{"line":5,"column":25}},"1":{"start":{"line":9,"column":27},"end":{"line":9,"column":77}},"2":{"start":{"line":10,"column":18},"end":{"line":12,"column":86}},"3":{"start":{"line":13,"column":2},"end":{"line":13,"column":23}},"4":{"start":{"line":17,"column":2},"end":{"line":17,"column":33}},"5":{"start":{"line":21,"column":2},"end":{"line":21,"column":33}},"6":{"start":{"line":25,"column":2},"end":{"line":25,"column":32}},"7":{"start":{"line":29,"column":2},"end":{"line":29,"column":25}}},"fnMap":{"0":{"name":"showSuccess","decl":{"start":{"line":4,"column":16},"end":{"line":4,"column":27}},"loc":{"start":{"line":4,"column":45},"end":{"line":6,"column":1}},"line":4},"1":{"name":"showError","decl":{"start":{"line":8,"column":16},"end":{"line":8,"column":25}},"loc":{"start":{"line":8,"column":42},"end":{"line":14,"column":1}},"line":8},"2":{"name":"showWarning","decl":{"start":{"line":16,"column":16},"end":{"line":16,"column":27}},"loc":{"start":{"line":16,"column":45},"end":{"line":18,"column":1}},"line":16},"3":{"name":"showInfo","decl":{"start":{"line":20,"column":16},"end":{"line":20,"column":24}},"loc":{"start":{"line":20,"column":42},"end":{"line":22,"column":1}},"line":20},"4":{"name":"showLoading","decl":{"start":{"line":24,"column":16},"end":{"line":24,"column":27}},"loc":{"start":{"line":24,"column":45},"end":{"line":26,"column":1}},"line":24},"5":{"name":"dismissToast","decl":{"start":{"line":28,"column":16},"end":{"line":28,"column":28}},"loc":{"start":{"line":28,"column":46},"end":{"line":30,"column":1}},"line":28}},"branchMap":{"0":{"loc":{"start":{"line":9,"column":27},"end":{"line":9,"column":77}},"type":"cond-expr","locations":[{"start":{"line":9,"column":52},"end":{"line":9,"column":65}},{"start":{"line":9,"column":68},"end":{"line":9,"column":77}}],"line":9},"1":{"loc":{"start":{"line":10,"column":18},"end":{"line":12,"column":86}},"type":"cond-expr","locations":[{"start":{"line":11,"column":6},"end":{"line":11,"column":74}},{"start":{"line":12,"column":6},"end":{"line":12,"column":86}}],"line":10},"2":{"loc":{"start":{"line":12,"column":6},"end":{"line":12,"column":86}},"type":"binary-expr","locations":[{"start":{"line":12,"column":6},"end":{"line":12,"column":22}},{"start":{"line":12,"column":27},"end":{"line":12,"column":85}}],"line":12},"3":{"loc":{"start":{"line":12,"column":27},"end":{"line":12,"column":85}},"type":"cond-expr","locations":[{"start":{"line":12,"column":55},"end":{"line":12,"column":60}},{"start":{"line":12,"column":63},"end":{"line":12,"column":85}}],"line":12}},"s":{"0":0,"1":0,"2":0,"3":0,"4":0,"5":0,"6":0,"7":0},"f":{"0":0,"1":0,"2":0,"3":0,"4":0,"5":0},"b":{"0":[0,0],"1":[0,0],"2":[0,0],"3":[0,0]},"_coverageSchema":"1a1c01bbd47fc00a2c39e90264f33305004495a9","hash":"ded85f6f43ce2b068e09afb63176c76482450701"}
}
