TN:
SF:src\components\common\ServerUnavailable.jsx
FN:1,ServerUnavailable
FNF:1
FNH:1
FNDA:1,ServerUnavailable
DA:2,1
LF:1
LH:1
BRDA:6,0,0,1
BRDA:6,0,1,1
BRF:2
BRH:2
end_of_record
TN:
SF:src\context\AuthContext.jsx
FN:5,AuthProvider
FN:6,(anonymous_1)
FN:8,(anonymous_2)
FN:13,(anonymous_3)
FN:19,(anonymous_4)
FN:31,useAuth
FNF:6
FNH:4
FNDA:2,AuthProvider
FNDA:2,(anonymous_1)
FNDA:0,(anonymous_2)
FNDA:0,(anonymous_3)
FNDA:2,(anonymous_4)
FNDA:1,useAuth
DA:3,2
DA:6,2
DA:8,2
DA:9,0
DA:10,0
DA:13,2
DA:14,0
DA:15,0
DA:18,2
DA:19,2
DA:28,2
DA:32,1
DA:33,1
DA:34,1
LF:14
LH:10
BRDA:33,0,0,0
BRDA:33,0,1,1
BRF:2
BRH:1
end_of_record
TN:
SF:src\context\RegistrationContext.jsx
FN:5,RegistrationProvider
FN:9,(anonymous_1)
FN:12,(anonymous_2)
FN:24,useRegistration
FNF:4
FNH:2
FNDA:2,RegistrationProvider
FNDA:2,(anonymous_1)
FNDA:0,(anonymous_2)
FNDA:0,useRegistration
DA:3,2
DA:6,2
DA:8,2
DA:9,2
DA:12,0
DA:17,2
DA:25,0
DA:26,0
DA:27,0
DA:29,0
LF:10
LH:5
BRDA:26,0,0,0
BRDA:26,0,1,0
BRF:2
BRH:0
end_of_record
TN:
SF:src\hooks\useListSearchParams.js
FN:4,parseValue
FN:13,isEmptyValue
FN:23,useListSearchParams
FN:26,(anonymous_3)
FN:35,(anonymous_4)
FN:36,(anonymous_5)
FN:58,(anonymous_6)
FN:68,useDateRangeParams
FN:74,(anonymous_8)
FN:76,(anonymous_9)
FNF:10
FNH:7
FNDA:4,parseValue
FNDA:1,isEmptyValue
FNDA:2,useListSearchParams
FNDA:2,(anonymous_3)
FNDA:1,(anonymous_4)
FNDA:1,(anonymous_5)
FNDA:1,(anonymous_6)
FNDA:0,useDateRangeParams
FNDA:0,(anonymous_8)
FNDA:0,(anonymous_9)
DA:5,4
DA:6,2
DA:7,2
DA:8,2
DA:10,2
DA:14,1
DA:15,1
DA:24,2
DA:26,2
DA:27,2
DA:28,2
DA:29,4
DA:30,4
DA:32,2
DA:35,2
DA:36,1
DA:37,1
DA:39,1
DA:40,0
DA:41,0
DA:44,1
DA:45,1
DA:46,1
DA:47,1
DA:48,1
DA:50,0
DA:54,1
DA:58,2
DA:59,1
DA:62,2
DA:69,0
DA:74,0
DA:76,0
DA:77,0
DA:83,0
LF:35
LH:27
BRDA:5,0,0,2
BRDA:5,0,1,2
BRDA:6,1,0,2
BRDA:6,1,1,1
BRDA:7,2,0,2
BRDA:7,2,1,0
BRDA:8,3,0,1
BRDA:8,3,1,1
BRDA:8,4,0,2
BRDA:8,4,1,1
BRDA:10,5,0,2
BRDA:10,5,1,0
BRDA:10,5,2,0
BRDA:14,6,0,1
BRDA:14,6,1,0
BRDA:14,7,0,0
BRDA:14,7,1,0
BRDA:15,8,0,1
BRDA:15,8,1,1
BRDA:15,8,2,1
BRDA:15,8,3,1
BRDA:29,9,0,4
BRDA:29,9,1,2
BRDA:35,10,0,1
BRDA:35,11,0,1
BRDA:40,12,0,0
BRDA:40,12,1,0
BRDA:45,13,0,1
BRDA:45,13,1,0
BRDA:46,14,0,1
BRDA:46,14,1,1
BRDA:47,15,0,1
BRDA:47,15,1,0
BRF:33
BRH:23
end_of_record
TN:
SF:src\routes\ProtectedRoute.jsx
FN:4,ProtectedRoute
FNF:1
FNH:1
FNDA:1,ProtectedRoute
DA:5,1
DA:6,1
DA:8,1
DA:9,1
DA:12,0
LF:5
LH:4
BRDA:8,0,0,1
BRDA:8,0,1,0
BRF:2
BRH:1
end_of_record
TN:
SF:src\test\test-utils.jsx
FN:7,createTestQueryClient
FN:11,renderWithProviders
FNF:2
FNH:2
FNDA:2,createTestQueryClient
FNDA:2,renderWithProviders
DA:8,2
DA:12,2
LF:2
LH:2
BRDA:11,0,0,1
BRDA:11,1,0,1
BRDA:11,2,0,2
BRF:3
BRH:3
end_of_record
