TN:
SF:src\api\authSession.ts
FN:4,(anonymous_0)
FN:6,setAccessToken
FN:10,(anonymous_2)
FN:13,(anonymous_3)
FN:15,subscribeToAccessToken
FN:17,(anonymous_5)
FNF:6
FNH:5
FNDA:0,(anonymous_0)
FNDA:5,setAccessToken
FNDA:3,(anonymous_2)
FNDA:2,(anonymous_3)
FNDA:35,subscribeToAccessToken
FNDA:35,(anonymous_5)
DA:1,14
DA:2,14
DA:4,14
DA:7,5
DA:8,5
DA:9,2
DA:10,5
DA:13,14
DA:16,35
DA:17,35
DA:18,35
LF:11
LH:11
BRDA:8,0,0,3
BRDA:8,0,1,2
BRF:2
BRH:2
end_of_record
TN:
SF:src\api\organizerAxios.ts
FN:12,(anonymous_0)
FN:22,refreshAccessToken
FN:31,(anonymous_2)
FN:34,(anonymous_3)
FN:42,(anonymous_4)
FN:43,(anonymous_5)
FNF:6
FNH:4
FNDA:0,(anonymous_0)
FNDA:3,refreshAccessToken
FNDA:1,(anonymous_2)
FNDA:2,(anonymous_3)
FNDA:0,(anonymous_4)
FNDA:4,(anonymous_5)
DA:6,1
DA:12,1
DA:13,0
DA:14,0
DA:15,0
DA:17,0
DA:20,1
DA:23,3
DA:24,2
DA:32,1
DA:33,1
DA:35,2
DA:38,3
DA:41,1
DA:42,0
DA:44,4
DA:45,4
DA:46,4
DA:47,3
DA:48,3
DA:49,3
DA:50,2
DA:51,2
DA:53,1
DA:54,1
DA:55,1
DA:58,1
DA:59,0
DA:60,0
DA:63,0
DA:66,1
LF:31
LH:23
BRDA:14,0,0,0
BRDA:14,0,1,0
BRDA:23,1,0,2
BRDA:23,1,1,1
BRDA:44,2,0,0
BRDA:44,2,1,4
BRDA:46,3,0,3
BRDA:46,3,1,1
BRDA:46,4,0,4
BRDA:46,4,1,3
BRDA:46,4,2,3
BRDA:54,5,0,0
BRDA:54,5,1,1
BRDA:58,6,0,0
BRDA:58,6,1,1
BRDA:60,7,0,0
BRDA:60,7,1,0
BRDA:60,8,0,0
BRDA:60,8,1,0
BRDA:60,8,2,0
BRF:20
BRH:10
end_of_record
TN:
SF:src\components\common\Button.tsx
FN:25,Button
FNF:1
FNH:1
FNDA:164,Button
DA:4,10
DA:12,10
DA:34,164
LF:3
LH:3
BRDA:27,0,0,107
BRDA:28,1,0,61
BRDA:30,2,0,53
BRDA:42,3,0,164
BRDA:42,3,1,164
BRDA:45,4,0,164
BRDA:45,4,1,0
BRF:7
BRH:6
end_of_record
TN:
SF:src\components\common\Container.tsx
FN:10,Container
FNF:1
FNH:1
FNDA:101,Container
DA:11,101
LF:1
LH:1
BRDA:10,0,0,101
BRF:1
BRH:1
end_of_record
TN:
SF:src\components\common\EmptyState.tsx
FN:10,EmptyState
FNF:1
FNH:1
FNDA:1,EmptyState
DA:11,1
LF:1
LH:1
BRDA:13,0,0,1
BRDA:13,0,1,1
BRDA:19,1,0,1
BRDA:19,1,1,1
BRDA:20,2,0,1
BRDA:20,2,1,0
BRF:6
BRH:5
end_of_record
TN:
SF:src\components\common\Input.tsx
FN:19,FieldLabel
FN:29,Input
FN:49,Select
FN:70,Textarea
FNF:4
FNH:2
FNDA:333,FieldLabel
FNDA:333,Input
FNDA:0,Select
FNDA:0,Textarea
DA:20,333
DA:21,316
DA:30,333
DA:32,333
DA:50,0
DA:51,0
DA:71,0
DA:72,0
LF:8
LH:4
BRDA:20,0,0,17
BRDA:20,0,1,316
BRDA:24,1,0,316
BRDA:24,1,1,243
BRDA:30,2,0,333
BRDA:30,2,1,333
BRDA:39,3,0,333
BRDA:39,3,1,8
BRDA:44,4,0,333
BRDA:44,4,1,8
BRDA:50,5,0,0
BRDA:50,5,1,0
BRDA:58,6,0,0
BRDA:58,6,1,0
BRDA:65,7,0,0
BRDA:65,7,1,0
BRDA:71,8,0,0
BRDA:71,8,1,0
BRDA:79,9,0,0
BRDA:79,9,1,0
BRDA:84,10,0,0
BRDA:84,10,1,0
BRF:22
BRH:10
end_of_record
TN:
SF:src\components\common\Loader.tsx
FN:3,Loader
FNF:1
FNH:1
FNDA:28,Loader
DA:4,28
LF:1
LH:1
BRDA:3,0,0,0
BRF:1
BRH:0
end_of_record
TN:
SF:src\components\common\ServerUnavailable.tsx
FN:1,ServerUnavailable
FNF:1
FNH:1
FNDA:1,ServerUnavailable
DA:2,1
LF:1
LH:1
BRDA:6,0,0,1
BRDA:6,0,1,1
BRF:2
BRH:2
end_of_record
TN:
SF:src\components\event\EventCard.tsx
FN:15,RegistrationBadge
FN:29,EventCard
FNF:2
FNH:2
FNDA:6,RegistrationBadge
FNDA:6,EventCard
DA:9,1
DA:16,6
DA:17,6
DA:30,6
DA:31,6
DA:32,6
DA:36,6
LF:7
LH:7
BRDA:21,0,0,6
BRDA:21,0,1,0
BRDA:24,1,0,6
BRDA:24,1,1,0
BRDA:29,2,0,4
BRDA:30,3,0,6
BRDA:30,3,1,6
BRDA:31,4,0,6
BRDA:31,4,1,0
BRDA:32,5,0,0
BRDA:32,5,1,6
BRDA:34,6,0,6
BRDA:34,6,1,0
BRDA:40,7,0,6
BRDA:40,7,1,2
BRDA:45,8,0,6
BRDA:45,8,1,0
BRDA:67,9,0,6
BRDA:67,9,1,0
BRDA:81,10,0,6
BRDA:81,10,1,6
BRDA:95,11,0,0
BRDA:95,11,1,6
BRDA:96,12,0,0
BRDA:96,12,1,6
BRDA:98,13,0,6
BRDA:98,13,1,6
BRF:27
BRH:18
end_of_record
TN:
SF:src\components\event\EventCardSkeleton.tsx
FN:1,EventCardSkeleton
FN:18,EventGridSkeleton
FN:21,(anonymous_2)
FNF:3
FNH:3
FNDA:30,EventCardSkeleton
FNDA:5,EventGridSkeleton
FNDA:30,(anonymous_2)
DA:2,30
DA:19,5
DA:22,30
LF:3
LH:3
BRDA:18,0,0,0
BRF:1
BRH:0
end_of_record
TN:
SF:src\components\event\EventGrid.tsx
FN:13,EventGrid
FN:37,(anonymous_1)
FNF:2
FNH:2
FNDA:4,EventGrid
FNDA:4,(anonymous_1)
DA:14,4
DA:15,0
DA:35,4
DA:38,4
LF:4
LH:3
BRDA:14,0,0,0
BRDA:14,0,1,4
BRDA:18,1,0,0
BRDA:18,1,1,0
BRDA:20,2,0,0
BRDA:20,2,1,0
BRDA:25,3,0,0
BRDA:25,3,1,0
BRDA:25,4,0,0
BRDA:25,4,1,0
BRF:10
BRH:1
end_of_record
TN:
SF:src\components\event\EventInfo.tsx
FN:6,EventInfo
FN:30,(anonymous_1)
FN:41,(anonymous_2)
FN:74,InfoRow
FNF:4
FNH:4
FNDA:1,EventInfo
FNDA:1,(anonymous_1)
FNDA:1,(anonymous_2)
FNDA:5,InfoRow
DA:7,1
DA:9,1
DA:31,1
DA:42,1
DA:79,5
LF:5
LH:5
BRDA:7,0,0,1
BRDA:7,0,1,1
BRDA:12,1,0,1
BRDA:12,1,1,0
BRDA:21,2,0,1
BRDA:21,2,1,1
BRDA:26,3,0,1
BRDA:26,3,1,1
BRDA:26,3,2,1
BRDA:37,4,0,1
BRDA:37,4,1,1
BRDA:37,4,2,1
BRDA:51,5,0,1
BRDA:51,5,1,1
BRDA:61,6,0,0
BRDA:61,6,1,1
BRDA:63,7,0,1
BRDA:63,7,1,1
BRDA:63,7,2,0
BRDA:63,7,3,1
BRDA:66,8,0,1
BRDA:66,8,1,1
BRF:22
BRH:19
end_of_record
TN:
SF:src\components\event\Hero.tsx
FN:13,Hero
FN:14,(anonymous_1)
FNF:2
FNH:1
FNDA:11,Hero
FNDA:0,(anonymous_1)
DA:14,11
DA:15,0
DA:16,0
DA:19,11
LF:4
LH:2
BRF:0
BRH:0
end_of_record
TN:
SF:src\components\event\HomeCta.tsx
FN:5,HomeCta
FNF:1
FNH:1
FNDA:11,HomeCta
DA:6,11
LF:1
LH:1
BRF:0
BRH:0
end_of_record
TN:
SF:src\components\event\HomeStats.tsx
FN:4,HomeStats
FN:6,(anonymous_1)
FN:7,(anonymous_2)
FN:8,(anonymous_3)
FN:19,(anonymous_4)
FNF:5
FNH:5
FNDA:4,HomeStats
FNDA:4,(anonymous_1)
FNDA:4,(anonymous_2)
FNDA:4,(anonymous_3)
FNDA:16,(anonymous_4)
DA:5,4
DA:6,4
DA:7,4
DA:8,4
DA:10,4
DA:17,4
DA:20,16
LF:7
LH:7
BRDA:4,0,0,0
BRF:1
BRH:0
end_of_record
TN:
SF:src\components\event\RegistrationCard.tsx
FN:7,RegistrationCard
FNF:1
FNH:1
FNDA:1,RegistrationCard
DA:8,1
DA:9,1
DA:10,1
DA:12,1
LF:4
LH:4
BRDA:10,0,0,1
BRDA:10,0,1,1
BRDA:16,1,0,0
BRDA:16,1,1,1
BRDA:22,2,0,0
BRDA:22,2,1,1
BRDA:26,3,0,0
BRDA:26,3,1,1
BRDA:30,4,0,0
BRDA:30,4,1,1
BRF:10
BRH:6
end_of_record
TN:
SF:src\components\event\SearchBar.tsx
FN:23,filtersToSearchParams
FN:40,SearchBar
FN:47,(anonymous_2)
FN:58,(anonymous_3)
FN:62,(anonymous_4)
FN:63,(anonymous_5)
FN:66,(anonymous_6)
FN:71,(anonymous_7)
FN:106,(anonymous_8)
FN:111,(anonymous_9)
FN:124,(anonymous_10)
FN:130,(anonymous_11)
FN:137,(anonymous_12)
FN:143,(anonymous_13)
FN:147,(anonymous_14)
FN:156,(anonymous_15)
FN:159,(anonymous_16)
FNF:17
FNH:0
FNDA:0,filtersToSearchParams
FNDA:0,SearchBar
FNDA:0,(anonymous_2)
FNDA:0,(anonymous_3)
FNDA:0,(anonymous_4)
FNDA:0,(anonymous_5)
FNDA:0,(anonymous_6)
FNDA:0,(anonymous_7)
FNDA:0,(anonymous_8)
FNDA:0,(anonymous_9)
FNDA:0,(anonymous_10)
FNDA:0,(anonymous_11)
FNDA:0,(anonymous_12)
FNDA:0,(anonymous_13)
FNDA:0,(anonymous_14)
FNDA:0,(anonymous_15)
FNDA:0,(anonymous_16)
DA:13,1
DA:24,0
DA:25,0
DA:26,0
DA:27,0
DA:28,0
DA:29,0
DA:30,0
DA:31,0
DA:41,0
DA:42,0
DA:45,0
DA:47,0
DA:48,0
DA:58,0
DA:59,0
DA:62,0
DA:63,0
DA:66,0
DA:67,0
DA:68,0
DA:71,0
DA:72,0
DA:73,0
DA:76,0
DA:78,0
DA:106,0
DA:111,0
DA:124,0
DA:130,0
DA:137,0
DA:143,0
DA:148,0
DA:156,0
DA:160,0
LF:35
LH:1
BRDA:25,0,0,0
BRDA:25,0,1,0
BRDA:26,1,0,0
BRDA:26,1,1,0
BRDA:27,2,0,0
BRDA:27,2,1,0
BRDA:28,3,0,0
BRDA:28,3,1,0
BRDA:29,4,0,0
BRDA:29,4,1,0
BRDA:30,5,0,0
BRDA:30,5,1,0
BRDA:40,6,0,0
BRDA:40,7,0,0
BRDA:49,8,0,0
BRDA:49,8,1,0
BRDA:50,9,0,0
BRDA:50,9,1,0
BRDA:51,10,0,0
BRDA:51,10,1,0
BRDA:52,11,0,0
BRDA:52,11,1,0
BRDA:53,12,0,0
BRDA:53,12,1,0
BRDA:54,13,0,0
BRDA:54,13,1,0
BRDA:81,14,0,0
BRDA:81,14,1,0
BRDA:83,15,0,0
BRDA:83,15,1,0
BRDA:86,16,0,0
BRDA:86,16,1,0
BRDA:119,17,0,0
BRDA:119,17,1,0
BRDA:160,18,0,0
BRDA:160,18,1,0
BRF:36
BRH:0
end_of_record
TN:
SF:src\components\event\WhyChooseSection.tsx
FN:27,WhyChooseSection
FN:38,(anonymous_1)
FNF:2
FNH:2
FNDA:11,WhyChooseSection
FNDA:44,(anonymous_1)
DA:4,1
DA:28,11
DA:39,44
LF:3
LH:3
BRF:0
BRH:0
end_of_record
TN:
SF:src\components\organizer\ConfirmDialog.tsx
FN:16,ConfirmDialog
FNF:1
FNH:1
FNDA:1,ConfirmDialog
DA:17,1
DA:19,0
LF:2
LH:1
BRDA:16,0,0,0
BRDA:16,1,0,1
BRDA:16,2,0,0
BRDA:17,3,0,1
BRDA:17,3,1,0
BRF:5
BRH:2
end_of_record
TN:
SF:src\components\organizer\EventTable.tsx
FN:32,EventTable
FN:39,(anonymous_1)
FN:44,(anonymous_2)
FN:52,(anonymous_3)
FN:70,(anonymous_4)
FN:77,(anonymous_5)
FN:105,(anonymous_6)
FN:131,(anonymous_7)
FN:136,(anonymous_8)
FN:151,(anonymous_9)
FN:164,(anonymous_10)
FN:165,(anonymous_11)
FNF:12
FNH:3
FNDA:1,EventTable
FNDA:0,(anonymous_1)
FNDA:0,(anonymous_2)
FNDA:1,(anonymous_3)
FNDA:0,(anonymous_4)
FNDA:0,(anonymous_5)
FNDA:1,(anonymous_6)
FNDA:0,(anonymous_7)
FNDA:0,(anonymous_8)
FNDA:0,(anonymous_9)
FNDA:0,(anonymous_10)
FNDA:0,(anonymous_11)
DA:16,1
DA:33,1
DA:34,1
DA:35,1
DA:36,1
DA:38,1
DA:40,0
DA:41,0
DA:42,0
DA:45,0
DA:46,0
DA:47,0
DA:52,1
DA:53,1
DA:54,1
DA:55,1
DA:56,1
DA:59,1
DA:61,1
DA:63,1
DA:70,0
DA:77,0
DA:106,1
DA:131,0
DA:136,0
DA:151,0
DA:164,0
DA:165,0
LF:28
LH:15
BRDA:40,0,0,0
BRDA:40,0,1,0
BRDA:41,1,0,0
BRDA:41,1,1,0
BRDA:47,2,0,0
BRDA:47,2,1,0
BRDA:54,3,0,1
BRDA:54,3,1,0
BRDA:54,3,2,0
BRDA:55,4,0,1
BRDA:55,4,1,0
BRDA:55,4,2,0
BRDA:55,4,3,0
BRDA:56,5,0,1
BRDA:56,5,1,1
BRDA:61,6,0,0
BRDA:61,6,1,1
BRDA:111,7,0,1
BRDA:111,7,1,0
BRDA:115,8,0,0
BRDA:115,8,1,1
BRDA:130,9,0,1
BRDA:130,9,1,1
BRDA:130,9,2,1
BRDA:135,10,0,1
BRDA:135,10,1,1
BRDA:147,11,0,1
BRDA:147,11,1,0
BRDA:158,12,0,0
BRDA:158,12,1,1
BRDA:159,13,0,0
BRDA:159,13,1,1
BRDA:162,14,0,0
BRDA:162,14,1,1
BRDA:164,15,0,0
BRDA:164,15,1,0
BRF:36
BRH:16
end_of_record
TN:
SF:src\components\organizer\Pagination.tsx
FN:10,Pagination
FN:17,(anonymous_1)
FN:20,(anonymous_2)
FN:28,paginate
FNF:4
FNH:4
FNDA:3,Pagination
FNDA:1,(anonymous_1)
FNDA:1,(anonymous_2)
FNDA:2,paginate
DA:11,3
DA:13,1
DA:17,1
DA:20,1
DA:29,2
DA:30,2
DA:31,2
DA:32,2
LF:8
LH:8
BRDA:11,0,0,2
BRDA:11,0,1,1
BRF:2
BRH:2
end_of_record
TN:
SF:src\components\organizer\StatCard.tsx
FN:12,StatCard
FNF:1
FNH:1
FNDA:14,StatCard
DA:13,14
LF:1
LH:1
BRDA:19,0,0,14
BRDA:19,0,1,0
BRDA:21,1,0,14
BRDA:21,1,1,14
BRF:4
BRH:3
end_of_record
TN:
SF:src\components\organizer\StatusBadge.tsx
FN:22,StatusBadge
FNF:1
FNH:1
FNDA:4,StatusBadge
DA:3,3
DA:23,4
DA:24,3
LF:3
LH:3
BRDA:23,0,0,1
BRDA:23,0,1,3
BRDA:25,1,0,3
BRDA:25,1,1,0
BRF:4
BRH:3
end_of_record
TN:
SF:src\components\payment\PaymentSuccess.tsx
FN:11,PaymentSuccess
FNF:1
FNH:1
FNDA:1,PaymentSuccess
DA:12,1
LF:1
LH:1
BRDA:21,0,0,1
BRDA:21,0,1,1
BRF:2
BRH:2
end_of_record
TN:
SF:src\components\payment\PaymentSummary.tsx
FN:13,PaymentSummary
FN:31,Row
FN:42,PaymentSimulationCard
FNF:3
FNH:3
FNDA:5,PaymentSummary
FNDA:20,Row
FNDA:5,PaymentSimulationCard
DA:14,5
DA:32,20
DA:48,5
LF:3
LH:3
BRDA:21,0,0,5
BRDA:21,0,1,0
BRDA:31,1,0,15
BRDA:31,2,0,15
BRDA:35,3,0,5
BRDA:35,3,1,15
BRDA:35,4,0,5
BRDA:35,4,1,15
BRF:8
BRH:7
end_of_record
TN:
SF:src\components\registration\ContactForm.tsx
FN:5,ContactForm
FNF:1
FNH:1
FNDA:17,ContactForm
DA:9,17
LF:1
LH:1
BRF:0
BRH:0
end_of_record
TN:
SF:src\components\registration\RegistrationSummary.tsx
FN:16,RegistrationSummary
FN:40,Row
FNF:2
FNH:2
FNDA:17,RegistrationSummary
FNDA:69,Row
DA:17,17
DA:18,17
DA:19,17
DA:20,17
DA:21,17
DA:22,17
DA:24,17
DA:41,69
LF:8
LH:8
BRDA:17,0,0,17
BRDA:17,0,1,0
BRDA:18,1,0,17
BRDA:18,1,1,0
BRDA:19,2,0,17
BRDA:19,2,1,0
BRDA:21,3,0,17
BRDA:21,3,1,16
BRDA:22,4,0,17
BRDA:22,4,1,16
BRDA:28,5,0,0
BRDA:28,5,1,17
BRDA:29,6,0,17
BRDA:29,6,1,17
BRDA:30,7,0,17
BRDA:30,7,1,17
BRDA:31,8,0,17
BRDA:31,8,1,1
BRDA:40,9,0,51
BRF:19
BRH:15
end_of_record
TN:
SF:src\context\AuthContext.tsx
FN:17,AuthProvider
FN:18,(anonymous_1)
FN:20,(anonymous_2)
FN:22,(anonymous_3)
FN:27,(anonymous_4)
FN:33,(anonymous_5)
FN:45,useAuth
FNF:7
FNH:7
FNDA:38,AuthProvider
FNDA:35,(anonymous_1)
FNDA:35,(anonymous_2)
FNDA:2,(anonymous_3)
FNDA:1,(anonymous_4)
FNDA:38,(anonymous_5)
FNDA:75,useAuth
DA:15,13
DA:18,38
DA:20,38
DA:22,38
DA:23,2
DA:24,2
DA:27,38
DA:28,1
DA:29,1
DA:32,38
DA:33,38
DA:42,38
DA:46,75
DA:47,75
DA:48,75
LF:15
LH:15
BRDA:47,0,0,0
BRDA:47,0,1,75
BRF:2
BRH:1
end_of_record
TN:
SF:src\context\RegistrationContext.tsx
FN:20,RegistrationProvider
FN:24,(anonymous_1)
FN:27,(anonymous_2)
FN:39,useRegistration
FNF:4
FNH:4
FNDA:38,RegistrationProvider
FNDA:38,(anonymous_1)
FNDA:1,(anonymous_2)
FNDA:38,useRegistration
DA:18,13
DA:21,38
DA:23,38
DA:24,38
DA:27,1
DA:32,38
DA:40,38
DA:41,38
DA:42,0
DA:44,38
LF:10
LH:9
BRDA:41,0,0,0
BRDA:41,0,1,38
BRF:2
BRH:1
end_of_record
TN:
SF:src\hooks\useDebounce.ts
FN:3,useDebounce
FN:6,(anonymous_1)
FN:7,(anonymous_2)
FN:11,(anonymous_3)
FNF:4
FNH:0
FNDA:0,useDebounce
FNDA:0,(anonymous_1)
FNDA:0,(anonymous_2)
FNDA:0,(anonymous_3)
DA:4,0
DA:6,0
DA:7,0
DA:8,0
DA:11,0
DA:14,0
LF:6
LH:0
BRDA:3,0,0,0
BRF:1
BRH:0
end_of_record
TN:
SF:src\hooks\useListSearchParams.ts
FN:21,parseValue
FN:30,isEmptyValue
FN:40,useListSearchParams
FN:43,(anonymous_3)
FN:52,(anonymous_4)
FN:53,(anonymous_5)
FN:75,(anonymous_6)
FN:90,useDateRangeParams
FN:96,(anonymous_8)
FN:98,(anonymous_9)
FNF:10
FNH:10
FNDA:57,parseValue
FNDA:11,isEmptyValue
FNDA:26,useListSearchParams
FNDA:16,(anonymous_3)
FNDA:4,(anonymous_4)
FNDA:4,(anonymous_5)
FNDA:1,(anonymous_6)
FNDA:7,useDateRangeParams
FNDA:5,(anonymous_8)
FNDA:2,(anonymous_9)
DA:22,57
DA:23,3
DA:24,3
DA:25,3
DA:27,54
DA:31,11
DA:32,11
DA:41,26
DA:43,26
DA:44,16
DA:45,16
DA:46,57
DA:47,57
DA:49,16
DA:52,26
DA:53,4
DA:54,4
DA:56,4
DA:57,0
DA:58,0
DA:61,4
DA:62,11
DA:63,11
DA:64,11
DA:65,9
DA:67,2
DA:71,4
DA:75,26
DA:76,1
DA:79,26
DA:91,7
DA:96,7
DA:98,7
DA:99,2
DA:103,2
DA:109,7
LF:36
LH:34
BRDA:22,0,0,3
BRDA:22,0,1,54
BRDA:23,1,0,3
BRDA:23,1,1,2
BRDA:24,2,0,3
BRDA:24,2,1,0
BRDA:25,3,0,1
BRDA:25,3,1,2
BRDA:25,4,0,3
BRDA:25,4,1,1
BRDA:27,5,0,54
BRDA:27,5,1,48
BRDA:27,5,2,0
BRDA:31,6,0,11
BRDA:31,6,1,0
BRDA:31,7,0,0
BRDA:31,7,1,0
BRDA:32,8,0,11
BRDA:32,8,1,11
BRDA:32,8,2,11
BRDA:32,8,3,5
BRDA:46,9,0,57
BRDA:46,9,1,55
BRDA:52,10,0,4
BRDA:52,11,0,4
BRDA:57,12,0,0
BRDA:57,12,1,0
BRDA:62,13,0,11
BRDA:62,13,1,0
BRDA:63,14,0,11
BRDA:63,14,1,11
BRDA:64,15,0,9
BRDA:64,15,1,2
BRDA:99,16,0,2
BRDA:99,16,1,0
BRF:35
BRH:26
end_of_record
TN:
SF:src\pages\organizer\Dashboard.tsx
FN:14,defaultRange
FN:25,OrganizerDashboard
FN:27,(anonymous_2)
FN:33,(anonymous_3)
FN:34,(anonymous_4)
FN:62,(anonymous_5)
FN:62,(anonymous_6)
FN:66,(anonymous_7)
FN:66,(anonymous_8)
FN:87,(anonymous_9)
FNF:10
FNH:5
FNDA:2,defaultRange
FNDA:2,OrganizerDashboard
FNDA:1,(anonymous_2)
FNDA:1,(anonymous_3)
FNDA:1,(anonymous_4)
FNDA:0,(anonymous_5)
FNDA:0,(anonymous_6)
FNDA:0,(anonymous_7)
FNDA:0,(anonymous_8)
FNDA:0,(anonymous_9)
DA:15,2
DA:16,2
DA:17,2
DA:18,2
DA:26,2
DA:27,2
DA:32,2
DA:33,2
DA:34,2
DA:36,2
DA:38,1
DA:40,1
DA:62,0
DA:66,0
DA:88,0
LF:15
LH:12
BRDA:36,0,0,1
BRDA:36,0,1,1
BRDA:48,1,0,1
BRDA:48,1,1,0
BRDA:49,2,0,1
BRDA:49,2,1,0
BRDA:50,3,0,1
BRDA:50,3,1,0
BRDA:51,4,0,1
BRDA:51,4,1,0
BRDA:52,5,0,1
BRDA:52,5,1,0
BRDA:83,6,0,1
BRDA:83,6,1,0
BRDA:83,7,0,1
BRDA:83,7,1,1
BRDA:87,8,0,0
BRDA:87,8,1,0
BRF:18
BRH:10
end_of_record
TN:
SF:src\pages\organizer\Events.tsx
FN:12,OrganizerEvents
FN:45,(anonymous_1)
FNF:2
FNH:1
FNDA:6,OrganizerEvents
FNDA:0,(anonymous_1)
DA:13,6
DA:18,6
DA:20,6
DA:45,0
LF:4
LH:3
BRDA:27,0,0,6
BRDA:27,0,1,3
BRDA:28,1,0,6
BRDA:28,1,1,1
BRDA:35,2,0,6
BRDA:35,2,1,3
BRDA:35,2,2,2
BRDA:35,2,3,1
BRDA:53,3,0,6
BRDA:53,3,1,3
BRDA:53,3,2,2
BRDA:53,3,3,1
BRDA:53,4,0,2
BRDA:53,4,1,0
BRDA:53,5,0,1
BRDA:53,5,1,0
BRF:16
BRH:14
end_of_record
TN:
SF:src\pages\organizer\Login.tsx
FN:11,OrganizerLogin
FN:21,(anonymous_1)
FN:22,(anonymous_2)
FN:49,(anonymous_3)
FN:50,(anonymous_4)
FN:51,(anonymous_5)
FNF:6
FNH:6
FNDA:69,OrganizerLogin
FNDA:2,(anonymous_1)
FNDA:1,(anonymous_2)
FNDA:2,(anonymous_3)
FNDA:40,(anonymous_4)
FNDA:25,(anonymous_5)
DA:12,69
DA:13,69
DA:14,69
DA:15,69
DA:16,69
DA:17,69
DA:18,69
DA:20,69
DA:21,2
DA:23,1
DA:24,1
DA:25,1
DA:30,69
DA:49,2
DA:50,40
DA:51,25
LF:16
LH:16
BRDA:17,0,0,69
BRDA:17,0,1,69
BRDA:43,1,0,69
BRDA:43,1,1,0
BRF:4
BRH:3
end_of_record
TN:
SF:src\pages\organizer\Profile.tsx
FN:11,OrganizerProfile
FN:35,(anonymous_1)
FN:39,(anonymous_2)
FN:40,(anonymous_3)
FN:52,(anonymous_4)
FN:63,(anonymous_5)
FNF:6
FNH:6
FNDA:14,OrganizerProfile
FNDA:1,(anonymous_1)
FNDA:1,(anonymous_2)
FNDA:1,(anonymous_3)
FNDA:1,(anonymous_4)
FNDA:1,(anonymous_5)
DA:12,14
DA:14,14
DA:19,14
DA:28,14
DA:33,14
DA:35,1
DA:38,14
DA:39,1
DA:40,1
DA:43,14
DA:45,8
DA:52,1
DA:63,1
LF:13
LH:13
BRDA:21,0,0,8
BRDA:21,0,1,6
BRDA:23,1,0,8
BRDA:23,1,1,0
BRDA:24,2,0,8
BRDA:24,2,1,0
BRDA:43,3,0,6
BRDA:43,3,1,8
BRDA:57,4,0,8
BRDA:57,4,1,0
BRDA:58,5,0,8
BRDA:58,5,1,0
BRDA:59,6,0,8
BRDA:59,6,1,1
BRDA:68,7,0,8
BRDA:68,7,1,0
BRDA:69,8,0,8
BRDA:69,8,1,1
BRF:18
BRH:13
end_of_record
TN:
SF:src\pages\organizer\SalesReport.tsx
FN:12,defaultRange
FN:19,SalesReport
FN:21,(anonymous_2)
FN:26,(anonymous_3)
FN:27,(anonymous_4)
FN:28,(anonymous_5)
FN:43,(anonymous_6)
FN:43,(anonymous_7)
FN:44,(anonymous_8)
FN:44,(anonymous_9)
FN:85,(anonymous_10)
FNF:11
FNH:8
FNDA:3,defaultRange
FNDA:3,SalesReport
FNDA:2,(anonymous_2)
FNDA:2,(anonymous_3)
FNDA:2,(anonymous_4)
FNDA:2,(anonymous_5)
FNDA:0,(anonymous_6)
FNDA:0,(anonymous_7)
FNDA:1,(anonymous_8)
FNDA:1,(anonymous_9)
FNDA:0,(anonymous_10)
DA:13,3
DA:14,3
DA:15,3
DA:16,3
DA:20,3
DA:21,3
DA:26,3
DA:27,3
DA:28,3
DA:29,3
DA:31,3
DA:33,2
DA:35,2
DA:43,0
DA:44,1
DA:86,0
LF:16
LH:14
BRDA:31,0,0,1
BRDA:31,0,1,2
BRDA:48,1,0,2
BRDA:48,1,1,0
BRDA:51,2,0,2
BRDA:51,2,1,1
BRDA:53,3,0,2
BRDA:53,3,1,1
BRDA:54,4,0,2
BRDA:54,4,1,2
BRDA:70,5,0,2
BRDA:70,5,1,0
BRF:12
BRH:10
end_of_record
TN:
SF:src\pages\organizer\Signup.tsx
FN:13,OrganizerSignup
FN:33,(anonymous_1)
FN:40,(anonymous_2)
FN:60,(anonymous_3)
FNF:4
FNH:4
FNDA:9,OrganizerSignup
FNDA:2,(anonymous_1)
FNDA:1,(anonymous_2)
FNDA:2,(anonymous_3)
DA:14,9
DA:20,9
DA:32,9
DA:33,2
DA:41,1
DA:42,1
DA:47,9
DA:60,2
LF:8
LH:8
BRF:0
BRH:0
end_of_record
TN:
SF:src\pages\public\EventDetails.tsx
FN:10,EventDetails
FN:15,(anonymous_1)
FNF:2
FNH:2
FNDA:5,EventDetails
FNDA:3,(anonymous_1)
DA:11,5
DA:13,5
DA:15,3
DA:18,5
DA:19,3
DA:26,2
DA:27,1
DA:37,1
LF:8
LH:8
BRDA:15,0,0,3
BRDA:15,0,1,0
BRDA:18,1,0,3
BRDA:18,1,1,2
BRDA:26,2,0,1
BRDA:26,2,1,1
BRDA:26,3,0,2
BRDA:26,3,1,1
BRDA:29,4,0,1
BRDA:29,4,1,0
BRF:10
BRH:8
end_of_record
TN:
SF:src\pages\public\Home.tsx
FN:26,Home
FN:32,(anonymous_1)
FN:37,(anonymous_2)
FN:45,(anonymous_3)
FN:46,(anonymous_4)
FN:49,(anonymous_5)
FN:61,(anonymous_6)
FN:72,(anonymous_7)
FN:76,(anonymous_8)
FN:116,(anonymous_9)
FN:165,(anonymous_10)
FNF:11
FNH:9
FNDA:16,Home
FNDA:5,(anonymous_1)
FNDA:6,(anonymous_2)
FNDA:6,(anonymous_3)
FNDA:28,(anonymous_4)
FNDA:1,(anonymous_5)
FNDA:0,(anonymous_6)
FNDA:1,(anonymous_7)
FNDA:10,(anonymous_8)
FNDA:4,(anonymous_9)
FNDA:0,(anonymous_10)
DA:17,1
DA:27,16
DA:28,16
DA:30,16
DA:32,16
DA:33,5
DA:36,16
DA:37,6
DA:41,16
DA:43,16
DA:45,6
DA:46,28
DA:49,16
DA:50,1
DA:58,1
DA:61,16
DA:62,0
DA:72,16
DA:73,1
DA:76,16
DA:77,10
DA:78,2
DA:81,16
DA:83,16
DA:117,4
DA:165,0
LF:26
LH:24
BRDA:45,0,0,2
BRDA:45,0,1,4
BRDA:51,1,0,1
BRDA:51,1,1,1
BRDA:52,2,0,1
BRDA:52,2,1,1
BRDA:53,3,0,1
BRDA:53,3,1,1
BRDA:54,4,0,1
BRDA:54,4,1,1
BRDA:55,5,0,1
BRDA:55,5,1,1
BRDA:56,6,0,1
BRDA:56,6,1,1
BRDA:58,7,0,1
BRDA:58,7,1,1
BRDA:77,8,0,8
BRDA:77,8,1,2
BRDA:77,9,0,10
BRDA:77,9,1,6
BRDA:81,10,0,16
BRDA:81,10,1,8
BRDA:101,11,0,16
BRDA:101,11,1,11
BRDA:101,11,2,8
BRDA:101,11,3,8
BRDA:107,12,0,16
BRDA:107,12,1,10
BRDA:107,12,2,4
BRDA:127,13,0,6
BRDA:127,13,1,10
BRDA:130,14,0,6
BRDA:130,14,1,10
BRDA:131,15,0,4
BRDA:131,15,1,2
BRDA:135,16,0,16
BRDA:135,16,1,6
BRDA:146,17,0,16
BRDA:146,17,1,5
BRDA:148,18,0,16
BRDA:148,18,1,3
BRDA:152,19,0,16
BRDA:152,19,1,11
BRDA:152,19,2,8
BRDA:153,20,0,2
BRDA:153,20,1,6
BRF:46
BRH:46
end_of_record
TN:
SF:src\pages\registration\Payment.tsx
FN:18,Payment
FN:28,(anonymous_1)
FN:36,(anonymous_2)
FN:57,(anonymous_3)
FNF:4
FNH:4
FNDA:8,Payment
FNDA:2,(anonymous_1)
FNDA:1,(anonymous_2)
FNDA:1,(anonymous_3)
DA:19,8
DA:20,8
DA:21,8
DA:22,8
DA:23,8
DA:24,8
DA:26,8
DA:28,2
DA:32,8
DA:33,8
DA:34,8
DA:36,8
DA:37,1
DA:38,1
DA:39,1
DA:40,1
DA:41,1
DA:42,0
DA:43,0
DA:45,1
DA:46,1
DA:47,1
DA:48,1
DA:50,0
DA:51,0
DA:53,1
DA:57,8
DA:58,1
DA:59,1
DA:60,1
DA:61,1
DA:62,1
DA:63,1
DA:67,0
DA:69,1
DA:73,8
DA:74,2
DA:81,6
DA:82,1
DA:89,5
DA:91,5
LF:41
LH:36
BRDA:28,0,0,2
BRDA:28,0,1,0
BRDA:29,1,0,1
BRDA:29,1,1,7
BRDA:29,2,0,8
BRDA:29,2,1,1
BRDA:32,3,0,8
BRDA:32,3,1,7
BRDA:33,4,0,8
BRDA:33,4,1,7
BRDA:34,5,0,8
BRDA:34,5,1,2
BRDA:41,6,0,0
BRDA:41,6,1,1
BRDA:42,7,0,0
BRDA:42,7,1,0
BRDA:45,8,0,1
BRDA:45,8,1,0
BRDA:61,9,0,1
BRDA:61,9,1,0
BRDA:73,10,0,2
BRDA:73,10,1,6
BRDA:81,11,0,1
BRDA:81,11,1,5
BRDA:102,12,0,5
BRDA:102,12,1,0
BRDA:110,13,0,5
BRDA:110,13,1,0
BRDA:117,14,0,5
BRDA:117,14,1,0
BRF:30
BRH:21
end_of_record
TN:
SF:src\pages\registration\Receipt.tsx
FN:11,Receipt
FN:16,(anonymous_1)
FN:44,(anonymous_2)
FN:137,Section
FN:146,Detail
FN:157,formatLocation
FN:161,safeJoinLink
FN:171,JoinLink
FNF:8
FNH:8
FNDA:8,Receipt
FNDA:4,(anonymous_1)
FNDA:1,(anonymous_2)
FNDA:16,Section
FNDA:34,Detail
FNDA:4,formatLocation
FNDA:4,safeJoinLink
FNDA:2,JoinLink
DA:12,8
DA:14,8
DA:16,4
DA:19,8
DA:20,4
DA:27,4
DA:28,0
DA:36,4
DA:37,4
DA:38,4
DA:39,4
DA:40,4
DA:41,4
DA:44,4
DA:45,1
DA:47,1
DA:49,1
DA:51,1
DA:54,4
DA:138,16
DA:147,34
DA:158,4
DA:162,4
DA:163,3
DA:164,3
DA:165,3
DA:167,0
DA:172,2
LF:28
LH:26
BRDA:16,0,0,4
BRDA:16,0,1,4
BRDA:19,1,0,4
BRDA:19,1,1,4
BRDA:27,2,0,0
BRDA:27,2,1,4
BRDA:27,3,0,4
BRDA:27,3,1,4
BRDA:30,4,0,0
BRDA:30,4,1,0
BRDA:36,5,0,4
BRDA:36,5,1,0
BRDA:37,6,0,4
BRDA:37,6,1,0
BRDA:38,7,0,4
BRDA:38,7,1,0
BRDA:39,8,0,4
BRDA:39,8,1,0
BRDA:76,9,0,4
BRDA:76,9,1,4
BRDA:79,10,0,4
BRDA:79,10,1,2
BRDA:79,10,2,1
BRDA:82,11,0,4
BRDA:82,11,1,1
BRDA:82,11,2,1
BRDA:85,12,0,4
BRDA:85,12,1,1
BRDA:87,13,0,1
BRDA:87,13,1,1
BRDA:88,14,0,1
BRDA:88,14,1,1
BRDA:96,15,0,4
BRDA:96,15,1,0
BRDA:101,16,0,4
BRDA:101,16,1,0
BRDA:102,17,0,4
BRDA:102,17,1,0
BRDA:103,18,0,4
BRDA:103,18,1,0
BRDA:146,19,0,26
BRDA:146,20,0,30
BRDA:150,21,0,8
BRDA:150,21,1,26
BRDA:150,22,0,4
BRDA:150,22,1,30
BRDA:162,23,0,1
BRDA:162,23,1,3
BRDA:165,24,0,3
BRDA:165,24,1,0
BRF:50
BRH:38
end_of_record
TN:
SF:src\pages\registration\Register.tsx
FN:23,Register
FN:32,(anonymous_1)
FN:49,(anonymous_2)
FN:54,(anonymous_3)
FN:61,(anonymous_4)
FN:69,(anonymous_5)
FN:84,(anonymous_6)
FN:134,(anonymous_7)
FN:142,(anonymous_8)
FNF:9
FNH:9
FNDA:27,Register
FNDA:4,(anonymous_1)
FNDA:8,(anonymous_2)
FNDA:4,(anonymous_3)
FNDA:1,(anonymous_4)
FNDA:1,(anonymous_5)
FNDA:2,(anonymous_6)
FNDA:19,(anonymous_7)
FNDA:19,(anonymous_8)
DA:24,27
DA:25,27
DA:26,27
DA:27,27
DA:28,27
DA:30,27
DA:32,4
DA:41,27
DA:46,27
DA:47,27
DA:49,27
DA:50,8
DA:51,4
DA:54,27
DA:55,4
DA:56,4
DA:59,27
DA:62,1
DA:63,1
DA:64,1
DA:69,27
DA:70,1
DA:71,0
DA:74,1
DA:84,27
DA:85,2
DA:86,2
DA:87,2
DA:88,0
DA:89,0
DA:91,2
DA:92,2
DA:97,1
DA:99,1
DA:103,27
DA:104,8
DA:110,19
DA:111,0
DA:114,19
DA:134,19
DA:142,19
LF:41
LH:37
BRDA:32,0,0,4
BRDA:32,0,1,0
BRDA:50,1,0,4
BRDA:50,1,1,4
BRDA:70,2,0,0
BRDA:70,2,1,1
BRDA:70,3,0,1
BRDA:70,3,1,1
BRDA:78,4,0,1
BRDA:78,4,1,1
BRDA:80,5,0,1
BRDA:80,5,1,1
BRDA:87,6,0,0
BRDA:87,6,1,2
BRDA:103,7,0,8
BRDA:103,7,1,19
BRDA:110,8,0,0
BRDA:110,8,1,19
BRDA:126,9,0,19
BRDA:126,9,1,0
BRDA:130,10,0,19
BRDA:130,10,1,19
BRDA:130,11,0,19
BRDA:130,11,1,0
BRDA:134,12,0,19
BRDA:134,12,1,0
BRDA:138,13,0,19
BRDA:138,13,1,19
BRDA:138,14,0,19
BRDA:138,14,1,0
BRDA:142,15,0,19
BRDA:142,15,1,0
BRDA:178,16,0,19
BRDA:178,16,1,1
BRDA:179,17,0,19
BRDA:179,17,1,1
BRDA:192,18,0,1
BRDA:192,18,1,18
BRF:38
BRH:29
end_of_record
TN:
SF:src\routes\ProtectedRoute.tsx
FN:5,ProtectedRoute
FNF:1
FNH:1
FNDA:2,ProtectedRoute
DA:6,2
DA:7,2
DA:9,2
DA:10,1
DA:13,1
LF:5
LH:5
BRDA:9,0,0,1
BRDA:9,0,1,1
BRF:2
BRH:2
end_of_record
TN:
SF:src\schemas\organizerSchemas.ts
FN:22,(anonymous_0)
FN:44,(anonymous_1)
FN:67,(anonymous_2)
FN:77,eventToFormDefaults
FN:107,formToEventPayload
FN:109,(anonymous_5)
FNF:6
FNH:2
FNDA:0,(anonymous_0)
FNDA:1,(anonymous_1)
FNDA:3,(anonymous_2)
FNDA:0,eventToFormDefaults
FNDA:0,formToEventPayload
FNDA:0,(anonymous_5)
DA:4,2
DA:23,0
DA:24,0
DA:26,0
DA:27,0
DA:29,0
DA:30,0
DA:34,2
DA:40,2
DA:44,1
DA:49,2
DA:56,2
DA:67,3
DA:78,0
DA:79,0
DA:86,0
DA:108,0
DA:109,0
DA:111,0
LF:19
LH:7
BRDA:23,0,0,0
BRDA:23,0,1,0
BRDA:23,1,0,0
BRDA:23,1,1,0
BRDA:26,2,0,0
BRDA:26,2,1,0
BRDA:26,3,0,0
BRDA:26,3,1,0
BRDA:26,3,2,0
BRDA:29,4,0,0
BRDA:29,4,1,0
BRDA:29,5,0,0
BRDA:29,5,1,0
BRDA:78,6,0,0
BRDA:78,6,1,0
BRDA:87,7,0,0
BRDA:87,7,1,0
BRDA:88,8,0,0
BRDA:88,8,1,0
BRDA:89,9,0,0
BRDA:89,9,1,0
BRDA:90,10,0,0
BRDA:90,10,1,0
BRDA:91,11,0,0
BRDA:91,11,1,0
BRDA:92,12,0,0
BRDA:92,12,1,0
BRDA:93,13,0,0
BRDA:93,13,1,0
BRDA:94,14,0,0
BRDA:94,14,1,0
BRDA:95,15,0,0
BRDA:95,15,1,0
BRDA:96,16,0,0
BRDA:96,16,1,0
BRDA:97,17,0,0
BRDA:97,17,1,0
BRDA:98,18,0,0
BRDA:98,18,1,0
BRDA:99,19,0,0
BRDA:99,19,1,0
BRDA:100,20,0,0
BRDA:100,20,1,0
BRDA:101,21,0,0
BRDA:101,21,1,0
BRDA:102,22,0,0
BRDA:102,22,1,0
BRDA:103,23,0,0
BRDA:103,23,1,0
BRDA:108,24,0,0
BRDA:108,24,1,0
BRDA:113,25,0,0
BRDA:113,25,1,0
BRDA:116,26,0,0
BRDA:116,26,1,0
BRDA:117,27,0,0
BRDA:117,27,1,0
BRDA:118,28,0,0
BRDA:118,28,1,0
BRDA:119,29,0,0
BRDA:119,29,1,0
BRDA:120,30,0,0
BRDA:120,30,1,0
BRDA:121,31,0,0
BRDA:121,31,1,0
BRDA:122,32,0,0
BRDA:122,32,1,0
BRDA:125,33,0,0
BRDA:125,33,1,0
BRDA:126,34,0,0
BRDA:126,34,1,0
BRF:71
BRH:0
end_of_record
TN:
SF:src\schemas\registrationSchema.ts
FN:21,buildRegistrationDefaults
FNF:1
FNH:1
FNDA:27,buildRegistrationDefaults
DA:3,1
DA:22,27
LF:2
LH:2
BRDA:21,0,0,27
BRF:1
BRH:1
end_of_record
TN:
SF:src\test\fixtures.ts
FNF:0
FNH:0
DA:3,4
DA:29,4
DA:42,4
LF:3
LH:3
BRF:0
BRH:0
end_of_record
TN:
SF:src\test\test-utils.tsx
FN:8,createTestQueryClient
FN:12,renderWithProviders
FNF:2
FNH:2
FNDA:33,createTestQueryClient
FNDA:33,renderWithProviders
DA:9,33
DA:20,33
DA:21,8
DA:22,0
DA:25,33
LF:5
LH:4
BRDA:14,0,0,8
BRDA:15,1,0,15
BRDA:16,2,0,33
BRDA:20,3,0,8
BRDA:20,3,1,25
BRDA:21,4,0,8
BRDA:21,4,1,0
BRF:7
BRH:6
end_of_record
TN:
SF:src\utils\apiError.ts
FN:14,(anonymous_0)
FN:23,toApiError
FN:51,isServerUnavailable
FNF:3
FNH:3
FNDA:7,(anonymous_0)
FNDA:5,toApiError
FNDA:2,isServerUnavailable
DA:15,7
DA:16,7
DA:17,7
DA:18,7
DA:19,7
DA:24,5
DA:26,5
DA:27,5
DA:28,5
DA:29,5
DA:32,5
DA:34,5
DA:35,1
DA:40,4
DA:41,0
DA:43,4
DA:44,3
DA:45,1
DA:52,2
LF:19
LH:18
BRDA:14,0,0,0
BRDA:24,1,0,0
BRDA:24,1,1,5
BRDA:26,2,0,5
BRDA:26,2,1,0
BRDA:29,3,0,2
BRDA:29,3,1,3
BRDA:29,4,0,5
BRDA:29,4,1,2
BRDA:29,4,2,2
BRDA:34,5,0,1
BRDA:34,5,1,4
BRDA:40,6,0,0
BRDA:40,6,1,4
BRDA:40,7,0,4
BRDA:40,7,1,1
BRDA:43,8,0,1
BRDA:43,8,1,3
BRDA:44,9,0,2
BRDA:44,9,1,1
BRDA:46,10,0,1
BRDA:46,10,1,0
BRDA:46,11,0,0
BRDA:46,11,1,0
BRDA:52,12,0,2
BRDA:52,12,1,2
BRDA:52,12,2,1
BRDA:52,13,0,1
BRDA:52,13,1,0
BRF:29
BRH:21
end_of_record
TN:
SF:src\utils\cn.ts
FN:1,cn
FN:2,(anonymous_1)
FNF:2
FNH:2
FNDA:955,cn
FNDA:2574,(anonymous_1)
DA:2,2574
LF:1
LH:1
BRDA:2,0,0,2574
BRDA:2,0,1,1505
BRF:2
BRH:2
end_of_record
TN:
SF:src\utils\constants.ts
FN:20,(anonymous_0)
FN:29,(anonymous_1)
FN:41,(anonymous_2)
FN:50,(anonymous_3)
FNF:4
FNH:3
FNDA:1,(anonymous_0)
FNDA:0,(anonymous_1)
FNDA:7,(anonymous_2)
FNDA:6,(anonymous_3)
DA:1,6
DA:4,6
DA:11,6
DA:20,6
DA:21,1
DA:22,1
DA:29,6
DA:30,0
DA:31,0
DA:41,6
DA:42,7
DA:43,7
DA:50,6
DA:51,6
DA:52,6
LF:15
LH:13
BRDA:1,0,0,6
BRDA:1,0,1,6
BRDA:21,1,0,1
BRDA:21,1,1,0
BRDA:30,2,0,0
BRDA:30,2,1,0
BRDA:42,3,0,0
BRDA:42,3,1,7
BRDA:51,4,0,0
BRDA:51,4,1,6
BRF:10
BRH:5
end_of_record
TN:
SF:src\utils\eventSearch.ts
FN:11,buildEventSearchFilters
FN:22,hasActiveEventFilters
FNF:2
FNH:2
FNDA:8,buildEventSearchFilters
FNDA:18,hasActiveEventFilters
DA:12,8
DA:13,8
DA:14,8
DA:15,8
DA:16,8
DA:17,8
DA:18,8
DA:19,8
DA:23,18
LF:9
LH:9
BRDA:13,0,0,1
BRDA:13,0,1,7
BRDA:14,1,0,2
BRDA:14,1,1,6
BRDA:15,2,0,0
BRDA:15,2,1,8
BRDA:16,3,0,1
BRDA:16,3,1,7
BRDA:17,4,0,0
BRDA:17,4,1,8
BRDA:18,5,0,0
BRDA:18,5,1,8
BRDA:19,6,0,3
BRDA:19,6,1,5
BRDA:23,7,0,18
BRDA:23,7,1,7
BRF:16
BRH:13
end_of_record
TN:
SF:src\utils\toast.ts
FN:4,showSuccess
FN:8,showError
FN:16,showWarning
FN:20,showInfo
FN:24,showLoading
FN:28,dismissToast
FNF:6
FNH:0
FNDA:0,showSuccess
FNDA:0,showError
FNDA:0,showWarning
FNDA:0,showInfo
FNDA:0,showLoading
FNDA:0,dismissToast
DA:5,0
DA:9,0
DA:10,0
DA:13,0
DA:17,0
DA:21,0
DA:25,0
DA:29,0
LF:8
LH:0
BRDA:9,0,0,0
BRDA:9,0,1,0
BRDA:10,1,0,0
BRDA:10,1,1,0
BRDA:12,2,0,0
BRDA:12,2,1,0
BRDA:12,3,0,0
BRDA:12,3,1,0
BRF:8
BRH:0
end_of_record
