<?xml version="1.0" encoding="UTF-8"?>
<coverage generated="1785843892463" clover="3.2.0">
  <project timestamp="1785843892463" name="All files">
    <metrics statements="351" coveredstatements="290" conditionals="315" coveredconditionals="217" methods="149" coveredmethods="101" elements="815" coveredelements="608" complexity="0" loc="351" ncloc="351" packages="9" files="28" classes="28"/>
    <package name="api">
      <metrics statements="40" coveredstatements="33" conditionals="19" coveredconditionals="12" methods="12" coveredmethods="9"/>
      <file name="authSession.ts" path="E:\event_mgmt_v0\frontend\admin\src\api\authSession.ts">
        <metrics statements="10" coveredstatements="10" conditionals="2" coveredconditionals="2" methods="6" coveredmethods="5"/>
        <line num="1" count="11" type="stmt"/>
        <line num="2" count="11" type="stmt"/>
        <line num="4" count="11" type="stmt"/>
        <line num="7" count="5" type="stmt"/>
        <line num="8" count="5" type="cond" truecount="2" falsecount="0"/>
        <line num="9" count="2" type="stmt"/>
        <line num="10" count="5" type="stmt"/>
        <line num="13" count="11" type="stmt"/>
        <line num="16" count="24" type="stmt"/>
        <line num="17" count="24" type="stmt"/>
      </file>
      <file name="axios.ts" path="E:\event_mgmt_v0\frontend\admin\src\api\axios.ts">
        <metrics statements="30" coveredstatements="23" conditionals="17" coveredconditionals="10" methods="6" coveredmethods="4"/>
        <line num="7" count="1" type="stmt"/>
        <line num="13" count="1" type="stmt"/>
        <line num="14" count="0" type="stmt"/>
        <line num="15" count="0" type="cond" truecount="0" falsecount="2"/>
        <line num="16" count="0" type="stmt"/>
        <line num="19" count="1" type="stmt"/>
        <line num="22" count="3" type="cond" truecount="2" falsecount="0"/>
        <line num="23" count="2" type="stmt"/>
        <line num="28" count="1" type="stmt"/>
        <line num="29" count="1" type="stmt"/>
        <line num="31" count="2" type="stmt"/>
        <line num="34" count="3" type="stmt"/>
        <line num="37" count="1" type="stmt"/>
        <line num="38" count="0" type="stmt"/>
        <line num="40" count="4" type="stmt"/>
        <line num="41" count="4" type="cond" truecount="5" falsecount="0"/>
        <line num="42" count="3" type="stmt"/>
        <line num="43" count="3" type="stmt"/>
        <line num="44" count="3" type="stmt"/>
        <line num="45" count="2" type="cond" truecount="1" falsecount="1"/>
        <line num="46" count="2" type="stmt"/>
        <line num="47" count="2" type="stmt"/>
        <line num="49" count="1" type="stmt"/>
        <line num="50" count="1" type="cond" truecount="1" falsecount="1"/>
        <line num="51" count="1" type="stmt"/>
        <line num="54" count="1" type="cond" truecount="1" falsecount="1"/>
        <line num="55" count="0" type="stmt"/>
        <line num="56" count="0" type="cond" truecount="0" falsecount="2"/>
        <line num="57" count="0" type="stmt"/>
        <line num="60" count="1" type="stmt"/>
      </file>
    </package>
    <package name="components.ui">
      <metrics statements="23" coveredstatements="18" conditionals="51" coveredconditionals="36" methods="13" coveredmethods="10"/>
      <file name="Button.tsx" path="E:\event_mgmt_v0\frontend\admin\src\components\ui\Button.tsx">
        <metrics statements="3" coveredstatements="3" conditionals="8" coveredconditionals="7" methods="1" coveredmethods="1"/>
        <line num="4" count="8" type="stmt"/>
        <line num="11" count="8" type="stmt"/>
        <line num="21" count="64" type="stmt"/>
      </file>
      <file name="ConfirmDialog.tsx" path="E:\event_mgmt_v0\frontend\admin\src\components\ui\ConfirmDialog.tsx">
        <metrics statements="2" coveredstatements="2" conditionals="4" coveredconditionals="4" methods="1" coveredmethods="1"/>
        <line num="10" count="22" type="cond" truecount="2" falsecount="0"/>
        <line num="11" count="1" type="stmt"/>
      </file>
      <file name="EmptyState.tsx" path="E:\event_mgmt_v0\frontend\admin\src\components\ui\EmptyState.tsx">
        <metrics statements="1" coveredstatements="1" conditionals="6" coveredconditionals="5" methods="1" coveredmethods="1"/>
        <line num="11" count="10" type="stmt"/>
      </file>
      <file name="Input.tsx" path="E:\event_mgmt_v0\frontend\admin\src\components\ui\Input.tsx">
        <metrics statements="8" coveredstatements="6" conditionals="18" coveredconditionals="12" methods="4" coveredmethods="3"/>
        <line num="8" count="36" type="cond" truecount="1" falsecount="1"/>
        <line num="9" count="36" type="stmt"/>
        <line num="18" count="33" type="cond" truecount="2" falsecount="0"/>
        <line num="19" count="33" type="stmt"/>
        <line num="33" count="0" type="cond" truecount="0" falsecount="2"/>
        <line num="34" count="0" type="stmt"/>
        <line num="44" count="3" type="cond" truecount="2" falsecount="0"/>
        <line num="45" count="3" type="stmt"/>
      </file>
      <file name="Loader.tsx" path="E:\event_mgmt_v0\frontend\admin\src\components\ui\Loader.tsx">
        <metrics statements="1" coveredstatements="1" conditionals="1" coveredconditionals="1" methods="1" coveredmethods="1"/>
        <line num="4" count="23" type="stmt"/>
      </file>
      <file name="Pagination.tsx" path="E:\event_mgmt_v0\frontend\admin\src\components\ui\Pagination.tsx">
        <metrics statements="4" coveredstatements="1" conditionals="6" coveredconditionals="2" methods="3" coveredmethods="1"/>
        <line num="6" count="7" type="cond" truecount="2" falsecount="2"/>
        <line num="7" count="0" type="stmt"/>
        <line num="11" count="0" type="stmt"/>
        <line num="12" count="0" type="stmt"/>
      </file>
      <file name="StatCard.tsx" path="E:\event_mgmt_v0\frontend\admin\src\components\ui\StatCard.tsx">
        <metrics statements="1" coveredstatements="1" conditionals="4" coveredconditionals="3" methods="1" coveredmethods="1"/>
        <line num="11" count="14" type="stmt"/>
      </file>
      <file name="StatusBadge.tsx" path="E:\event_mgmt_v0\frontend\admin\src\components\ui\StatusBadge.tsx">
        <metrics statements="3" coveredstatements="3" conditionals="4" coveredconditionals="2" methods="1" coveredmethods="1"/>
        <line num="3" count="3" type="stmt"/>
        <line num="15" count="10" type="cond" truecount="1" falsecount="1"/>
        <line num="16" count="10" type="stmt"/>
      </file>
    </package>
    <package name="context">
      <metrics statements="14" coveredstatements="14" conditionals="2" coveredconditionals="1" methods="7" coveredmethods="7"/>
      <file name="AuthContext.tsx" path="E:\event_mgmt_v0\frontend\admin\src\context\AuthContext.tsx">
        <metrics statements="14" coveredstatements="14" conditionals="2" coveredconditionals="1" methods="7" coveredmethods="7"/>
        <line num="15" count="10" type="stmt"/>
        <line num="18" count="27" type="stmt"/>
        <line num="20" count="27" type="stmt"/>
        <line num="22" count="27" type="stmt"/>
        <line num="23" count="2" type="stmt"/>
        <line num="24" count="2" type="stmt"/>
        <line num="27" count="27" type="stmt"/>
        <line num="28" count="1" type="stmt"/>
        <line num="29" count="1" type="stmt"/>
        <line num="32" count="27" type="stmt"/>
        <line num="33" count="27" type="stmt"/>
        <line num="37" count="16" type="stmt"/>
        <line num="38" count="16" type="cond" truecount="1" falsecount="1"/>
        <line num="39" count="16" type="stmt"/>
      </file>
    </package>
    <package name="hooks">
      <metrics statements="42" coveredstatements="42" conditionals="36" coveredconditionals="26" methods="14" coveredmethods="14"/>
      <file name="useDebounce.ts" path="E:\event_mgmt_v0\frontend\admin\src\hooks\useDebounce.ts">
        <metrics statements="6" coveredstatements="6" conditionals="1" coveredconditionals="0" methods="4" coveredmethods="4"/>
        <line num="4" count="28" type="stmt"/>
        <line num="6" count="28" type="stmt"/>
        <line num="7" count="9" type="stmt"/>
        <line num="8" count="3" type="stmt"/>
        <line num="11" count="9" type="stmt"/>
        <line num="14" count="28" type="stmt"/>
      </file>
      <file name="useListSearchParams.ts" path="E:\event_mgmt_v0\frontend\admin\src\hooks\useListSearchParams.ts">
        <metrics statements="36" coveredstatements="36" conditionals="35" coveredconditionals="26" methods="10" coveredmethods="10"/>
        <line num="9" count="64" type="cond" truecount="2" falsecount="0"/>
        <line num="10" count="16" type="cond" truecount="2" falsecount="0"/>
        <line num="11" count="16" type="cond" truecount="1" falsecount="1"/>
        <line num="12" count="16" type="cond" truecount="2" falsecount="2"/>
        <line num="14" count="48" type="cond" truecount="2" falsecount="1"/>
        <line num="18" count="11" type="cond" truecount="1" falsecount="3"/>
        <line num="19" count="11" type="cond" truecount="4" falsecount="0"/>
        <line num="28" count="44" type="stmt"/>
        <line num="30" count="44" type="stmt"/>
        <line num="31" count="24" type="stmt"/>
        <line num="32" count="24" type="stmt"/>
        <line num="33" count="64" type="cond" truecount="2" falsecount="0"/>
        <line num="34" count="64" type="stmt"/>
        <line num="36" count="24" type="stmt"/>
        <line num="39" count="44" type="cond" truecount="2" falsecount="0"/>
        <line num="40" count="9" type="stmt"/>
        <line num="41" count="9" type="stmt"/>
        <line num="43" count="9" type="stmt"/>
        <line num="44" count="7" type="cond" truecount="2" falsecount="0"/>
        <line num="45" count="7" type="stmt"/>
        <line num="48" count="9" type="stmt"/>
        <line num="49" count="11" type="cond" truecount="1" falsecount="1"/>
        <line num="50" count="11" type="cond" truecount="2" falsecount="0"/>
        <line num="51" count="11" type="cond" truecount="2" falsecount="0"/>
        <line num="52" count="2" type="stmt"/>
        <line num="54" count="9" type="stmt"/>
        <line num="58" count="9" type="stmt"/>
        <line num="62" count="44" type="stmt"/>
        <line num="63" count="7" type="stmt"/>
        <line num="66" count="44" type="stmt"/>
        <line num="73" count="8" type="stmt"/>
        <line num="78" count="8" type="stmt"/>
        <line num="80" count="8" type="stmt"/>
        <line num="81" count="2" type="cond" truecount="1" falsecount="1"/>
        <line num="85" count="2" type="stmt"/>
        <line num="91" count="8" type="stmt"/>
      </file>
    </package>
    <package name="pages">
      <metrics statements="178" coveredstatements="134" conditionals="166" coveredconditionals="120" methods="89" coveredmethods="50"/>
      <file name="AuditLogs.tsx" path="E:\event_mgmt_v0\frontend\admin\src\pages\AuditLogs.tsx">
        <metrics statements="19" coveredstatements="14" conditionals="22" coveredconditionals="19" methods="10" coveredmethods="6"/>
        <line num="15" count="1" type="stmt"/>
        <line num="29" count="6" type="stmt"/>
        <line num="32" count="6" type="stmt"/>
        <line num="35" count="6" type="stmt"/>
        <line num="38" count="6" type="stmt"/>
        <line num="39" count="2" type="stmt"/>
        <line num="43" count="6" type="stmt"/>
        <line num="44" count="2" type="cond" truecount="1" falsecount="1"/>
        <line num="45" count="0" type="stmt"/>
        <line num="51" count="6" type="stmt"/>
        <line num="60" count="2" type="stmt"/>
        <line num="67" count="10" type="stmt"/>
        <line num="69" count="6" type="stmt"/>
        <line num="71" count="6" type="stmt"/>
        <line num="83" count="0" type="stmt"/>
        <line num="89" count="0" type="stmt"/>
        <line num="98" count="0" type="stmt"/>
        <line num="127" count="2" type="stmt"/>
        <line num="138" count="0" type="stmt"/>
      </file>
      <file name="Categories.tsx" path="E:\event_mgmt_v0\frontend\admin\src\pages\Categories.tsx">
        <metrics statements="36" coveredstatements="20" conditionals="20" coveredconditionals="13" methods="17" coveredmethods="5"/>
        <line num="18" count="12" type="stmt"/>
        <line num="19" count="12" type="stmt"/>
        <line num="20" count="12" type="stmt"/>
        <line num="21" count="12" type="stmt"/>
        <line num="23" count="12" type="stmt"/>
        <line num="25" count="12" type="stmt"/>
        <line num="26" count="12" type="stmt"/>
        <line num="28" count="12" type="stmt"/>
        <line num="31" count="1" type="stmt"/>
        <line num="32" count="1" type="stmt"/>
        <line num="33" count="1" type="stmt"/>
        <line num="34" count="1" type="stmt"/>
        <line num="39" count="12" type="stmt"/>
        <line num="40" count="0" type="stmt"/>
        <line num="42" count="0" type="stmt"/>
        <line num="43" count="0" type="stmt"/>
        <line num="44" count="0" type="stmt"/>
        <line num="49" count="12" type="stmt"/>
        <line num="50" count="0" type="stmt"/>
        <line num="52" count="0" type="stmt"/>
        <line num="53" count="0" type="stmt"/>
        <line num="54" count="0" type="stmt"/>
        <line num="59" count="12" type="stmt"/>
        <line num="60" count="0" type="stmt"/>
        <line num="61" count="0" type="cond" truecount="0" falsecount="2"/>
        <line num="64" count="12" type="cond" truecount="2" falsecount="0"/>
        <line num="66" count="6" type="stmt"/>
        <line num="73" count="2" type="stmt"/>
        <line num="79" count="1" type="stmt"/>
        <line num="86" count="0" type="stmt"/>
        <line num="96" count="5" type="stmt"/>
        <line num="98" count="0" type="stmt"/>
        <line num="103" count="0" type="stmt"/>
        <line num="115" count="0" type="stmt"/>
        <line num="116" count="0" type="stmt"/>
        <line num="126" count="0" type="cond" truecount="0" falsecount="2"/>
      </file>
      <file name="Coupons.tsx" path="E:\event_mgmt_v0\frontend\admin\src\pages\Coupons.tsx">
        <metrics statements="45" coveredstatements="30" conditionals="50" coveredconditionals="28" methods="21" coveredmethods="10"/>
        <line num="21" count="1" type="stmt"/>
        <line num="30" count="1" type="stmt"/>
        <line num="40" count="10" type="stmt"/>
        <line num="41" count="10" type="stmt"/>
        <line num="43" count="10" type="stmt"/>
        <line num="45" count="10" type="stmt"/>
        <line num="46" count="10" type="stmt"/>
        <line num="47" count="10" type="stmt"/>
        <line num="49" count="10" type="stmt"/>
        <line num="51" count="10" type="stmt"/>
        <line num="56" count="10" type="stmt"/>
        <line num="57" count="1" type="cond" truecount="1" falsecount="1"/>
        <line num="61" count="1" type="stmt"/>
        <line num="62" count="1" type="stmt"/>
        <line num="63" count="1" type="stmt"/>
        <line num="64" count="1" type="cond" truecount="1" falsecount="1"/>
        <line num="69" count="10" type="stmt"/>
        <line num="72" count="0" type="stmt"/>
        <line num="73" count="0" type="stmt"/>
        <line num="74" count="0" type="stmt"/>
        <line num="84" count="10" type="stmt"/>
        <line num="85" count="4" type="stmt"/>
        <line num="87" count="4" type="cond" truecount="2" falsecount="0"/>
        <line num="88" count="3" type="stmt"/>
        <line num="96" count="10" type="stmt"/>
        <line num="98" count="10" type="stmt"/>
        <line num="99" count="1" type="stmt"/>
        <line num="100" count="1" type="stmt"/>
        <line num="103" count="10" type="stmt"/>
        <line num="104" count="0" type="stmt"/>
        <line num="111" count="0" type="stmt"/>
        <line num="114" count="10" type="stmt"/>
        <line num="128" count="0" type="stmt"/>
        <line num="156" count="6" type="stmt"/>
        <line num="165" count="0" type="stmt"/>
        <line num="167" count="0" type="stmt"/>
        <line num="175" count="0" type="stmt"/>
        <line num="182" count="1" type="stmt"/>
        <line num="195" count="0" type="stmt"/>
        <line num="206" count="0" type="cond" truecount="0" falsecount="2"/>
        <line num="207" count="0" type="stmt"/>
        <line num="214" count="4" type="cond" truecount="1" falsecount="1"/>
        <line num="215" count="0" type="stmt"/>
        <line num="219" count="0" type="stmt"/>
        <line num="221" count="0" type="stmt"/>
      </file>
      <file name="Dashboard.tsx" path="E:\event_mgmt_v0\frontend\admin\src\pages\Dashboard.tsx">
        <metrics statements="12" coveredstatements="10" conditionals="16" coveredconditionals="10" methods="8" coveredmethods="4"/>
        <line num="14" count="4" type="stmt"/>
        <line num="15" count="4" type="stmt"/>
        <line num="20" count="4" type="stmt"/>
        <line num="21" count="4" type="stmt"/>
        <line num="22" count="4" type="stmt"/>
        <line num="24" count="4" type="cond" truecount="2" falsecount="0"/>
        <line num="26" count="2" type="stmt"/>
        <line num="67" count="2" type="cond" truecount="2" falsecount="0"/>
        <line num="68" count="1" type="stmt"/>
        <line num="77" count="1" type="stmt"/>
        <line num="118" count="0" type="stmt"/>
        <line num="127" count="0" type="stmt"/>
      </file>
      <file name="Events.tsx" path="E:\event_mgmt_v0\frontend\admin\src\pages\Events.tsx">
        <metrics statements="23" coveredstatements="20" conditionals="23" coveredconditionals="19" methods="11" coveredmethods="7"/>
        <line num="18" count="1" type="stmt"/>
        <line num="25" count="9" type="stmt"/>
        <line num="26" count="9" type="stmt"/>
        <line num="27" count="9" type="stmt"/>
        <line num="28" count="9" type="stmt"/>
        <line num="29" count="9" type="stmt"/>
        <line num="31" count="9" type="stmt"/>
        <line num="33" count="9" type="stmt"/>
        <line num="34" count="1" type="stmt"/>
        <line num="35" count="1" type="stmt"/>
        <line num="45" count="9" type="cond" truecount="2" falsecount="0"/>
        <line num="46" count="6" type="stmt"/>
        <line num="49" count="6" type="cond" truecount="1" falsecount="3"/>
        <line num="54" count="6" type="cond" truecount="2" falsecount="0"/>
        <line num="56" count="6" type="cond" truecount="2" falsecount="0"/>
        <line num="59" count="9" type="stmt"/>
        <line num="63" count="9" type="stmt"/>
        <line num="71" count="0" type="stmt"/>
        <line num="73" count="0" type="stmt"/>
        <line num="100" count="5" type="stmt"/>
        <line num="109" count="1" type="cond" truecount="2" falsecount="0"/>
        <line num="116" count="0" type="stmt"/>
        <line num="121" count="1" type="cond" truecount="1" falsecount="1"/>
      </file>
      <file name="Login.tsx" path="E:\event_mgmt_v0\frontend\admin\src\pages\Login.tsx">
        <metrics statements="10" coveredstatements="10" conditionals="0" coveredconditionals="0" methods="4" coveredmethods="4"/>
        <line num="15" count="9" type="stmt"/>
        <line num="16" count="9" type="stmt"/>
        <line num="17" count="9" type="stmt"/>
        <line num="19" count="9" type="stmt"/>
        <line num="20" count="2" type="stmt"/>
        <line num="22" count="1" type="stmt"/>
        <line num="23" count="1" type="stmt"/>
        <line num="24" count="1" type="stmt"/>
        <line num="29" count="9" type="stmt"/>
        <line num="39" count="2" type="stmt"/>
      </file>
      <file name="Organizers.tsx" path="E:\event_mgmt_v0\frontend\admin\src\pages\Organizers.tsx">
        <metrics statements="15" coveredstatements="13" conditionals="21" coveredconditionals="19" methods="6" coveredmethods="4"/>
        <line num="12" count="1" type="stmt"/>
        <line num="19" count="11" type="stmt"/>
        <line num="20" count="11" type="stmt"/>
        <line num="23" count="11" type="stmt"/>
        <line num="25" count="11" type="cond" truecount="2" falsecount="0"/>
        <line num="26" count="10" type="stmt"/>
        <line num="27" count="10" type="cond" truecount="4" falsecount="0"/>
        <line num="28" count="10" type="cond" truecount="2" falsecount="0"/>
        <line num="29" count="10" type="cond" truecount="2" falsecount="0"/>
        <line num="32" count="11" type="stmt"/>
        <line num="34" count="11" type="stmt"/>
        <line num="41" count="7" type="stmt"/>
        <line num="43" count="0" type="stmt"/>
        <line num="69" count="2" type="stmt"/>
        <line num="80" count="0" type="stmt"/>
      </file>
      <file name="PlatformFeeSettings.tsx" path="E:\event_mgmt_v0\frontend\admin\src\pages\PlatformFeeSettings.tsx">
        <metrics statements="10" coveredstatements="10" conditionals="8" coveredconditionals="6" methods="3" coveredmethods="3"/>
        <line num="11" count="1" type="stmt"/>
        <line num="17" count="9" type="stmt"/>
        <line num="19" count="9" type="stmt"/>
        <line num="24" count="9" type="stmt"/>
        <line num="32" count="9" type="stmt"/>
        <line num="35" count="1" type="stmt"/>
        <line num="36" count="1" type="stmt"/>
        <line num="41" count="9" type="cond" truecount="2" falsecount="0"/>
        <line num="43" count="5" type="stmt"/>
        <line num="51" count="1" type="stmt"/>
      </file>
      <file name="Reports.tsx" path="E:\event_mgmt_v0\frontend\admin\src\pages\Reports.tsx">
        <metrics statements="8" coveredstatements="7" conditionals="6" coveredconditionals="6" methods="9" coveredmethods="7"/>
        <line num="11" count="2" type="stmt"/>
        <line num="12" count="2" type="stmt"/>
        <line num="17" count="2" type="stmt"/>
        <line num="18" count="2" type="stmt"/>
        <line num="19" count="2" type="stmt"/>
        <line num="21" count="2" type="stmt"/>
        <line num="29" count="1" type="stmt"/>
        <line num="30" count="0" type="stmt"/>
      </file>
    </package>
    <package name="routes">
      <metrics statements="4" coveredstatements="4" conditionals="4" coveredconditionals="3" methods="2" coveredmethods="2"/>
      <file name="RouteGuards.tsx" path="E:\event_mgmt_v0\frontend\admin\src\routes\RouteGuards.tsx">
        <metrics statements="4" coveredstatements="4" conditionals="4" coveredconditionals="3" methods="2" coveredmethods="2"/>
        <line num="6" count="2" type="stmt"/>
        <line num="7" count="2" type="cond" truecount="2" falsecount="0"/>
        <line num="11" count="1" type="stmt"/>
        <line num="12" count="1" type="cond" truecount="1" falsecount="1"/>
      </file>
    </package>
    <package name="schemas">
      <metrics statements="8" coveredstatements="7" conditionals="0" coveredconditionals="0" methods="1" coveredmethods="0"/>
      <file name="adminSchemas.ts" path="E:\event_mgmt_v0\frontend\admin\src\schemas\adminSchemas.ts">
        <metrics statements="8" coveredstatements="7" conditionals="0" coveredconditionals="0" methods="1" coveredmethods="0"/>
        <line num="3" count="3" type="stmt"/>
        <line num="8" count="3" type="stmt"/>
        <line num="14" count="3" type="stmt"/>
        <line num="18" count="3" type="stmt"/>
        <line num="22" count="0" type="stmt"/>
        <line num="24" count="3" type="stmt"/>
        <line num="31" count="3" type="stmt"/>
        <line num="48" count="3" type="stmt"/>
      </file>
    </package>
    <package name="test">
      <metrics statements="10" coveredstatements="9" conditionals="7" coveredconditionals="5" methods="2" coveredmethods="2"/>
      <file name="fixtures.ts" path="E:\event_mgmt_v0\frontend\admin\src\test\fixtures.ts">
        <metrics statements="5" coveredstatements="5" conditionals="0" coveredconditionals="0" methods="0" coveredmethods="0"/>
        <line num="1" count="5" type="stmt"/>
        <line num="9" count="5" type="stmt"/>
        <line num="18" count="5" type="stmt"/>
        <line num="29" count="5" type="stmt"/>
        <line num="39" count="5" type="stmt"/>
      </file>
      <file name="test-utils.tsx" path="E:\event_mgmt_v0\frontend\admin\src\test\test-utils.tsx">
        <metrics statements="5" coveredstatements="4" conditionals="7" coveredconditionals="5" methods="2" coveredmethods="2"/>
        <line num="8" count="22" type="stmt"/>
        <line num="21" count="22" type="cond" truecount="2" falsecount="0"/>
        <line num="22" count="18" type="cond" truecount="1" falsecount="1"/>
        <line num="23" count="0" type="stmt"/>
        <line num="26" count="22" type="stmt"/>
      </file>
    </package>
    <package name="utils">
      <metrics statements="32" coveredstatements="29" conditionals="30" coveredconditionals="14" methods="9" coveredmethods="7"/>
      <file name="apiError.ts" path="E:\event_mgmt_v0\frontend\admin\src\utils\apiError.ts">
        <metrics statements="15" coveredstatements="13" conditionals="21" coveredconditionals="8" methods="3" coveredmethods="2"/>
        <line num="7" count="4" type="stmt"/>
        <line num="8" count="4" type="stmt"/>
        <line num="9" count="4" type="stmt"/>
        <line num="10" count="4" type="stmt"/>
        <line num="11" count="4" type="stmt"/>
        <line num="16" count="4" type="cond" truecount="1" falsecount="1"/>
        <line num="17" count="4" type="stmt"/>
        <line num="18" count="4" type="stmt"/>
        <line num="19" count="4" type="cond" truecount="2" falsecount="0"/>
        <line num="20" count="1" type="stmt"/>
        <line num="25" count="3" type="cond" truecount="2" falsecount="2"/>
        <line num="26" count="3" type="cond" truecount="2" falsecount="0"/>
        <line num="27" count="2" type="cond" truecount="1" falsecount="1"/>
        <line num="28" count="0" type="cond" truecount="0" falsecount="3"/>
        <line num="32" count="0" type="cond" truecount="0" falsecount="5"/>
      </file>
      <file name="helpers.ts" path="E:\event_mgmt_v0\frontend\admin\src\utils\helpers.ts">
        <metrics statements="17" coveredstatements="16" conditionals="9" coveredconditionals="6" methods="6" coveredmethods="5"/>
        <line num="1" count="9" type="cond" truecount="2" falsecount="0"/>
        <line num="4" count="9" type="stmt"/>
        <line num="8" count="9" type="stmt"/>
        <line num="9" count="2" type="cond" truecount="2" falsecount="0"/>
        <line num="11" count="9" type="stmt"/>
        <line num="12" count="2" type="cond" truecount="1" falsecount="1"/>
        <line num="14" count="9" type="stmt"/>
        <line num="15" count="0" type="cond" truecount="0" falsecount="2"/>
        <line num="17" count="146" type="stmt"/>
        <line num="21" count="9" type="stmt"/>
        <line num="22" count="9" type="stmt"/>
        <line num="23" count="9" type="stmt"/>
        <line num="24" count="9" type="stmt"/>
        <line num="28" count="2" type="stmt"/>
        <line num="29" count="2" type="stmt"/>
        <line num="30" count="2" type="stmt"/>
        <line num="31" count="2" type="stmt"/>
      </file>
    </package>
  </project>
</coverage>
