{"E:\\event_mgmt_v0\\frontend\\admin\\src\\context\\AuthContext.jsx": {"path":"E:\\event_mgmt_v0\\frontend\\admin\\src\\context\\AuthContext.jsx","statementMap":{"0":{"start":{"line":3,"column":20},"end":{"line":3,"column":39}},"1":{"start":{"line":6,"column":28},"end":{"line":6,"column":79}},"2":{"start":{"line":6,"column":43},"end":{"line":6,"column":78}},"3":{"start":{"line":8,"column":16},"end":{"line":11,"column":8}},"4":{"start":{"line":9,"column":4},"end":{"line":9,"column":43}},"5":{"start":{"line":10,"column":4},"end":{"line":10,"column":16}},"6":{"start":{"line":13,"column":17},"end":{"line":16,"column":8}},"7":{"start":{"line":14,"column":4},"end":{"line":14,"column":43}},"8":{"start":{"line":15,"column":4},"end":{"line":15,"column":19}},"9":{"start":{"line":18,"column":16},"end":{"line":18,"column":114}},"10":{"start":{"line":18,"column":31},"end":{"line":18,"column":88}},"11":{"start":{"line":19,"column":2},"end":{"line":19,"column":79}},"12":{"start":{"line":23,"column":14},"end":{"line":23,"column":37}},"13":{"start":{"line":24,"column":2},"end":{"line":24,"column":61}},"14":{"start":{"line":24,"column":12},"end":{"line":24,"column":61}},"15":{"start":{"line":25,"column":2},"end":{"line":25,"column":13}}},"fnMap":{"0":{"name":"AuthProvider","decl":{"start":{"line":5,"column":16},"end":{"line":5,"column":28}},"loc":{"start":{"line":5,"column":43},"end":{"line":20,"column":1}},"line":5},"1":{"name":"(anonymous_1)","decl":{"start":{"line":6,"column":37},"end":{"line":6,"column":38}},"loc":{"start":{"line":6,"column":43},"end":{"line":6,"column":78}},"line":6},"2":{"name":"(anonymous_2)","decl":{"start":{"line":8,"column":28},"end":{"line":8,"column":29}},"loc":{"start":{"line":8,"column":35},"end":{"line":11,"column":3}},"line":8},"3":{"name":"(anonymous_3)","decl":{"start":{"line":13,"column":29},"end":{"line":13,"column":30}},"loc":{"start":{"line":13,"column":35},"end":{"line":16,"column":3}},"line":13},"4":{"name":"(anonymous_4)","decl":{"start":{"line":18,"column":24},"end":{"line":18,"column":25}},"loc":{"start":{"line":18,"column":31},"end":{"line":18,"column":88}},"line":18},"5":{"name":"useAuth","decl":{"start":{"line":22,"column":16},"end":{"line":22,"column":23}},"loc":{"start":{"line":22,"column":26},"end":{"line":26,"column":1}},"line":22}},"branchMap":{"0":{"loc":{"start":{"line":24,"column":2},"end":{"line":24,"column":61}},"type":"if","locations":[{"start":{"line":24,"column":2},"end":{"line":24,"column":61}},{"start":{},"end":{}}],"line":24}},"s":{"0":1,"1":1,"2":1,"3":1,"4":0,"5":0,"6":1,"7":0,"8":0,"9":1,"10":1,"11":1,"12":1,"13":1,"14":0,"15":1},"f":{"0":1,"1":1,"2":0,"3":0,"4":1,"5":1},"b":{"0":[0,1]},"_coverageSchema":"1a1c01bbd47fc00a2c39e90264f33305004495a9","hash":"7787045efce888195e0b32b504e94b7afb8c8622"}
,"E:\\event_mgmt_v0\\frontend\\admin\\src\\routes\\RouteGuards.jsx": {"path":"E:\\event_mgmt_v0\\frontend\\admin\\src\\routes\\RouteGuards.jsx","statementMap":{"0":{"start":{"line":5,"column":30},"end":{"line":5,"column":39}},"1":{"start":{"line":6,"column":2},"end":{"line":6,"column":71}},"2":{"start":{"line":10,"column":30},"end":{"line":10,"column":39}},"3":{"start":{"line":11,"column":2},"end":{"line":11,"column":75}}},"fnMap":{"0":{"name":"ProtectedRoute","decl":{"start":{"line":4,"column":16},"end":{"line":4,"column":30}},"loc":{"start":{"line":4,"column":45},"end":{"line":7,"column":1}},"line":4},"1":{"name":"GuestRoute","decl":{"start":{"line":9,"column":16},"end":{"line":9,"column":26}},"loc":{"start":{"line":9,"column":41},"end":{"line":12,"column":1}},"line":9}},"branchMap":{"0":{"loc":{"start":{"line":6,"column":9},"end":{"line":6,"column":70}},"type":"cond-expr","locations":[{"start":{"line":6,"column":27},"end":{"line":6,"column":35}},{"start":{"line":6,"column":38},"end":{"line":6,"column":70}}],"line":6},"1":{"loc":{"start":{"line":11,"column":9},"end":{"line":11,"column":74}},"type":"cond-expr","locations":[{"start":{"line":11,"column":27},"end":{"line":11,"column":63}},{"start":{"line":11,"column":66},"end":{"line":11,"column":74}}],"line":11}},"s":{"0":1,"1":1,"2":0,"3":0},"f":{"0":1,"1":0},"b":{"0":[0,1],"1":[0,0]},"_coverageSchema":"1a1c01bbd47fc00a2c39e90264f33305004495a9","hash":"53470078953f7a32c4cd0728666a53fd08ade9b5"}
,"E:\\event_mgmt_v0\\frontend\\admin\\src\\test\\test-utils.jsx": {"path":"E:\\event_mgmt_v0\\frontend\\admin\\src\\test\\test-utils.jsx","statementMap":{"0":{"start":{"line":7,"column":22},"end":{"line":9,"column":4}},"1":{"start":{"line":10,"column":2},"end":{"line":16,"column":4}}},"fnMap":{"0":{"name":"renderWithProviders","decl":{"start":{"line":6,"column":16},"end":{"line":6,"column":35}},"loc":{"start":{"line":6,"column":62},"end":{"line":17,"column":1}},"line":6}},"branchMap":{"0":{"loc":{"start":{"line":6,"column":40},"end":{"line":6,"column":60}},"type":"default-arg","locations":[{"start":{"line":6,"column":58},"end":{"line":6,"column":60}}],"line":6},"1":{"loc":{"start":{"line":6,"column":42},"end":{"line":6,"column":53}},"type":"default-arg","locations":[{"start":{"line":6,"column":50},"end":{"line":6,"column":53}}],"line":6}},"s":{"0":1,"1":1},"f":{"0":1},"b":{"0":[0],"1":[0]},"_coverageSchema":"1a1c01bbd47fc00a2c39e90264f33305004495a9","hash":"642954fea05a8c4d90f90aa7ac06107d4201802f"}
,"E:\\event_mgmt_v0\\frontend\\admin\\src\\utils\\apiError.js": {"path":"E:\\event_mgmt_v0\\frontend\\admin\\src\\utils\\apiError.js","statementMap":{"0":{"start":{"line":3,"column":4},"end":{"line":3,"column":19}},"1":{"start":{"line":4,"column":4},"end":{"line":4,"column":27}},"2":{"start":{"line":5,"column":4},"end":{"line":5,"column":25}},"3":{"start":{"line":6,"column":4},"end":{"line":6,"column":21}},"4":{"start":{"line":7,"column":4},"end":{"line":7,"column":50}},"5":{"start":{"line":12,"column":2},"end":{"line":12,"column":46}},"6":{"start":{"line":12,"column":33},"end":{"line":12,"column":46}},"7":{"start":{"line":13,"column":17},"end":{"line":13,"column":39}},"8":{"start":{"line":14,"column":2},"end":{"line":19,"column":3}},"9":{"start":{"line":15,"column":4},"end":{"line":18,"column":7}},"10":{"start":{"line":20,"column":2},"end":{"line":20,"column":97}},"11":{"start":{"line":20,"column":21},"end":{"line":20,"column":97}},"12":{"start":{"line":21,"column":2},"end":{"line":21,"column":105}},"13":{"start":{"line":21,"column":22},"end":{"line":21,"column":105}},"14":{"start":{"line":22,"column":2},"end":{"line":22,"column":108}},"15":{"start":{"line":22,"column":22},"end":{"line":22,"column":108}},"16":{"start":{"line":23,"column":2},"end":{"line":23,"column":106}},"17":{"start":{"line":27,"column":2},"end":{"line":27,"column":84}}},"fnMap":{"0":{"name":"(anonymous_0)","decl":{"start":{"line":2,"column":2},"end":{"line":2,"column":3}},"loc":{"start":{"line":2,"column":62},"end":{"line":8,"column":3}},"line":2},"1":{"name":"toApiError","decl":{"start":{"line":11,"column":16},"end":{"line":11,"column":26}},"loc":{"start":{"line":11,"column":34},"end":{"line":24,"column":1}},"line":11},"2":{"name":"isServerUnavailable","decl":{"start":{"line":26,"column":16},"end":{"line":26,"column":35}},"loc":{"start":{"line":26,"column":43},"end":{"line":28,"column":1}},"line":26}},"branchMap":{"0":{"loc":{"start":{"line":2,"column":23},"end":{"line":2,"column":60}},"type":"default-arg","locations":[{"start":{"line":2,"column":58},"end":{"line":2,"column":60}}],"line":2},"1":{"loc":{"start":{"line":12,"column":2},"end":{"line":12,"column":46}},"type":"if","locations":[{"start":{"line":12,"column":2},"end":{"line":12,"column":46}},{"start":{},"end":{}}],"line":12},"2":{"loc":{"start":{"line":14,"column":2},"end":{"line":19,"column":3}},"type":"if","locations":[{"start":{"line":14,"column":2},"end":{"line":19,"column":3}},{"start":{},"end":{}}],"line":14},"3":{"loc":{"start":{"line":20,"column":2},"end":{"line":20,"column":97}},"type":"if","locations":[{"start":{"line":20,"column":2},"end":{"line":20,"column":97}},{"start":{},"end":{}}],"line":20},"4":{"loc":{"start":{"line":21,"column":2},"end":{"line":21,"column":105}},"type":"if","locations":[{"start":{"line":21,"column":2},"end":{"line":21,"column":105}},{"start":{},"end":{}}],"line":21},"5":{"loc":{"start":{"line":22,"column":2},"end":{"line":22,"column":108}},"type":"if","locations":[{"start":{"line":22,"column":2},"end":{"line":22,"column":108}},{"start":{},"end":{}}],"line":22},"6":{"loc":{"start":{"line":23,"column":22},"end":{"line":23,"column":92}},"type":"binary-expr","locations":[{"start":{"line":23,"column":22},"end":{"line":23,"column":48}},{"start":{"line":23,"column":52},"end":{"line":23,"column":65}},{"start":{"line":23,"column":69},"end":{"line":23,"column":92}}],"line":23},"7":{"loc":{"start":{"line":27,"column":9},"end":{"line":27,"column":83}},"type":"binary-expr","locations":[{"start":{"line":27,"column":9},"end":{"line":27,"column":34}},{"start":{"line":27,"column":39},"end":{"line":27,"column":59}},{"start":{"line":27,"column":63},"end":{"line":27,"column":82}}],"line":27}},"s":{"0":2,"1":2,"2":2,"3":2,"4":2,"5":2,"6":0,"7":2,"8":2,"9":1,"10":1,"11":0,"12":1,"13":0,"14":1,"15":1,"16":0,"17":0},"f":{"0":2,"1":2,"2":0},"b":{"0":[0],"1":[0,2],"2":[1,1],"3":[0,1],"4":[0,1],"5":[1,0],"6":[0,0,0],"7":[0,0,0]},"_coverageSchema":"1a1c01bbd47fc00a2c39e90264f33305004495a9","hash":"b5203ac5a3bbec2f741b57d8d30ece6a689efdf3"}
}
