{"E:\\event_mgmt_v0\\frontend\\admin\\src\\api\\authSession.ts": {"path":"E:\\event_mgmt_v0\\frontend\\admin\\src\\api\\authSession.ts","statementMap":{"0":{"start":{"line":1,"column":33},"end":{"line":1,"column":68}},"1":{"start":{"line":2,"column":18},"end":{"line":2,"column":59}},"2":{"start":{"line":4,"column":30},"end":{"line":4,"column":47}},"3":{"start":{"line":4,"column":36},"end":{"line":4,"column":47}},"4":{"start":{"line":7,"column":2},"end":{"line":7,"column":22}},"5":{"start":{"line":8,"column":2},"end":{"line":9,"column":46}},"6":{"start":{"line":8,"column":13},"end":{"line":8,"column":56}},"7":{"start":{"line":9,"column":7},"end":{"line":9,"column":46}},"8":{"start":{"line":10,"column":2},"end":{"line":10,"column":57}},"9":{"start":{"line":10,"column":34},"end":{"line":10,"column":55}},"10":{"start":{"line":13,"column":32},"end":{"line":13,"column":58}},"11":{"start":{"line":13,"column":38},"end":{"line":13,"column":58}},"12":{"start":{"line":16,"column":2},"end":{"line":16,"column":26}},"13":{"start":{"line":17,"column":2},"end":{"line":17,"column":47}},"14":{"start":{"line":17,"column":17},"end":{"line":17,"column":44}}},"fnMap":{"0":{"name":"(anonymous_0)","decl":{"start":{"line":4,"column":30},"end":{"line":4,"column":31}},"loc":{"start":{"line":4,"column":36},"end":{"line":4,"column":47}},"line":4},"1":{"name":"setAccessToken","decl":{"start":{"line":6,"column":16},"end":{"line":6,"column":30}},"loc":{"start":{"line":6,"column":53},"end":{"line":11,"column":1}},"line":6},"2":{"name":"(anonymous_2)","decl":{"start":{"line":10,"column":20},"end":{"line":10,"column":21}},"loc":{"start":{"line":10,"column":34},"end":{"line":10,"column":55}},"line":10},"3":{"name":"(anonymous_3)","decl":{"start":{"line":13,"column":32},"end":{"line":13,"column":33}},"loc":{"start":{"line":13,"column":38},"end":{"line":13,"column":58}},"line":13},"4":{"name":"subscribeToAccessToken","decl":{"start":{"line":15,"column":16},"end":{"line":15,"column":38}},"loc":{"start":{"line":15,"column":93},"end":{"line":18,"column":1}},"line":15},"5":{"name":"(anonymous_5)","decl":{"start":{"line":17,"column":9},"end":{"line":17,"column":10}},"loc":{"start":{"line":17,"column":15},"end":{"line":17,"column":46}},"line":17}},"branchMap":{"0":{"loc":{"start":{"line":8,"column":2},"end":{"line":9,"column":46}},"type":"if","locations":[{"start":{"line":8,"column":2},"end":{"line":9,"column":46}},{"start":{"line":9,"column":7},"end":{"line":9,"column":46}}],"line":8}},"s":{"0":11,"1":11,"2":11,"3":0,"4":5,"5":5,"6":3,"7":2,"8":5,"9":3,"10":11,"11":2,"12":24,"13":24,"14":24},"f":{"0":0,"1":5,"2":3,"3":2,"4":24,"5":24},"b":{"0":[3,2]},"_coverageSchema":"1a1c01bbd47fc00a2c39e90264f33305004495a9","hash":"657d3733ba7a3c0c4fcfd229442d1145ae1e45c8"}
,"E:\\event_mgmt_v0\\frontend\\admin\\src\\api\\axios.ts": {"path":"E:\\event_mgmt_v0\\frontend\\admin\\src\\api\\axios.ts","statementMap":{"0":{"start":{"line":7,"column":12},"end":{"line":11,"column":2}},"1":{"start":{"line":13,"column":0},"end":{"line":17,"column":3}},"2":{"start":{"line":14,"column":16},"end":{"line":14,"column":32}},"3":{"start":{"line":15,"column":2},"end":{"line":15,"column":62}},"4":{"start":{"line":15,"column":13},"end":{"line":15,"column":62}},"5":{"start":{"line":16,"column":2},"end":{"line":16,"column":16}},"6":{"start":{"line":19,"column":45},"end":{"line":19,"column":49}},"7":{"start":{"line":22,"column":2},"end":{"line":33,"column":3}},"8":{"start":{"line":23,"column":4},"end":{"line":32,"column":7}},"9":{"start":{"line":28,"column":6},"end":{"line":28,"column":49}},"10":{"start":{"line":29,"column":6},"end":{"line":29,"column":40}},"11":{"start":{"line":31,"column":6},"end":{"line":31,"column":28}},"12":{"start":{"line":34,"column":2},"end":{"line":34,"column":24}},"13":{"start":{"line":37,"column":0},"end":{"line":62,"column":2}},"14":{"start":{"line":38,"column":11},"end":{"line":38,"column":14}},"15":{"start":{"line":40,"column":28},"end":{"line":40,"column":105}},"16":{"start":{"line":41,"column":4},"end":{"line":53,"column":5}},"17":{"start":{"line":42,"column":6},"end":{"line":42,"column":36}},"18":{"start":{"line":43,"column":6},"end":{"line":52,"column":7}},"19":{"start":{"line":44,"column":22},"end":{"line":44,"column":48}},"20":{"start":{"line":45,"column":8},"end":{"line":45,"column":40}},"21":{"start":{"line":45,"column":30},"end":{"line":45,"column":40}},"22":{"start":{"line":46,"column":8},"end":{"line":46,"column":66}},"23":{"start":{"line":47,"column":8},"end":{"line":47,"column":36}},"24":{"start":{"line":49,"column":8},"end":{"line":49,"column":27}},"25":{"start":{"line":50,"column":8},"end":{"line":50,"column":90}},"26":{"start":{"line":50,"column":58},"end":{"line":50,"column":90}},"27":{"start":{"line":51,"column":8},"end":{"line":51,"column":47}},"28":{"start":{"line":54,"column":4},"end":{"line":59,"column":5}},"29":{"start":{"line":55,"column":6},"end":{"line":55,"column":25}},"30":{"start":{"line":56,"column":6},"end":{"line":58,"column":7}},"31":{"start":{"line":57,"column":8},"end":{"line":57,"column":40}},"32":{"start":{"line":60,"column":4},"end":{"line":60,"column":43}}},"fnMap":{"0":{"name":"(anonymous_0)","decl":{"start":{"line":13,"column":29},"end":{"line":13,"column":30}},"loc":{"start":{"line":13,"column":41},"end":{"line":17,"column":1}},"line":13},"1":{"name":"refreshAccessToken","decl":{"start":{"line":21,"column":9},"end":{"line":21,"column":27}},"loc":{"start":{"line":21,"column":30},"end":{"line":35,"column":1}},"line":21},"2":{"name":"(anonymous_2)","decl":{"start":{"line":27,"column":11},"end":{"line":27,"column":12}},"loc":{"start":{"line":27,"column":25},"end":{"line":30,"column":5}},"line":27},"3":{"name":"(anonymous_3)","decl":{"start":{"line":30,"column":15},"end":{"line":30,"column":16}},"loc":{"start":{"line":30,"column":21},"end":{"line":32,"column":5}},"line":30},"4":{"name":"(anonymous_4)","decl":{"start":{"line":38,"column":2},"end":{"line":38,"column":3}},"loc":{"start":{"line":38,"column":11},"end":{"line":38,"column":14}},"line":38},"5":{"name":"(anonymous_5)","decl":{"start":{"line":39,"column":2},"end":{"line":39,"column":3}},"loc":{"start":{"line":39,"column":29},"end":{"line":61,"column":3}},"line":39}},"branchMap":{"0":{"loc":{"start":{"line":15,"column":2},"end":{"line":15,"column":62}},"type":"if","locations":[{"start":{"line":15,"column":2},"end":{"line":15,"column":62}},{"start":{},"end":{}}],"line":15},"1":{"loc":{"start":{"line":22,"column":2},"end":{"line":33,"column":3}},"type":"if","locations":[{"start":{"line":22,"column":2},"end":{"line":33,"column":3}},{"start":{},"end":{}}],"line":22},"2":{"loc":{"start":{"line":41,"column":4},"end":{"line":53,"column":5}},"type":"if","locations":[{"start":{"line":41,"column":4},"end":{"line":53,"column":5}},{"start":{},"end":{}}],"line":41},"3":{"loc":{"start":{"line":41,"column":8},"end":{"line":41,"column":82}},"type":"binary-expr","locations":[{"start":{"line":41,"column":8},"end":{"line":41,"column":36}},{"start":{"line":41,"column":40},"end":{"line":41,"column":55}},{"start":{"line":41,"column":59},"end":{"line":41,"column":82}}],"line":41},"4":{"loc":{"start":{"line":45,"column":8},"end":{"line":45,"column":40}},"type":"if","locations":[{"start":{"line":45,"column":8},"end":{"line":45,"column":40}},{"start":{},"end":{}}],"line":45},"5":{"loc":{"start":{"line":50,"column":8},"end":{"line":50,"column":90}},"type":"if","locations":[{"start":{"line":50,"column":8},"end":{"line":50,"column":90}},{"start":{},"end":{}}],"line":50},"6":{"loc":{"start":{"line":54,"column":4},"end":{"line":59,"column":5}},"type":"if","locations":[{"start":{"line":54,"column":4},"end":{"line":59,"column":5}},{"start":{},"end":{}}],"line":54},"7":{"loc":{"start":{"line":56,"column":6},"end":{"line":58,"column":7}},"type":"if","locations":[{"start":{"line":56,"column":6},"end":{"line":58,"column":7}},{"start":{},"end":{}}],"line":56}},"s":{"0":1,"1":1,"2":0,"3":0,"4":0,"5":0,"6":1,"7":3,"8":2,"9":1,"10":1,"11":2,"12":3,"13":1,"14":0,"15":4,"16":4,"17":3,"18":3,"19":3,"20":2,"21":0,"22":2,"23":2,"24":1,"25":1,"26":0,"27":1,"28":1,"29":0,"30":0,"31":0,"32":1},"f":{"0":0,"1":3,"2":1,"3":2,"4":0,"5":4},"b":{"0":[0,0],"1":[2,1],"2":[3,1],"3":[4,3,3],"4":[0,2],"5":[0,1],"6":[0,1],"7":[0,0]},"_coverageSchema":"1a1c01bbd47fc00a2c39e90264f33305004495a9","hash":"74e8594ae0fef3f5449ace7c8182eb907cfc30e8"}
,"E:\\event_mgmt_v0\\frontend\\admin\\src\\components\\ui\\Button.tsx": {"path":"E:\\event_mgmt_v0\\frontend\\admin\\src\\components\\ui\\Button.tsx","statementMap":{"0":{"start":{"line":4,"column":17},"end":{"line":9,"column":1}},"1":{"start":{"line":11,"column":14},"end":{"line":11,"column":95}},"2":{"start":{"line":21,"column":2},"end":{"line":30,"column":4}}},"fnMap":{"0":{"name":"Button","decl":{"start":{"line":20,"column":24},"end":{"line":20,"column":30}},"loc":{"start":{"line":20,"column":148},"end":{"line":31,"column":1}},"line":20}},"branchMap":{"0":{"loc":{"start":{"line":20,"column":43},"end":{"line":20,"column":62}},"type":"default-arg","locations":[{"start":{"line":20,"column":53},"end":{"line":20,"column":62}}],"line":20},"1":{"loc":{"start":{"line":20,"column":64},"end":{"line":20,"column":75}},"type":"default-arg","locations":[{"start":{"line":20,"column":71},"end":{"line":20,"column":75}}],"line":20},"2":{"loc":{"start":{"line":20,"column":88},"end":{"line":20,"column":103}},"type":"default-arg","locations":[{"start":{"line":20,"column":98},"end":{"line":20,"column":103}}],"line":20},"3":{"loc":{"start":{"line":20,"column":105},"end":{"line":20,"column":121}},"type":"default-arg","locations":[{"start":{"line":20,"column":116},"end":{"line":20,"column":121}}],"line":20},"4":{"loc":{"start":{"line":24,"column":16},"end":{"line":24,"column":35}},"type":"binary-expr","locations":[{"start":{"line":24,"column":16},"end":{"line":24,"column":24}},{"start":{"line":24,"column":28},"end":{"line":24,"column":35}}],"line":24},"5":{"loc":{"start":{"line":27,"column":7},"end":{"line":27,"column":121}},"type":"binary-expr","locations":[{"start":{"line":27,"column":7},"end":{"line":27,"column":14}},{"start":{"line":27,"column":18},"end":{"line":27,"column":121}}],"line":27}},"s":{"0":8,"1":8,"2":64},"f":{"0":64},"b":{"0":[31],"1":[29],"2":[46],"3":[63],"4":[64,64],"5":[64,0]},"_coverageSchema":"1a1c01bbd47fc00a2c39e90264f33305004495a9","hash":"6fec07ea9d3c69647237017f62215b18856687c2"}
,"E:\\event_mgmt_v0\\frontend\\admin\\src\\components\\ui\\ConfirmDialog.tsx": {"path":"E:\\event_mgmt_v0\\frontend\\admin\\src\\components\\ui\\ConfirmDialog.tsx","statementMap":{"0":{"start":{"line":10,"column":2},"end":{"line":10,"column":25}},"1":{"start":{"line":10,"column":13},"end":{"line":10,"column":25}},"2":{"start":{"line":11,"column":2},"end":{"line":22,"column":4}}},"fnMap":{"0":{"name":"ConfirmDialog","decl":{"start":{"line":9,"column":24},"end":{"line":9,"column":37}},"loc":{"start":{"line":9,"column":160},"end":{"line":23,"column":1}},"line":9}},"branchMap":{"0":{"loc":{"start":{"line":9,"column":62},"end":{"line":9,"column":86}},"type":"default-arg","locations":[{"start":{"line":9,"column":77},"end":{"line":9,"column":86}}],"line":9},"1":{"loc":{"start":{"line":9,"column":88},"end":{"line":9,"column":106}},"type":"default-arg","locations":[{"start":{"line":9,"column":98},"end":{"line":9,"column":106}}],"line":9},"2":{"loc":{"start":{"line":10,"column":2},"end":{"line":10,"column":25}},"type":"if","locations":[{"start":{"line":10,"column":2},"end":{"line":10,"column":25}},{"start":{},"end":{}}],"line":10}},"s":{"0":22,"1":21,"2":1},"f":{"0":22},"b":{"0":[22],"1":[22],"2":[21,1]},"_coverageSchema":"1a1c01bbd47fc00a2c39e90264f33305004495a9","hash":"560662cce02bb14b427f3a2b557b077336089744"}
,"E:\\event_mgmt_v0\\frontend\\admin\\src\\components\\ui\\EmptyState.tsx": {"path":"E:\\event_mgmt_v0\\frontend\\admin\\src\\components\\ui\\EmptyState.tsx","statementMap":{"0":{"start":{"line":11,"column":2},"end":{"line":18,"column":4}}},"fnMap":{"0":{"name":"EmptyState","decl":{"start":{"line":10,"column":24},"end":{"line":10,"column":34}},"loc":{"start":{"line":10,"column":96},"end":{"line":19,"column":1}},"line":10}},"branchMap":{"0":{"loc":{"start":{"line":13,"column":7},"end":{"line":13,"column":116}},"type":"binary-expr","locations":[{"start":{"line":13,"column":7},"end":{"line":13,"column":11}},{"start":{"line":13,"column":15},"end":{"line":13,"column":116}}],"line":13},"1":{"loc":{"start":{"line":15,"column":7},"end":{"line":15,"column":87}},"type":"binary-expr","locations":[{"start":{"line":15,"column":7},"end":{"line":15,"column":18}},{"start":{"line":15,"column":22},"end":{"line":15,"column":87}}],"line":15},"2":{"loc":{"start":{"line":16,"column":7},"end":{"line":16,"column":53}},"type":"binary-expr","locations":[{"start":{"line":16,"column":7},"end":{"line":16,"column":13}},{"start":{"line":16,"column":17},"end":{"line":16,"column":53}}],"line":16}},"s":{"0":10},"f":{"0":10},"b":{"0":[10,10],"1":[10,10],"2":[10,0]},"_coverageSchema":"1a1c01bbd47fc00a2c39e90264f33305004495a9","hash":"a6d3ef650a5dfb6e376fe4c19372b40b75968ff2"}
,"E:\\event_mgmt_v0\\frontend\\admin\\src\\components\\ui\\Input.tsx": {"path":"E:\\event_mgmt_v0\\frontend\\admin\\src\\components\\ui\\Input.tsx","statementMap":{"0":{"start":{"line":8,"column":2},"end":{"line":8,"column":26}},"1":{"start":{"line":8,"column":14},"end":{"line":8,"column":26}},"2":{"start":{"line":9,"column":2},"end":{"line":14,"column":4}},"3":{"start":{"line":18,"column":18},"end":{"line":18,"column":34}},"4":{"start":{"line":19,"column":2},"end":{"line":29,"column":4}},"5":{"start":{"line":33,"column":19},"end":{"line":33,"column":35}},"6":{"start":{"line":34,"column":2},"end":{"line":40,"column":4}},"7":{"start":{"line":44,"column":21},"end":{"line":44,"column":37}},"8":{"start":{"line":45,"column":2},"end":{"line":51,"column":4}}},"fnMap":{"0":{"name":"FieldLabel","decl":{"start":{"line":7,"column":9},"end":{"line":7,"column":19}},"loc":{"start":{"line":7,"column":78},"end":{"line":15,"column":1}},"line":7},"1":{"name":"Input","decl":{"start":{"line":17,"column":24},"end":{"line":17,"column":29}},"loc":{"start":{"line":17,"column":135},"end":{"line":30,"column":1}},"line":17},"2":{"name":"Select","decl":{"start":{"line":32,"column":16},"end":{"line":32,"column":22}},"loc":{"start":{"line":32,"column":140},"end":{"line":41,"column":1}},"line":32},"3":{"name":"Textarea","decl":{"start":{"line":43,"column":16},"end":{"line":43,"column":24}},"loc":{"start":{"line":43,"column":136},"end":{"line":52,"column":1}},"line":43}},"branchMap":{"0":{"loc":{"start":{"line":8,"column":2},"end":{"line":8,"column":26}},"type":"if","locations":[{"start":{"line":8,"column":2},"end":{"line":8,"column":26}},{"start":{},"end":{}}],"line":8},"1":{"loc":{"start":{"line":12,"column":7},"end":{"line":12,"column":77}},"type":"binary-expr","locations":[{"start":{"line":12,"column":7},"end":{"line":12,"column":15}},{"start":{"line":12,"column":19},"end":{"line":12,"column":77}}],"line":12},"2":{"loc":{"start":{"line":18,"column":18},"end":{"line":18,"column":34}},"type":"binary-expr","locations":[{"start":{"line":18,"column":18},"end":{"line":18,"column":20}},{"start":{"line":18,"column":24},"end":{"line":18,"column":34}}],"line":18},"3":{"loc":{"start":{"line":24,"column":164},"end":{"line":24,"column":197}},"type":"binary-expr","locations":[{"start":{"line":24,"column":164},"end":{"line":24,"column":178}},{"start":{"line":24,"column":182},"end":{"line":24,"column":197}}],"line":24},"4":{"loc":{"start":{"line":27,"column":7},"end":{"line":27,"column":82}},"type":"binary-expr","locations":[{"start":{"line":27,"column":7},"end":{"line":27,"column":32}},{"start":{"line":27,"column":36},"end":{"line":27,"column":82}}],"line":27},"5":{"loc":{"start":{"line":33,"column":19},"end":{"line":33,"column":35}},"type":"binary-expr","locations":[{"start":{"line":33,"column":19},"end":{"line":33,"column":21}},{"start":{"line":33,"column":25},"end":{"line":33,"column":35}}],"line":33},"6":{"loc":{"start":{"line":38,"column":7},"end":{"line":38,"column":82}},"type":"binary-expr","locations":[{"start":{"line":38,"column":7},"end":{"line":38,"column":32}},{"start":{"line":38,"column":36},"end":{"line":38,"column":82}}],"line":38},"7":{"loc":{"start":{"line":44,"column":21},"end":{"line":44,"column":37}},"type":"binary-expr","locations":[{"start":{"line":44,"column":21},"end":{"line":44,"column":23}},{"start":{"line":44,"column":27},"end":{"line":44,"column":37}}],"line":44},"8":{"loc":{"start":{"line":49,"column":7},"end":{"line":49,"column":82}},"type":"binary-expr","locations":[{"start":{"line":49,"column":7},"end":{"line":49,"column":32}},{"start":{"line":49,"column":36},"end":{"line":49,"column":82}}],"line":49}},"s":{"0":36,"1":0,"2":36,"3":33,"4":33,"5":0,"6":0,"7":3,"8":3},"f":{"0":36,"1":33,"2":0,"3":3},"b":{"0":[0,36],"1":[36,32],"2":[33,33],"3":[33,2],"4":[33,2],"5":[0,0],"6":[0,0],"7":[3,3],"8":[3,0]},"_coverageSchema":"1a1c01bbd47fc00a2c39e90264f33305004495a9","hash":"87fd7ca7c045c46dde68236959a9cda629b0da35"}
,"E:\\event_mgmt_v0\\frontend\\admin\\src\\components\\ui\\Loader.tsx": {"path":"E:\\event_mgmt_v0\\frontend\\admin\\src\\components\\ui\\Loader.tsx","statementMap":{"0":{"start":{"line":4,"column":2},"end":{"line":9,"column":4}}},"fnMap":{"0":{"name":"Loader","decl":{"start":{"line":3,"column":24},"end":{"line":3,"column":30}},"loc":{"start":{"line":3,"column":59},"end":{"line":10,"column":1}},"line":3}},"branchMap":{"0":{"loc":{"start":{"line":3,"column":33},"end":{"line":3,"column":55}},"type":"default-arg","locations":[{"start":{"line":3,"column":43},"end":{"line":3,"column":55}}],"line":3}},"s":{"0":23},"f":{"0":23},"b":{"0":[17]},"_coverageSchema":"1a1c01bbd47fc00a2c39e90264f33305004495a9","hash":"72b4b098fbfa2f645ba24d8ccd6530753e6be342"}
,"E:\\event_mgmt_v0\\frontend\\admin\\src\\components\\ui\\Pagination.tsx": {"path":"E:\\event_mgmt_v0\\frontend\\admin\\src\\components\\ui\\Pagination.tsx","statementMap":{"0":{"start":{"line":6,"column":2},"end":{"line":6,"column":97}},"1":{"start":{"line":6,"column":23},"end":{"line":6,"column":97}},"2":{"start":{"line":7,"column":2},"end":{"line":15,"column":4}},"3":{"start":{"line":11,"column":82},"end":{"line":11,"column":104}},"4":{"start":{"line":12,"column":91},"end":{"line":12,"column":113}}},"fnMap":{"0":{"name":"Pagination","decl":{"start":{"line":5,"column":24},"end":{"line":5,"column":34}},"loc":{"start":{"line":5,"column":95},"end":{"line":16,"column":1}},"line":5},"1":{"name":"(anonymous_1)","decl":{"start":{"line":11,"column":76},"end":{"line":11,"column":77}},"loc":{"start":{"line":11,"column":82},"end":{"line":11,"column":104}},"line":11},"2":{"name":"(anonymous_2)","decl":{"start":{"line":12,"column":85},"end":{"line":12,"column":86}},"loc":{"start":{"line":12,"column":91},"end":{"line":12,"column":113}},"line":12}},"branchMap":{"0":{"loc":{"start":{"line":6,"column":2},"end":{"line":6,"column":97}},"type":"if","locations":[{"start":{"line":6,"column":2},"end":{"line":6,"column":97}},{"start":{},"end":{}}],"line":6},"1":{"loc":{"start":{"line":6,"column":30},"end":{"line":6,"column":96}},"type":"cond-expr","locations":[{"start":{"line":6,"column":38},"end":{"line":6,"column":89}},{"start":{"line":6,"column":92},"end":{"line":6,"column":96}}],"line":6},"2":{"loc":{"start":{"line":9,"column":41},"end":{"line":9,"column":81}},"type":"cond-expr","locations":[{"start":{"line":9,"column":57},"end":{"line":9,"column":76}},{"start":{"line":9,"column":79},"end":{"line":9,"column":81}}],"line":9}},"s":{"0":7,"1":7,"2":0,"3":0,"4":0},"f":{"0":7,"1":0,"2":0},"b":{"0":[7,0],"1":[7,0],"2":[0,0]},"_coverageSchema":"1a1c01bbd47fc00a2c39e90264f33305004495a9","hash":"2300cc8a94330972e934de731461e4b2ff3f71f4"}
,"E:\\event_mgmt_v0\\frontend\\admin\\src\\components\\ui\\StatCard.tsx": {"path":"E:\\event_mgmt_v0\\frontend\\admin\\src\\components\\ui\\StatCard.tsx","statementMap":{"0":{"start":{"line":11,"column":2},"end":{"line":22,"column":4}}},"fnMap":{"0":{"name":"StatCard","decl":{"start":{"line":10,"column":24},"end":{"line":10,"column":32}},"loc":{"start":{"line":10,"column":83},"end":{"line":23,"column":1}},"line":10}},"branchMap":{"0":{"loc":{"start":{"line":17,"column":11},"end":{"line":17,"column":66}},"type":"binary-expr","locations":[{"start":{"line":17,"column":11},"end":{"line":17,"column":14}},{"start":{"line":17,"column":18},"end":{"line":17,"column":66}}],"line":17},"1":{"loc":{"start":{"line":19,"column":9},"end":{"line":19,"column":110}},"type":"binary-expr","locations":[{"start":{"line":19,"column":9},"end":{"line":19,"column":13}},{"start":{"line":19,"column":17},"end":{"line":19,"column":110}}],"line":19}},"s":{"0":14},"f":{"0":14},"b":{"0":[14,0],"1":[14,14]},"_coverageSchema":"1a1c01bbd47fc00a2c39e90264f33305004495a9","hash":"3743d689c8121eb1eae7a335822518560d0e120a"}
,"E:\\event_mgmt_v0\\frontend\\admin\\src\\components\\ui\\StatusBadge.tsx": {"path":"E:\\event_mgmt_v0\\frontend\\admin\\src\\components\\ui\\StatusBadge.tsx","statementMap":{"0":{"start":{"line":3,"column":12},"end":{"line":12,"column":1}},"1":{"start":{"line":15,"column":2},"end":{"line":15,"column":27}},"2":{"start":{"line":15,"column":15},"end":{"line":15,"column":27}},"3":{"start":{"line":16,"column":2},"end":{"line":20,"column":4}}},"fnMap":{"0":{"name":"StatusBadge","decl":{"start":{"line":14,"column":24},"end":{"line":14,"column":35}},"loc":{"start":{"line":14,"column":107},"end":{"line":21,"column":1}},"line":14}},"branchMap":{"0":{"loc":{"start":{"line":15,"column":2},"end":{"line":15,"column":27}},"type":"if","locations":[{"start":{"line":15,"column":2},"end":{"line":15,"column":27}},{"start":{},"end":{}}],"line":15},"1":{"loc":{"start":{"line":17,"column":114},"end":{"line":17,"column":178}},"type":"binary-expr","locations":[{"start":{"line":17,"column":114},"end":{"line":17,"column":145}},{"start":{"line":17,"column":149},"end":{"line":17,"column":178}}],"line":17}},"s":{"0":3,"1":10,"2":0,"3":10},"f":{"0":10},"b":{"0":[0,10],"1":[10,0]},"_coverageSchema":"1a1c01bbd47fc00a2c39e90264f33305004495a9","hash":"4c2e3b3ff4346506530ea7b6405d54ad997dc7da"}
,"E:\\event_mgmt_v0\\frontend\\admin\\src\\context\\AuthContext.tsx": {"path":"E:\\event_mgmt_v0\\frontend\\admin\\src\\context\\AuthContext.tsx","statementMap":{"0":{"start":{"line":15,"column":20},"end":{"line":15,"column":64}},"1":{"start":{"line":18,"column":28},"end":{"line":18,"column":79}},"2":{"start":{"line":18,"column":43},"end":{"line":18,"column":78}},"3":{"start":{"line":20,"column":2},"end":{"line":20,"column":56}},"4":{"start":{"line":20,"column":18},"end":{"line":20,"column":50}},"5":{"start":{"line":22,"column":16},"end":{"line":25,"column":8}},"6":{"start":{"line":23,"column":4},"end":{"line":23,"column":22}},"7":{"start":{"line":24,"column":4},"end":{"line":24,"column":16}},"8":{"start":{"line":27,"column":17},"end":{"line":30,"column":8}},"9":{"start":{"line":28,"column":4},"end":{"line":28,"column":23}},"10":{"start":{"line":29,"column":4},"end":{"line":29,"column":19}},"11":{"start":{"line":32,"column":16},"end":{"line":32,"column":114}},"12":{"start":{"line":32,"column":31},"end":{"line":32,"column":88}},"13":{"start":{"line":33,"column":2},"end":{"line":33,"column":79}},"14":{"start":{"line":37,"column":14},"end":{"line":37,"column":37}},"15":{"start":{"line":38,"column":2},"end":{"line":38,"column":61}},"16":{"start":{"line":38,"column":12},"end":{"line":38,"column":61}},"17":{"start":{"line":39,"column":2},"end":{"line":39,"column":13}}},"fnMap":{"0":{"name":"AuthProvider","decl":{"start":{"line":17,"column":16},"end":{"line":17,"column":28}},"loc":{"start":{"line":17,"column":68},"end":{"line":34,"column":1}},"line":17},"1":{"name":"(anonymous_1)","decl":{"start":{"line":18,"column":37},"end":{"line":18,"column":38}},"loc":{"start":{"line":18,"column":43},"end":{"line":18,"column":78}},"line":18},"2":{"name":"(anonymous_2)","decl":{"start":{"line":20,"column":12},"end":{"line":20,"column":13}},"loc":{"start":{"line":20,"column":18},"end":{"line":20,"column":50}},"line":20},"3":{"name":"(anonymous_3)","decl":{"start":{"line":22,"column":28},"end":{"line":22,"column":29}},"loc":{"start":{"line":22,"column":43},"end":{"line":25,"column":3}},"line":22},"4":{"name":"(anonymous_4)","decl":{"start":{"line":27,"column":29},"end":{"line":27,"column":30}},"loc":{"start":{"line":27,"column":35},"end":{"line":30,"column":3}},"line":27},"5":{"name":"(anonymous_5)","decl":{"start":{"line":32,"column":24},"end":{"line":32,"column":25}},"loc":{"start":{"line":32,"column":31},"end":{"line":32,"column":88}},"line":32},"6":{"name":"useAuth","decl":{"start":{"line":36,"column":16},"end":{"line":36,"column":23}},"loc":{"start":{"line":36,"column":26},"end":{"line":40,"column":1}},"line":36}},"branchMap":{"0":{"loc":{"start":{"line":38,"column":2},"end":{"line":38,"column":61}},"type":"if","locations":[{"start":{"line":38,"column":2},"end":{"line":38,"column":61}},{"start":{},"end":{}}],"line":38}},"s":{"0":10,"1":27,"2":24,"3":27,"4":24,"5":27,"6":2,"7":2,"8":27,"9":1,"10":1,"11":27,"12":27,"13":27,"14":16,"15":16,"16":0,"17":16},"f":{"0":27,"1":24,"2":24,"3":2,"4":1,"5":27,"6":16},"b":{"0":[0,16]},"_coverageSchema":"1a1c01bbd47fc00a2c39e90264f33305004495a9","hash":"4047372fa96f38ce96453ac5579fe7d510ea0429"}
,"E:\\event_mgmt_v0\\frontend\\admin\\src\\hooks\\useDebounce.ts": {"path":"E:\\event_mgmt_v0\\frontend\\admin\\src\\hooks\\useDebounce.ts","statementMap":{"0":{"start":{"line":4,"column":46},"end":{"line":4,"column":61}},"1":{"start":{"line":6,"column":2},"end":{"line":12,"column":21}},"2":{"start":{"line":7,"column":18},"end":{"line":9,"column":13}},"3":{"start":{"line":8,"column":6},"end":{"line":8,"column":31}},"4":{"start":{"line":11,"column":4},"end":{"line":11,"column":37}},"5":{"start":{"line":11,"column":17},"end":{"line":11,"column":36}},"6":{"start":{"line":14,"column":2},"end":{"line":14,"column":24}}},"fnMap":{"0":{"name":"useDebounce","decl":{"start":{"line":3,"column":24},"end":{"line":3,"column":35}},"loc":{"start":{"line":3,"column":65},"end":{"line":15,"column":1}},"line":3},"1":{"name":"(anonymous_1)","decl":{"start":{"line":6,"column":12},"end":{"line":6,"column":13}},"loc":{"start":{"line":6,"column":18},"end":{"line":12,"column":3}},"line":6},"2":{"name":"(anonymous_2)","decl":{"start":{"line":7,"column":29},"end":{"line":7,"column":30}},"loc":{"start":{"line":7,"column":35},"end":{"line":9,"column":5}},"line":7},"3":{"name":"(anonymous_3)","decl":{"start":{"line":11,"column":11},"end":{"line":11,"column":12}},"loc":{"start":{"line":11,"column":17},"end":{"line":11,"column":36}},"line":11}},"branchMap":{"0":{"loc":{"start":{"line":3,"column":49},"end":{"line":3,"column":60}},"type":"default-arg","locations":[{"start":{"line":3,"column":57},"end":{"line":3,"column":60}}],"line":3}},"s":{"0":28,"1":28,"2":9,"3":3,"4":9,"5":9,"6":28},"f":{"0":28,"1":9,"2":3,"3":9},"b":{"0":[0]},"_coverageSchema":"1a1c01bbd47fc00a2c39e90264f33305004495a9","hash":"6fcec2e99129c0efbdf320cac0186ee377bc3cda"}
,"E:\\event_mgmt_v0\\frontend\\admin\\src\\hooks\\useListSearchParams.ts": {"path":"E:\\event_mgmt_v0\\frontend\\admin\\src\\hooks\\useListSearchParams.ts","statementMap":{"0":{"start":{"line":9,"column":2},"end":{"line":13,"column":3}},"1":{"start":{"line":10,"column":19},"end":{"line":10,"column":49}},"2":{"start":{"line":11,"column":21},"end":{"line":11,"column":40}},"3":{"start":{"line":12,"column":4},"end":{"line":12,"column":69}},"4":{"start":{"line":14,"column":2},"end":{"line":14,"column":37}},"5":{"start":{"line":18,"column":23},"end":{"line":18,"column":76}},"6":{"start":{"line":19,"column":2},"end":{"line":19,"column":89}},"7":{"start":{"line":28,"column":42},"end":{"line":28,"column":59}},"8":{"start":{"line":30,"column":17},"end":{"line":37,"column":28}},"9":{"start":{"line":31,"column":19},"end":{"line":31,"column":39}},"10":{"start":{"line":32,"column":4},"end":{"line":35,"column":5}},"11":{"start":{"line":33,"column":20},"end":{"line":33,"column":39}},"12":{"start":{"line":34,"column":6},"end":{"line":34,"column":102}},"13":{"start":{"line":36,"column":4},"end":{"line":36,"column":18}},"14":{"start":{"line":39,"column":23},"end":{"line":60,"column":31}},"15":{"start":{"line":40,"column":4},"end":{"line":59,"column":7}},"16":{"start":{"line":41,"column":19},"end":{"line":41,"column":44}},"17":{"start":{"line":43,"column":6},"end":{"line":46,"column":7}},"18":{"start":{"line":44,"column":22},"end":{"line":44,"column":47}},"19":{"start":{"line":45,"column":8},"end":{"line":45,"column":27}},"20":{"start":{"line":48,"column":6},"end":{"line":56,"column":7}},"21":{"start":{"line":49,"column":23},"end":{"line":49,"column":40}},"22":{"start":{"line":50,"column":22},"end":{"line":50,"column":41}},"23":{"start":{"line":51,"column":8},"end":{"line":55,"column":9}},"24":{"start":{"line":52,"column":10},"end":{"line":52,"column":29}},"25":{"start":{"line":54,"column":10},"end":{"line":54,"column":41}},"26":{"start":{"line":58,"column":6},"end":{"line":58,"column":18}},"27":{"start":{"line":62,"column":19},"end":{"line":64,"column":20}},"28":{"start":{"line":63,"column":4},"end":{"line":63,"column":117}},"29":{"start":{"line":66,"column":2},"end":{"line":66,"column":47}},"30":{"start":{"line":73,"column":39},"end":{"line":76,"column":4}},"31":{"start":{"line":78,"column":16},"end":{"line":78,"column":61}},"32":{"start":{"line":78,"column":31},"end":{"line":78,"column":45}},"33":{"start":{"line":80,"column":19},"end":{"line":89,"column":27}},"34":{"start":{"line":81,"column":26},"end":{"line":83,"column":17}},"35":{"start":{"line":85,"column":4},"end":{"line":88,"column":7}},"36":{"start":{"line":91,"column":2},"end":{"line":91,"column":29}}},"fnMap":{"0":{"name":"parseValue","decl":{"start":{"line":8,"column":9},"end":{"line":8,"column":19}},"loc":{"start":{"line":8,"column":78},"end":{"line":15,"column":1}},"line":8},"1":{"name":"isEmptyValue","decl":{"start":{"line":17,"column":9},"end":{"line":17,"column":21}},"loc":{"start":{"line":17,"column":86},"end":{"line":20,"column":1}},"line":17},"2":{"name":"useListSearchParams","decl":{"start":{"line":27,"column":16},"end":{"line":27,"column":35}},"loc":{"start":{"line":27,"column":70},"end":{"line":67,"column":1}},"line":27},"3":{"name":"(anonymous_3)","decl":{"start":{"line":30,"column":25},"end":{"line":30,"column":26}},"loc":{"start":{"line":30,"column":31},"end":{"line":37,"column":3}},"line":30},"4":{"name":"(anonymous_4)","decl":{"start":{"line":39,"column":35},"end":{"line":39,"column":36}},"loc":{"start":{"line":39,"column":170},"end":{"line":60,"column":3}},"line":39},"5":{"name":"(anonymous_5)","decl":{"start":{"line":40,"column":20},"end":{"line":40,"column":21}},"loc":{"start":{"line":40,"column":30},"end":{"line":59,"column":5}},"line":40},"6":{"name":"(anonymous_6)","decl":{"start":{"line":62,"column":31},"end":{"line":62,"column":32}},"loc":{"start":{"line":62,"column":127},"end":{"line":64,"column":3}},"line":62},"7":{"name":"useDateRangeParams","decl":{"start":{"line":72,"column":16},"end":{"line":72,"column":34}},"loc":{"start":{"line":72,"column":81},"end":{"line":92,"column":1}},"line":72},"8":{"name":"(anonymous_8)","decl":{"start":{"line":78,"column":24},"end":{"line":78,"column":25}},"loc":{"start":{"line":78,"column":31},"end":{"line":78,"column":45}},"line":78},"9":{"name":"(anonymous_9)","decl":{"start":{"line":80,"column":31},"end":{"line":80,"column":32}},"loc":{"start":{"line":80,"column":158},"end":{"line":89,"column":3}},"line":80}},"branchMap":{"0":{"loc":{"start":{"line":9,"column":2},"end":{"line":13,"column":3}},"type":"if","locations":[{"start":{"line":9,"column":2},"end":{"line":13,"column":3}},{"start":{},"end":{}}],"line":9},"1":{"loc":{"start":{"line":10,"column":35},"end":{"line":10,"column":44}},"type":"binary-expr","locations":[{"start":{"line":10,"column":35},"end":{"line":10,"column":38}},{"start":{"line":10,"column":42},"end":{"line":10,"column":44}}],"line":10},"2":{"loc":{"start":{"line":11,"column":21},"end":{"line":11,"column":40}},"type":"binary-expr","locations":[{"start":{"line":11,"column":21},"end":{"line":11,"column":35}},{"start":{"line":11,"column":39},"end":{"line":11,"column":40}}],"line":11},"3":{"loc":{"start":{"line":12,"column":11},"end":{"line":12,"column":68}},"type":"cond-expr","locations":[{"start":{"line":12,"column":51},"end":{"line":12,"column":57}},{"start":{"line":12,"column":60},"end":{"line":12,"column":68}}],"line":12},"4":{"loc":{"start":{"line":12,"column":11},"end":{"line":12,"column":48}},"type":"binary-expr","locations":[{"start":{"line":12,"column":11},"end":{"line":12,"column":34}},{"start":{"line":12,"column":38},"end":{"line":12,"column":48}}],"line":12},"5":{"loc":{"start":{"line":14,"column":9},"end":{"line":14,"column":36}},"type":"binary-expr","locations":[{"start":{"line":14,"column":9},"end":{"line":14,"column":12}},{"start":{"line":14,"column":16},"end":{"line":14,"column":30}},{"start":{"line":14,"column":34},"end":{"line":14,"column":36}}],"line":14},"6":{"loc":{"start":{"line":18,"column":23},"end":{"line":18,"column":76}},"type":"binary-expr","locations":[{"start":{"line":18,"column":23},"end":{"line":18,"column":37}},{"start":{"line":18,"column":42},"end":{"line":18,"column":75}}],"line":18},"7":{"loc":{"start":{"line":18,"column":42},"end":{"line":18,"column":75}},"type":"cond-expr","locations":[{"start":{"line":18,"column":69},"end":{"line":18,"column":70}},{"start":{"line":18,"column":73},"end":{"line":18,"column":75}}],"line":18},"8":{"loc":{"start":{"line":19,"column":9},"end":{"line":19,"column":88}},"type":"binary-expr","locations":[{"start":{"line":19,"column":9},"end":{"line":19,"column":23}},{"start":{"line":19,"column":27},"end":{"line":19,"column":46}},{"start":{"line":19,"column":50},"end":{"line":19,"column":62}},{"start":{"line":19,"column":66},"end":{"line":19,"column":88}}],"line":19},"9":{"loc":{"start":{"line":33,"column":20},"end":{"line":33,"column":39}},"type":"binary-expr","locations":[{"start":{"line":33,"column":20},"end":{"line":33,"column":32}},{"start":{"line":33,"column":36},"end":{"line":33,"column":39}}],"line":33},"10":{"loc":{"start":{"line":39,"column":116},"end":{"line":39,"column":165}},"type":"default-arg","locations":[{"start":{"line":39,"column":163},"end":{"line":39,"column":165}}],"line":39},"11":{"loc":{"start":{"line":39,"column":118},"end":{"line":39,"column":132}},"type":"default-arg","locations":[{"start":{"line":39,"column":130},"end":{"line":39,"column":132}}],"line":39},"12":{"loc":{"start":{"line":44,"column":22},"end":{"line":44,"column":47}},"type":"binary-expr","locations":[{"start":{"line":44,"column":22},"end":{"line":44,"column":40}},{"start":{"line":44,"column":44},"end":{"line":44,"column":47}}],"line":44},"13":{"loc":{"start":{"line":49,"column":23},"end":{"line":49,"column":40}},"type":"binary-expr","locations":[{"start":{"line":49,"column":23},"end":{"line":49,"column":34}},{"start":{"line":49,"column":38},"end":{"line":49,"column":40}}],"line":49},"14":{"loc":{"start":{"line":50,"column":22},"end":{"line":50,"column":41}},"type":"binary-expr","locations":[{"start":{"line":50,"column":22},"end":{"line":50,"column":34}},{"start":{"line":50,"column":38},"end":{"line":50,"column":41}}],"line":50},"15":{"loc":{"start":{"line":51,"column":8},"end":{"line":55,"column":9}},"type":"if","locations":[{"start":{"line":51,"column":8},"end":{"line":55,"column":9}},{"start":{"line":53,"column":15},"end":{"line":55,"column":9}}],"line":51},"16":{"loc":{"start":{"line":81,"column":26},"end":{"line":83,"column":17}},"type":"cond-expr","locations":[{"start":{"line":82,"column":8},"end":{"line":82,"column":24}},{"start":{"line":83,"column":8},"end":{"line":83,"column":17}}],"line":81}},"s":{"0":64,"1":16,"2":16,"3":16,"4":48,"5":11,"6":11,"7":44,"8":44,"9":24,"10":24,"11":64,"12":64,"13":24,"14":44,"15":9,"16":9,"17":9,"18":7,"19":7,"20":9,"21":11,"22":11,"23":11,"24":2,"25":9,"26":9,"27":44,"28":7,"29":44,"30":8,"31":8,"32":6,"33":8,"34":2,"35":2,"36":8},"f":{"0":64,"1":11,"2":44,"3":24,"4":9,"5":9,"6":7,"7":8,"8":6,"9":2},"b":{"0":[16,48],"1":[16,16],"2":[16,0],"3":[0,16],"4":[16,0],"5":[48,36,0],"6":[11,0],"7":[0,0],"8":[11,11,11,11],"9":[64,64],"10":[2],"11":[2],"12":[7,7],"13":[11,0],"14":[11,11],"15":[2,9],"16":[2,0]},"_coverageSchema":"1a1c01bbd47fc00a2c39e90264f33305004495a9","hash":"9e304a6ec032a9c36b7d4a5c6242a528d0d780e3"}
,"E:\\event_mgmt_v0\\frontend\\admin\\src\\pages\\AuditLogs.tsx": {"path":"E:\\event_mgmt_v0\\frontend\\admin\\src\\pages\\AuditLogs.tsx","statementMap":{"0":{"start":{"line":15,"column":20},"end":{"line":20,"column":1}},"1":{"start":{"line":29,"column":6},"end":{"line":29,"column":38}},"2":{"start":{"line":32,"column":40},"end":{"line":32,"column":56}},"3":{"start":{"line":35,"column":26},"end":{"line":35,"column":55}},"4":{"start":{"line":38,"column":2},"end":{"line":40,"column":15}},"5":{"start":{"line":39,"column":4},"end":{"line":39,"column":27}},"6":{"start":{"line":43,"column":2},"end":{"line":49,"column":42}},"7":{"start":{"line":44,"column":4},"end":{"line":48,"column":5}},"8":{"start":{"line":45,"column":6},"end":{"line":47,"column":9}},"9":{"start":{"line":51,"column":46},"end":{"line":68,"column":4}},"10":{"start":{"line":60,"column":6},"end":{"line":66,"column":8}},"11":{"start":{"line":67,"column":31},"end":{"line":67,"column":35}},"12":{"start":{"line":69,"column":20},"end":{"line":69,"column":24}},"13":{"start":{"line":71,"column":2},"end":{"line":143,"column":4}},"14":{"start":{"line":83,"column":29},"end":{"line":83,"column":59}},"15":{"start":{"line":89,"column":52},"end":{"line":89,"column":116}},"16":{"start":{"line":98,"column":51},"end":{"line":98,"column":114}},"17":{"start":{"line":127,"column":16},"end":{"line":133,"column":21}},"18":{"start":{"line":138,"column":126},"end":{"line":138,"column":145}}},"fnMap":{"0":{"name":"AuditLogs","decl":{"start":{"line":22,"column":24},"end":{"line":22,"column":33}},"loc":{"start":{"line":22,"column":36},"end":{"line":144,"column":1}},"line":22},"1":{"name":"(anonymous_1)","decl":{"start":{"line":38,"column":12},"end":{"line":38,"column":13}},"loc":{"start":{"line":38,"column":18},"end":{"line":40,"column":3}},"line":38},"2":{"name":"(anonymous_2)","decl":{"start":{"line":43,"column":12},"end":{"line":43,"column":13}},"loc":{"start":{"line":43,"column":18},"end":{"line":49,"column":3}},"line":43},"3":{"name":"(anonymous_3)","decl":{"start":{"line":59,"column":13},"end":{"line":59,"column":14}},"loc":{"start":{"line":60,"column":6},"end":{"line":66,"column":8}},"line":60},"4":{"name":"(anonymous_4)","decl":{"start":{"line":67,"column":21},"end":{"line":67,"column":22}},"loc":{"start":{"line":67,"column":31},"end":{"line":67,"column":35}},"line":67},"5":{"name":"(anonymous_5)","decl":{"start":{"line":83,"column":22},"end":{"line":83,"column":23}},"loc":{"start":{"line":83,"column":29},"end":{"line":83,"column":59}},"line":83},"6":{"name":"(anonymous_6)","decl":{"start":{"line":89,"column":45},"end":{"line":89,"column":46}},"loc":{"start":{"line":89,"column":52},"end":{"line":89,"column":116}},"line":89},"7":{"name":"(anonymous_7)","decl":{"start":{"line":98,"column":44},"end":{"line":98,"column":45}},"loc":{"start":{"line":98,"column":51},"end":{"line":98,"column":114}},"line":98},"8":{"name":"(anonymous_8)","decl":{"start":{"line":126,"column":35},"end":{"line":126,"column":36}},"loc":{"start":{"line":127,"column":16},"end":{"line":133,"column":21}},"line":127},"9":{"name":"(anonymous_9)","decl":{"start":{"line":138,"column":119},"end":{"line":138,"column":120}},"loc":{"start":{"line":138,"column":126},"end":{"line":138,"column":145}},"line":138}},"branchMap":{"0":{"loc":{"start":{"line":44,"column":4},"end":{"line":48,"column":5}},"type":"if","locations":[{"start":{"line":44,"column":4},"end":{"line":48,"column":5}},{"start":{},"end":{}}],"line":44},"1":{"loc":{"start":{"line":61,"column":16},"end":{"line":61,"column":35}},"type":"binary-expr","locations":[{"start":{"line":61,"column":16},"end":{"line":61,"column":22}},{"start":{"line":61,"column":26},"end":{"line":61,"column":35}}],"line":61},"2":{"loc":{"start":{"line":62,"column":21},"end":{"line":62,"column":44}},"type":"binary-expr","locations":[{"start":{"line":62,"column":21},"end":{"line":62,"column":31}},{"start":{"line":62,"column":35},"end":{"line":62,"column":44}}],"line":62},"3":{"loc":{"start":{"line":63,"column":20},"end":{"line":63,"column":42}},"type":"binary-expr","locations":[{"start":{"line":63,"column":20},"end":{"line":63,"column":29}},{"start":{"line":63,"column":33},"end":{"line":63,"column":42}}],"line":63},"4":{"loc":{"start":{"line":106,"column":7},"end":{"line":106,"column":30}},"type":"binary-expr","locations":[{"start":{"line":106,"column":7},"end":{"line":106,"column":16}},{"start":{"line":106,"column":20},"end":{"line":106,"column":30}}],"line":106},"5":{"loc":{"start":{"line":107,"column":7},"end":{"line":107,"column":72}},"type":"binary-expr","locations":[{"start":{"line":107,"column":7},"end":{"line":107,"column":14}},{"start":{"line":107,"column":18},"end":{"line":107,"column":72}}],"line":107},"6":{"loc":{"start":{"line":109,"column":7},"end":{"line":111,"column":7}},"type":"binary-expr","locations":[{"start":{"line":109,"column":7},"end":{"line":109,"column":17}},{"start":{"line":109,"column":21},"end":{"line":109,"column":45}},{"start":{"line":110,"column":8},"end":{"line":110,"column":104}}],"line":109},"7":{"loc":{"start":{"line":113,"column":7},"end":{"line":141,"column":7}},"type":"binary-expr","locations":[{"start":{"line":113,"column":7},"end":{"line":113,"column":16}},{"start":{"line":113,"column":20},"end":{"line":113,"column":46}},{"start":{"line":114,"column":8},"end":{"line":140,"column":14}}],"line":113},"8":{"loc":{"start":{"line":130,"column":48},"end":{"line":130,"column":69}},"type":"binary-expr","locations":[{"start":{"line":130,"column":48},"end":{"line":130,"column":62}},{"start":{"line":130,"column":66},"end":{"line":130,"column":69}}],"line":130},"9":{"loc":{"start":{"line":131,"column":48},"end":{"line":131,"column":70}},"type":"binary-expr","locations":[{"start":{"line":131,"column":48},"end":{"line":131,"column":63}},{"start":{"line":131,"column":67},"end":{"line":131,"column":70}}],"line":131}},"s":{"0":1,"1":6,"2":6,"3":6,"4":6,"5":2,"6":6,"7":2,"8":0,"9":6,"10":2,"11":10,"12":6,"13":6,"14":0,"15":0,"16":0,"17":2,"18":0},"f":{"0":6,"1":2,"2":2,"3":2,"4":10,"5":0,"6":0,"7":0,"8":2,"9":0},"b":{"0":[0,2],"1":[2,2],"2":[2,2],"3":[2,2],"4":[6,2],"5":[6,2],"6":[6,4,2],"7":[6,2,2],"8":[2,0],"9":[2,0]},"_coverageSchema":"1a1c01bbd47fc00a2c39e90264f33305004495a9","hash":"e7700ec9ce032a1a71ff8c9bd3374542af51bd5f"}
,"E:\\event_mgmt_v0\\frontend\\admin\\src\\pages\\Categories.tsx": {"path":"E:\\event_mgmt_v0\\frontend\\admin\\src\\pages\\Categories.tsx","statementMap":{"0":{"start":{"line":18,"column":22},"end":{"line":18,"column":38}},"1":{"start":{"line":19,"column":32},"end":{"line":19,"column":57}},"2":{"start":{"line":20,"column":34},"end":{"line":20,"column":49}},"3":{"start":{"line":21,"column":44},"end":{"line":21,"column":75}},"4":{"start":{"line":23,"column":46},"end":{"line":23,"column":114}},"5":{"start":{"line":25,"column":21},"end":{"line":25,"column":136}},"6":{"start":{"line":26,"column":19},"end":{"line":26,"column":69}},"7":{"start":{"line":28,"column":20},"end":{"line":37,"column":4}},"8":{"start":{"line":31,"column":6},"end":{"line":31,"column":72}},"9":{"start":{"line":32,"column":6},"end":{"line":32,"column":25}},"10":{"start":{"line":33,"column":6},"end":{"line":33,"column":25}},"11":{"start":{"line":34,"column":6},"end":{"line":34,"column":38}},"12":{"start":{"line":39,"column":20},"end":{"line":47,"column":4}},"13":{"start":{"line":40,"column":75},"end":{"line":40,"column":102}},"14":{"start":{"line":42,"column":6},"end":{"line":42,"column":72}},"15":{"start":{"line":43,"column":6},"end":{"line":43,"column":23}},"16":{"start":{"line":44,"column":6},"end":{"line":44,"column":38}},"17":{"start":{"line":49,"column":21},"end":{"line":57,"column":4}},"18":{"start":{"line":50,"column":28},"end":{"line":50,"column":47}},"19":{"start":{"line":52,"column":6},"end":{"line":52,"column":72}},"20":{"start":{"line":53,"column":6},"end":{"line":53,"column":29}},"21":{"start":{"line":54,"column":6},"end":{"line":54,"column":39}},"22":{"start":{"line":59,"column":20},"end":{"line":62,"column":3}},"23":{"start":{"line":60,"column":4},"end":{"line":60,"column":32}},"24":{"start":{"line":61,"column":4},"end":{"line":61,"column":103}},"25":{"start":{"line":64,"column":2},"end":{"line":64,"column":35}},"26":{"start":{"line":64,"column":17},"end":{"line":64,"column":35}},"27":{"start":{"line":66,"column":2},"end":{"line":128,"column":4}},"28":{"start":{"line":73,"column":31},"end":{"line":73,"column":48}},"29":{"start":{"line":79,"column":55},"end":{"line":79,"column":74}},"30":{"start":{"line":86,"column":69},"end":{"line":86,"column":87}},"31":{"start":{"line":96,"column":12},"end":{"line":120,"column":18}},"32":{"start":{"line":98,"column":61},"end":{"line":98,"column":114}},"33":{"start":{"line":103,"column":87},"end":{"line":103,"column":103}},"34":{"start":{"line":115,"column":69},"end":{"line":115,"column":83}},"35":{"start":{"line":116,"column":93},"end":{"line":116,"column":114}},"36":{"start":{"line":126,"column":58},"end":{"line":126,"column":122}},"37":{"start":{"line":126,"column":77},"end":{"line":126,"column":122}},"38":{"start":{"line":126,"column":142},"end":{"line":126,"column":164}}},"fnMap":{"0":{"name":"Categories","decl":{"start":{"line":17,"column":24},"end":{"line":17,"column":34}},"loc":{"start":{"line":17,"column":37},"end":{"line":129,"column":1}},"line":17},"1":{"name":"(anonymous_1)","decl":{"start":{"line":30,"column":15},"end":{"line":30,"column":16}},"loc":{"start":{"line":30,"column":21},"end":{"line":35,"column":5}},"line":30},"2":{"name":"(anonymous_2)","decl":{"start":{"line":40,"column":16},"end":{"line":40,"column":17}},"loc":{"start":{"line":40,"column":75},"end":{"line":40,"column":102}},"line":40},"3":{"name":"(anonymous_3)","decl":{"start":{"line":41,"column":15},"end":{"line":41,"column":16}},"loc":{"start":{"line":41,"column":21},"end":{"line":45,"column":5}},"line":41},"4":{"name":"(anonymous_4)","decl":{"start":{"line":50,"column":16},"end":{"line":50,"column":17}},"loc":{"start":{"line":50,"column":28},"end":{"line":50,"column":47}},"line":50},"5":{"name":"(anonymous_5)","decl":{"start":{"line":51,"column":15},"end":{"line":51,"column":16}},"loc":{"start":{"line":51,"column":21},"end":{"line":55,"column":5}},"line":51},"6":{"name":"(anonymous_6)","decl":{"start":{"line":59,"column":20},"end":{"line":59,"column":21}},"loc":{"start":{"line":59,"column":39},"end":{"line":62,"column":3}},"line":59},"7":{"name":"(anonymous_7)","decl":{"start":{"line":73,"column":25},"end":{"line":73,"column":26}},"loc":{"start":{"line":73,"column":31},"end":{"line":73,"column":48}},"line":73},"8":{"name":"(anonymous_8)","decl":{"start":{"line":79,"column":48},"end":{"line":79,"column":49}},"loc":{"start":{"line":79,"column":55},"end":{"line":79,"column":74}},"line":79},"9":{"name":"(anonymous_9)","decl":{"start":{"line":86,"column":63},"end":{"line":86,"column":64}},"loc":{"start":{"line":86,"column":69},"end":{"line":86,"column":87}},"line":86},"10":{"name":"(anonymous_10)","decl":{"start":{"line":95,"column":36},"end":{"line":95,"column":37}},"loc":{"start":{"line":96,"column":12},"end":{"line":120,"column":18}},"line":96},"11":{"name":"(anonymous_11)","decl":{"start":{"line":98,"column":54},"end":{"line":98,"column":55}},"loc":{"start":{"line":98,"column":61},"end":{"line":98,"column":114}},"line":98},"12":{"name":"(anonymous_12)","decl":{"start":{"line":103,"column":81},"end":{"line":103,"column":82}},"loc":{"start":{"line":103,"column":87},"end":{"line":103,"column":103}},"line":103},"13":{"name":"(anonymous_13)","decl":{"start":{"line":115,"column":63},"end":{"line":115,"column":64}},"loc":{"start":{"line":115,"column":69},"end":{"line":115,"column":83}},"line":115},"14":{"name":"(anonymous_14)","decl":{"start":{"line":116,"column":87},"end":{"line":116,"column":88}},"loc":{"start":{"line":116,"column":93},"end":{"line":116,"column":114}},"line":116},"15":{"name":"(anonymous_15)","decl":{"start":{"line":126,"column":50},"end":{"line":126,"column":51}},"loc":{"start":{"line":126,"column":56},"end":{"line":126,"column":124}},"line":126},"16":{"name":"(anonymous_16)","decl":{"start":{"line":126,"column":136},"end":{"line":126,"column":137}},"loc":{"start":{"line":126,"column":142},"end":{"line":126,"column":164}},"line":126}},"branchMap":{"0":{"loc":{"start":{"line":61,"column":50},"end":{"line":61,"column":71}},"type":"binary-expr","locations":[{"start":{"line":61,"column":50},"end":{"line":61,"column":65}},{"start":{"line":61,"column":69},"end":{"line":61,"column":71}}],"line":61},"1":{"loc":{"start":{"line":64,"column":2},"end":{"line":64,"column":35}},"type":"if","locations":[{"start":{"line":64,"column":2},"end":{"line":64,"column":35}},{"start":{},"end":{}}],"line":64},"2":{"loc":{"start":{"line":76,"column":7},"end":{"line":76,"column":72}},"type":"binary-expr","locations":[{"start":{"line":76,"column":7},"end":{"line":76,"column":14}},{"start":{"line":76,"column":18},"end":{"line":76,"column":72}}],"line":76},"3":{"loc":{"start":{"line":78,"column":7},"end":{"line":89,"column":7}},"type":"binary-expr","locations":[{"start":{"line":78,"column":7},"end":{"line":78,"column":15}},{"start":{"line":79,"column":8},"end":{"line":88,"column":15}}],"line":78},"4":{"loc":{"start":{"line":91,"column":7},"end":{"line":123,"column":7}},"type":"cond-expr","locations":[{"start":{"line":92,"column":8},"end":{"line":92,"column":112}},{"start":{"line":94,"column":8},"end":{"line":122,"column":14}}],"line":91},"5":{"loc":{"start":{"line":97,"column":15},"end":{"line":119,"column":15}},"type":"cond-expr","locations":[{"start":{"line":98,"column":16},"end":{"line":105,"column":23}},{"start":{"line":107,"column":16},"end":{"line":118,"column":19}}],"line":97},"6":{"loc":{"start":{"line":110,"column":21},"end":{"line":110,"column":143}},"type":"binary-expr","locations":[{"start":{"line":110,"column":21},"end":{"line":110,"column":35}},{"start":{"line":110,"column":39},"end":{"line":110,"column":143}}],"line":110},"7":{"loc":{"start":{"line":112,"column":58},"end":{"line":112,"column":80}},"type":"binary-expr","locations":[{"start":{"line":112,"column":58},"end":{"line":112,"column":73}},{"start":{"line":112,"column":77},"end":{"line":112,"column":80}}],"line":112},"8":{"loc":{"start":{"line":113,"column":58},"end":{"line":113,"column":79}},"type":"binary-expr","locations":[{"start":{"line":113,"column":58},"end":{"line":113,"column":74}},{"start":{"line":113,"column":78},"end":{"line":113,"column":79}}],"line":113},"9":{"loc":{"start":{"line":126,"column":58},"end":{"line":126,"column":122}},"type":"if","locations":[{"start":{"line":126,"column":58},"end":{"line":126,"column":122}},{"start":{},"end":{}}],"line":126}},"s":{"0":12,"1":12,"2":12,"3":12,"4":12,"5":12,"6":12,"7":12,"8":1,"9":1,"10":1,"11":1,"12":12,"13":0,"14":0,"15":0,"16":0,"17":12,"18":0,"19":0,"20":0,"21":0,"22":12,"23":0,"24":0,"25":12,"26":6,"27":6,"28":2,"29":1,"30":0,"31":5,"32":0,"33":0,"34":0,"35":0,"36":0,"37":0,"38":0},"f":{"0":12,"1":1,"2":0,"3":0,"4":0,"5":0,"6":0,"7":2,"8":1,"9":0,"10":5,"11":0,"12":0,"13":0,"14":0,"15":0,"16":0},"b":{"0":[0,0],"1":[6,6],"2":[6,1],"3":[6,2],"4":[1,5],"5":[0,5],"6":[5,5],"7":[5,0],"8":[5,0],"9":[0,0]},"_coverageSchema":"1a1c01bbd47fc00a2c39e90264f33305004495a9","hash":"262e2499f2a889bf9f15f0ad4fe734ce8e29a514"}
,"E:\\event_mgmt_v0\\frontend\\admin\\src\\pages\\Coupons.tsx": {"path":"E:\\event_mgmt_v0\\frontend\\admin\\src\\pages\\Coupons.tsx","statementMap":{"0":{"start":{"line":21,"column":20},"end":{"line":24,"column":1}},"1":{"start":{"line":30,"column":2},"end":{"line":36,"column":4}},"2":{"start":{"line":40,"column":22},"end":{"line":40,"column":38}},"3":{"start":{"line":41,"column":40},"end":{"line":41,"column":72}},"4":{"start":{"line":43,"column":26},"end":{"line":43,"column":50}},"5":{"start":{"line":45,"column":28},"end":{"line":45,"column":61}},"6":{"start":{"line":46,"column":42},"end":{"line":46,"column":71}},"7":{"start":{"line":47,"column":19},"end":{"line":47,"column":21}},"8":{"start":{"line":49,"column":46},"end":{"line":49,"column":108}},"9":{"start":{"line":51,"column":15},"end":{"line":54,"column":4}},"10":{"start":{"line":56,"column":18},"end":{"line":67,"column":4}},"11":{"start":{"line":57,"column":45},"end":{"line":59,"column":29}},"12":{"start":{"line":61,"column":6},"end":{"line":61,"column":69}},"13":{"start":{"line":62,"column":6},"end":{"line":62,"column":21}},"14":{"start":{"line":63,"column":6},"end":{"line":63,"column":19}},"15":{"start":{"line":64,"column":6},"end":{"line":64,"column":80}},"16":{"start":{"line":69,"column":20},"end":{"line":77,"column":4}},"17":{"start":{"line":72,"column":6},"end":{"line":72,"column":69}},"18":{"start":{"line":73,"column":6},"end":{"line":73,"column":28}},"19":{"start":{"line":74,"column":6},"end":{"line":74,"column":40}},"20":{"start":{"line":84,"column":19},"end":{"line":94,"column":29}},"21":{"start":{"line":85,"column":14},"end":{"line":85,"column":29}},"22":{"start":{"line":87,"column":4},"end":{"line":93,"column":7}},"23":{"start":{"line":88,"column":6},"end":{"line":92,"column":8}},"24":{"start":{"line":96,"column":55},"end":{"line":96,"column":89}},"25":{"start":{"line":98,"column":21},"end":{"line":101,"column":3}},"26":{"start":{"line":99,"column":4},"end":{"line":99,"column":98}},"27":{"start":{"line":100,"column":4},"end":{"line":100,"column":33}},"28":{"start":{"line":103,"column":19},"end":{"line":112,"column":3}},"29":{"start":{"line":104,"column":4},"end":{"line":110,"column":7}},"30":{"start":{"line":111,"column":4},"end":{"line":111,"column":39}},"31":{"start":{"line":114,"column":2},"end":{"line":210,"column":4}},"32":{"start":{"line":128,"column":27},"end":{"line":128,"column":81}},"33":{"start":{"line":156,"column":16},"end":{"line":171,"column":21}},"34":{"start":{"line":165,"column":71},"end":{"line":165,"column":82}},"35":{"start":{"line":167,"column":97},"end":{"line":167,"column":115}},"36":{"start":{"line":175,"column":130},"end":{"line":175,"column":149}},"37":{"start":{"line":182,"column":47},"end":{"line":182,"column":75}},"38":{"start":{"line":195,"column":71},"end":{"line":195,"column":85}},"39":{"start":{"line":206,"column":27},"end":{"line":206,"column":86}},"40":{"start":{"line":206,"column":45},"end":{"line":206,"column":86}},"41":{"start":{"line":207,"column":24},"end":{"line":207,"column":45}},"42":{"start":{"line":214,"column":2},"end":{"line":214,"column":35}},"43":{"start":{"line":214,"column":23},"end":{"line":214,"column":35}},"44":{"start":{"line":215,"column":2},"end":{"line":224,"column":4}},"45":{"start":{"line":219,"column":82},"end":{"line":219,"column":104}},"46":{"start":{"line":221,"column":91},"end":{"line":221,"column":113}}},"fnMap":{"0":{"name":"toPayload","decl":{"start":{"line":29,"column":9},"end":{"line":29,"column":18}},"loc":{"start":{"line":29,"column":52},"end":{"line":37,"column":1}},"line":29},"1":{"name":"Coupons","decl":{"start":{"line":39,"column":24},"end":{"line":39,"column":31}},"loc":{"start":{"line":39,"column":34},"end":{"line":211,"column":1}},"line":39},"2":{"name":"(anonymous_2)","decl":{"start":{"line":57,"column":16},"end":{"line":57,"column":17}},"loc":{"start":{"line":57,"column":45},"end":{"line":59,"column":29}},"line":57},"3":{"name":"(anonymous_3)","decl":{"start":{"line":60,"column":15},"end":{"line":60,"column":16}},"loc":{"start":{"line":60,"column":21},"end":{"line":65,"column":5}},"line":60},"4":{"name":"(anonymous_4)","decl":{"start":{"line":71,"column":15},"end":{"line":71,"column":16}},"loc":{"start":{"line":71,"column":21},"end":{"line":75,"column":5}},"line":71},"5":{"name":"(anonymous_5)","decl":{"start":{"line":84,"column":27},"end":{"line":84,"column":28}},"loc":{"start":{"line":84,"column":33},"end":{"line":94,"column":3}},"line":84},"6":{"name":"(anonymous_6)","decl":{"start":{"line":87,"column":45},"end":{"line":87,"column":46}},"loc":{"start":{"line":87,"column":52},"end":{"line":93,"column":5}},"line":87},"7":{"name":"(anonymous_7)","decl":{"start":{"line":98,"column":21},"end":{"line":98,"column":22}},"loc":{"start":{"line":98,"column":27},"end":{"line":101,"column":3}},"line":98},"8":{"name":"(anonymous_8)","decl":{"start":{"line":103,"column":19},"end":{"line":103,"column":20}},"loc":{"start":{"line":103,"column":39},"end":{"line":112,"column":3}},"line":103},"9":{"name":"(anonymous_9)","decl":{"start":{"line":128,"column":20},"end":{"line":128,"column":21}},"loc":{"start":{"line":128,"column":27},"end":{"line":128,"column":81}},"line":128},"10":{"name":"(anonymous_10)","decl":{"start":{"line":155,"column":39},"end":{"line":155,"column":40}},"loc":{"start":{"line":156,"column":16},"end":{"line":171,"column":21}},"line":156},"11":{"name":"(anonymous_11)","decl":{"start":{"line":165,"column":65},"end":{"line":165,"column":66}},"loc":{"start":{"line":165,"column":71},"end":{"line":165,"column":82}},"line":165},"12":{"name":"(anonymous_12)","decl":{"start":{"line":167,"column":91},"end":{"line":167,"column":92}},"loc":{"start":{"line":167,"column":97},"end":{"line":167,"column":115}},"line":167},"13":{"name":"(anonymous_13)","decl":{"start":{"line":175,"column":123},"end":{"line":175,"column":124}},"loc":{"start":{"line":175,"column":130},"end":{"line":175,"column":149}},"line":175},"14":{"name":"(anonymous_14)","decl":{"start":{"line":182,"column":40},"end":{"line":182,"column":41}},"loc":{"start":{"line":182,"column":47},"end":{"line":182,"column":75}},"line":182},"15":{"name":"(anonymous_15)","decl":{"start":{"line":195,"column":65},"end":{"line":195,"column":66}},"loc":{"start":{"line":195,"column":71},"end":{"line":195,"column":85}},"line":195},"16":{"name":"(anonymous_16)","decl":{"start":{"line":206,"column":19},"end":{"line":206,"column":20}},"loc":{"start":{"line":206,"column":25},"end":{"line":206,"column":88}},"line":206},"17":{"name":"(anonymous_17)","decl":{"start":{"line":207,"column":18},"end":{"line":207,"column":19}},"loc":{"start":{"line":207,"column":24},"end":{"line":207,"column":45}},"line":207},"18":{"name":"PaginationFooter","decl":{"start":{"line":213,"column":9},"end":{"line":213,"column":25}},"loc":{"start":{"line":213,"column":160},"end":{"line":225,"column":1}},"line":213},"19":{"name":"(anonymous_19)","decl":{"start":{"line":219,"column":76},"end":{"line":219,"column":77}},"loc":{"start":{"line":219,"column":82},"end":{"line":219,"column":104}},"line":219},"20":{"name":"(anonymous_20)","decl":{"start":{"line":221,"column":85},"end":{"line":221,"column":86}},"loc":{"start":{"line":221,"column":91},"end":{"line":221,"column":113}},"line":221}},"branchMap":{"0":{"loc":{"start":{"line":32,"column":17},"end":{"line":32,"column":46}},"type":"binary-expr","locations":[{"start":{"line":32,"column":17},"end":{"line":32,"column":33}},{"start":{"line":32,"column":37},"end":{"line":32,"column":46}}],"line":32},"1":{"loc":{"start":{"line":34,"column":17},"end":{"line":34,"column":88}},"type":"cond-expr","locations":[{"start":{"line":34,"column":36},"end":{"line":34,"column":76}},{"start":{"line":34,"column":79},"end":{"line":34,"column":88}}],"line":34},"2":{"loc":{"start":{"line":35,"column":15},"end":{"line":35,"column":37}},"type":"binary-expr","locations":[{"start":{"line":35,"column":15},"end":{"line":35,"column":29}},{"start":{"line":35,"column":33},"end":{"line":35,"column":37}}],"line":35},"3":{"loc":{"start":{"line":57,"column":45},"end":{"line":59,"column":29}},"type":"cond-expr","locations":[{"start":{"line":58,"column":8},"end":{"line":58,"column":53}},{"start":{"line":59,"column":8},"end":{"line":59,"column":29}}],"line":57},"4":{"loc":{"start":{"line":64,"column":18},"end":{"line":64,"column":78}},"type":"cond-expr","locations":[{"start":{"line":64,"column":43},"end":{"line":64,"column":59}},{"start":{"line":64,"column":62},"end":{"line":64,"column":78}}],"line":64},"5":{"loc":{"start":{"line":87,"column":13},"end":{"line":87,"column":23}},"type":"binary-expr","locations":[{"start":{"line":87,"column":13},"end":{"line":87,"column":17}},{"start":{"line":87,"column":21},"end":{"line":87,"column":23}}],"line":87},"6":{"loc":{"start":{"line":89,"column":8},"end":{"line":91,"column":48}},"type":"binary-expr","locations":[{"start":{"line":89,"column":8},"end":{"line":89,"column":10}},{"start":{"line":90,"column":8},"end":{"line":90,"column":41}},{"start":{"line":91,"column":8},"end":{"line":91,"column":48}}],"line":89},"7":{"loc":{"start":{"line":106,"column":19},"end":{"line":106,"column":43}},"type":"binary-expr","locations":[{"start":{"line":106,"column":19},"end":{"line":106,"column":37}},{"start":{"line":106,"column":41},"end":{"line":106,"column":43}}],"line":106},"8":{"loc":{"start":{"line":108,"column":19},"end":{"line":108,"column":57}},"type":"binary-expr","locations":[{"start":{"line":108,"column":19},"end":{"line":108,"column":51}},{"start":{"line":108,"column":55},"end":{"line":108,"column":57}}],"line":108},"9":{"loc":{"start":{"line":109,"column":17},"end":{"line":109,"column":41}},"type":"binary-expr","locations":[{"start":{"line":109,"column":17},"end":{"line":109,"column":33}},{"start":{"line":109,"column":37},"end":{"line":109,"column":41}}],"line":109},"10":{"loc":{"start":{"line":134,"column":7},"end":{"line":134,"column":30}},"type":"binary-expr","locations":[{"start":{"line":134,"column":7},"end":{"line":134,"column":16}},{"start":{"line":134,"column":20},"end":{"line":134,"column":30}}],"line":134},"11":{"loc":{"start":{"line":135,"column":7},"end":{"line":135,"column":72}},"type":"binary-expr","locations":[{"start":{"line":135,"column":7},"end":{"line":135,"column":14}},{"start":{"line":135,"column":18},"end":{"line":135,"column":72}}],"line":135},"12":{"loc":{"start":{"line":136,"column":7},"end":{"line":138,"column":7}},"type":"binary-expr","locations":[{"start":{"line":136,"column":7},"end":{"line":136,"column":17}},{"start":{"line":136,"column":21},"end":{"line":136,"column":37}},{"start":{"line":137,"column":8},"end":{"line":137,"column":122}}],"line":136},"13":{"loc":{"start":{"line":140,"column":7},"end":{"line":177,"column":7}},"type":"binary-expr","locations":[{"start":{"line":140,"column":7},"end":{"line":140,"column":23}},{"start":{"line":141,"column":8},"end":{"line":176,"column":14}}],"line":140},"14":{"loc":{"start":{"line":159,"column":45},"end":{"line":159,"column":62}},"type":"binary-expr","locations":[{"start":{"line":159,"column":45},"end":{"line":159,"column":57}},{"start":{"line":159,"column":61},"end":{"line":159,"column":62}}],"line":159},"15":{"loc":{"start":{"line":161,"column":45},"end":{"line":161,"column":111}},"type":"cond-expr","locations":[{"start":{"line":161,"column":61},"end":{"line":161,"column":105}},{"start":{"line":161,"column":108},"end":{"line":161,"column":111}}],"line":161},"16":{"loc":{"start":{"line":162,"column":65},"end":{"line":162,"column":100}},"type":"cond-expr","locations":[{"start":{"line":162,"column":79},"end":{"line":162,"column":87}},{"start":{"line":162,"column":90},"end":{"line":162,"column":100}}],"line":162},"17":{"loc":{"start":{"line":166,"column":23},"end":{"line":168,"column":23}},"type":"binary-expr","locations":[{"start":{"line":166,"column":23},"end":{"line":166,"column":34}},{"start":{"line":167,"column":24},"end":{"line":167,"column":132}}],"line":166},"18":{"loc":{"start":{"line":179,"column":7},"end":{"line":199,"column":7}},"type":"binary-expr","locations":[{"start":{"line":179,"column":7},"end":{"line":179,"column":12}},{"start":{"line":180,"column":8},"end":{"line":198,"column":14}}],"line":179},"19":{"loc":{"start":{"line":185,"column":51},"end":{"line":185,"column":103}},"type":"cond-expr","locations":[{"start":{"line":185,"column":75},"end":{"line":185,"column":88}},{"start":{"line":185,"column":91},"end":{"line":185,"column":103}}],"line":185},"20":{"loc":{"start":{"line":194,"column":65},"end":{"line":194,"column":106}},"type":"cond-expr","locations":[{"start":{"line":194,"column":89},"end":{"line":194,"column":95}},{"start":{"line":194,"column":98},"end":{"line":194,"column":106}}],"line":194},"21":{"loc":{"start":{"line":206,"column":27},"end":{"line":206,"column":86}},"type":"if","locations":[{"start":{"line":206,"column":27},"end":{"line":206,"column":86}},{"start":{},"end":{}}],"line":206},"22":{"loc":{"start":{"line":214,"column":2},"end":{"line":214,"column":35}},"type":"if","locations":[{"start":{"line":214,"column":2},"end":{"line":214,"column":35}},{"start":{},"end":{}}],"line":214},"23":{"loc":{"start":{"line":217,"column":27},"end":{"line":217,"column":49}},"type":"cond-expr","locations":[{"start":{"line":217,"column":41},"end":{"line":217,"column":43}},{"start":{"line":217,"column":46},"end":{"line":217,"column":49}}],"line":217}},"s":{"0":1,"1":1,"2":10,"3":10,"4":10,"5":10,"6":10,"7":10,"8":10,"9":10,"10":10,"11":1,"12":1,"13":1,"14":1,"15":1,"16":10,"17":0,"18":0,"19":0,"20":10,"21":4,"22":4,"23":3,"24":10,"25":10,"26":1,"27":1,"28":10,"29":0,"30":0,"31":10,"32":0,"33":6,"34":0,"35":0,"36":0,"37":1,"38":0,"39":0,"40":0,"41":0,"42":4,"43":4,"44":0,"45":0,"46":0},"f":{"0":1,"1":10,"2":1,"3":1,"4":0,"5":4,"6":3,"7":1,"8":0,"9":0,"10":6,"11":0,"12":0,"13":0,"14":1,"15":0,"16":0,"17":0,"18":4,"19":0,"20":0},"b":{"0":[1,1],"1":[0,1],"2":[1,0],"3":[0,1],"4":[0,1],"5":[4,2],"6":[3,2,1],"7":[0,0],"8":[0,0],"9":[0,0],"10":[10,4],"11":[10,0],"12":[10,6,0],"13":[10,6],"14":[6,0],"15":[0,6],"16":[6,0],"17":[6,6],"18":[10,2],"19":[0,2],"20":[0,2],"21":[0,0],"22":[4,0],"23":[0,0]},"_coverageSchema":"1a1c01bbd47fc00a2c39e90264f33305004495a9","hash":"965c843445d7ee85860251232312ee6b63004349"}
,"E:\\event_mgmt_v0\\frontend\\admin\\src\\pages\\Dashboard.tsx": {"path":"E:\\event_mgmt_v0\\frontend\\admin\\src\\pages\\Dashboard.tsx","statementMap":{"0":{"start":{"line":14,"column":30},"end":{"line":14,"column":68}},"1":{"start":{"line":15,"column":17},"end":{"line":18,"column":14}},"2":{"start":{"line":15,"column":32},"end":{"line":18,"column":3}},"3":{"start":{"line":20,"column":15},"end":{"line":20,"column":81}},"4":{"start":{"line":21,"column":18},"end":{"line":21,"column":108}},"5":{"start":{"line":21,"column":81},"end":{"line":21,"column":105}},"6":{"start":{"line":22,"column":19},"end":{"line":22,"column":111}},"7":{"start":{"line":22,"column":83},"end":{"line":22,"column":108}},"8":{"start":{"line":24,"column":2},"end":{"line":24,"column":71}},"9":{"start":{"line":24,"column":22},"end":{"line":24,"column":71}},"10":{"start":{"line":26,"column":12},"end":{"line":26,"column":21}},"11":{"start":{"line":67,"column":2},"end":{"line":75,"column":3}},"12":{"start":{"line":68,"column":4},"end":{"line":74,"column":6}},"13":{"start":{"line":77,"column":2},"end":{"line":155,"column":4}},"14":{"start":{"line":118,"column":16},"end":{"line":118,"column":66}},"15":{"start":{"line":118,"column":33},"end":{"line":118,"column":64}},"16":{"start":{"line":127,"column":16},"end":{"line":127,"column":64}},"17":{"start":{"line":127,"column":33},"end":{"line":127,"column":62}}},"fnMap":{"0":{"name":"Dashboard","decl":{"start":{"line":13,"column":24},"end":{"line":13,"column":33}},"loc":{"start":{"line":13,"column":36},"end":{"line":158,"column":1}},"line":13},"1":{"name":"(anonymous_1)","decl":{"start":{"line":15,"column":25},"end":{"line":15,"column":26}},"loc":{"start":{"line":15,"column":32},"end":{"line":18,"column":3}},"line":15},"2":{"name":"(anonymous_2)","decl":{"start":{"line":21,"column":75},"end":{"line":21,"column":76}},"loc":{"start":{"line":21,"column":81},"end":{"line":21,"column":105}},"line":21},"3":{"name":"(anonymous_3)","decl":{"start":{"line":22,"column":77},"end":{"line":22,"column":78}},"loc":{"start":{"line":22,"column":83},"end":{"line":22,"column":108}},"line":22},"4":{"name":"(anonymous_4)","decl":{"start":{"line":117,"column":24},"end":{"line":117,"column":25}},"loc":{"start":{"line":118,"column":16},"end":{"line":118,"column":66}},"line":118},"5":{"name":"(anonymous_5)","decl":{"start":{"line":118,"column":25},"end":{"line":118,"column":26}},"loc":{"start":{"line":118,"column":33},"end":{"line":118,"column":64}},"line":118},"6":{"name":"(anonymous_6)","decl":{"start":{"line":126,"column":24},"end":{"line":126,"column":25}},"loc":{"start":{"line":127,"column":16},"end":{"line":127,"column":64}},"line":127},"7":{"name":"(anonymous_7)","decl":{"start":{"line":127,"column":25},"end":{"line":127,"column":26}},"loc":{"start":{"line":127,"column":33},"end":{"line":127,"column":62}},"line":127}},"branchMap":{"0":{"loc":{"start":{"line":24,"column":2},"end":{"line":24,"column":71}},"type":"if","locations":[{"start":{"line":24,"column":2},"end":{"line":24,"column":71}},{"start":{},"end":{}}],"line":24},"1":{"loc":{"start":{"line":67,"column":2},"end":{"line":75,"column":3}},"type":"if","locations":[{"start":{"line":67,"column":2},"end":{"line":75,"column":3}},{"start":{},"end":{}}],"line":67},"2":{"loc":{"start":{"line":71,"column":11},"end":{"line":71,"column":71}},"type":"binary-expr","locations":[{"start":{"line":71,"column":11},"end":{"line":71,"column":30}},{"start":{"line":71,"column":34},"end":{"line":71,"column":71}}],"line":71},"3":{"loc":{"start":{"line":85,"column":50},"end":{"line":85,"column":74}},"type":"binary-expr","locations":[{"start":{"line":85,"column":50},"end":{"line":85,"column":69}},{"start":{"line":85,"column":73},"end":{"line":85,"column":74}}],"line":85},"4":{"loc":{"start":{"line":86,"column":46},"end":{"line":86,"column":66}},"type":"binary-expr","locations":[{"start":{"line":86,"column":46},"end":{"line":86,"column":61}},{"start":{"line":86,"column":65},"end":{"line":86,"column":66}}],"line":86},"5":{"loc":{"start":{"line":87,"column":47},"end":{"line":87,"column":68}},"type":"binary-expr","locations":[{"start":{"line":87,"column":47},"end":{"line":87,"column":63}},{"start":{"line":87,"column":67},"end":{"line":87,"column":68}}],"line":87},"6":{"loc":{"start":{"line":88,"column":53},"end":{"line":88,"column":80}},"type":"binary-expr","locations":[{"start":{"line":88,"column":53},"end":{"line":88,"column":75}},{"start":{"line":88,"column":79},"end":{"line":88,"column":80}}],"line":88},"7":{"loc":{"start":{"line":89,"column":46},"end":{"line":89,"column":72}},"type":"binary-expr","locations":[{"start":{"line":89,"column":46},"end":{"line":89,"column":67}},{"start":{"line":89,"column":71},"end":{"line":89,"column":72}}],"line":89}},"s":{"0":4,"1":4,"2":2,"3":4,"4":4,"5":2,"6":4,"7":2,"8":4,"9":2,"10":2,"11":2,"12":1,"13":1,"14":0,"15":0,"16":0,"17":0},"f":{"0":4,"1":2,"2":2,"3":2,"4":0,"5":0,"6":0,"7":0},"b":{"0":[2,2],"1":[1,1],"2":[1,0],"3":[1,0],"4":[1,0],"5":[1,0],"6":[1,0],"7":[1,0]},"_coverageSchema":"1a1c01bbd47fc00a2c39e90264f33305004495a9","hash":"2b24030603d8a6cb87c1d4854e63e4fa4eea8fd2"}
,"E:\\event_mgmt_v0\\frontend\\admin\\src\\pages\\Events.tsx": {"path":"E:\\event_mgmt_v0\\frontend\\admin\\src\\pages\\Events.tsx","statementMap":{"0":{"start":{"line":18,"column":20},"end":{"line":22,"column":1}},"1":{"start":{"line":25,"column":48},"end":{"line":25,"column":80}},"2":{"start":{"line":26,"column":26},"end":{"line":26,"column":50}},"3":{"start":{"line":27,"column":32},"end":{"line":27,"column":60}},"4":{"start":{"line":28,"column":22},"end":{"line":28,"column":38}},"5":{"start":{"line":29,"column":19},"end":{"line":29,"column":21}},"6":{"start":{"line":31,"column":46},"end":{"line":31,"column":106}},"7":{"start":{"line":33,"column":21},"end":{"line":36,"column":4}},"8":{"start":{"line":34,"column":28},"end":{"line":34,"column":44}},"9":{"start":{"line":35,"column":23},"end":{"line":35,"column":85}},"10":{"start":{"line":35,"column":86},"end":{"line":35,"column":103}},"11":{"start":{"line":45,"column":19},"end":{"line":57,"column":4}},"12":{"start":{"line":46,"column":14},"end":{"line":46,"column":43}},"13":{"start":{"line":49,"column":6},"end":{"line":52,"column":39}},"14":{"start":{"line":54,"column":19},"end":{"line":54,"column":49}},"15":{"start":{"line":56,"column":4},"end":{"line":56,"column":28}},"16":{"start":{"line":59,"column":55},"end":{"line":59,"column":89}},"17":{"start":{"line":63,"column":2},"end":{"line":123,"column":4}},"18":{"start":{"line":71,"column":49},"end":{"line":71,"column":103}},"19":{"start":{"line":73,"column":48},"end":{"line":73,"column":107}},"20":{"start":{"line":100,"column":16},"end":{"line":112,"column":21}},"21":{"start":{"line":109,"column":123},"end":{"line":109,"column":136}},"22":{"start":{"line":116,"column":124},"end":{"line":116,"column":143}},"23":{"start":{"line":121,"column":27},"end":{"line":121,"column":76}},"24":{"start":{"line":121,"column":40},"end":{"line":121,"column":76}},"25":{"start":{"line":121,"column":96},"end":{"line":121,"column":112}}},"fnMap":{"0":{"name":"Events","decl":{"start":{"line":24,"column":24},"end":{"line":24,"column":30}},"loc":{"start":{"line":24,"column":33},"end":{"line":124,"column":1}},"line":24},"1":{"name":"(anonymous_1)","decl":{"start":{"line":34,"column":16},"end":{"line":34,"column":17}},"loc":{"start":{"line":34,"column":28},"end":{"line":34,"column":44}},"line":34},"2":{"name":"(anonymous_2)","decl":{"start":{"line":35,"column":15},"end":{"line":35,"column":16}},"loc":{"start":{"line":35,"column":21},"end":{"line":35,"column":105}},"line":35},"3":{"name":"(anonymous_3)","decl":{"start":{"line":45,"column":52},"end":{"line":45,"column":53}},"loc":{"start":{"line":45,"column":59},"end":{"line":57,"column":3}},"line":45},"4":{"name":"(anonymous_4)","decl":{"start":{"line":71,"column":42},"end":{"line":71,"column":43}},"loc":{"start":{"line":71,"column":49},"end":{"line":71,"column":103}},"line":71},"5":{"name":"(anonymous_5)","decl":{"start":{"line":73,"column":41},"end":{"line":73,"column":42}},"loc":{"start":{"line":73,"column":48},"end":{"line":73,"column":107}},"line":73},"6":{"name":"(anonymous_6)","decl":{"start":{"line":99,"column":25},"end":{"line":99,"column":26}},"loc":{"start":{"line":100,"column":16},"end":{"line":112,"column":21}},"line":100},"7":{"name":"(anonymous_7)","decl":{"start":{"line":109,"column":117},"end":{"line":109,"column":118}},"loc":{"start":{"line":109,"column":123},"end":{"line":109,"column":136}},"line":109},"8":{"name":"(anonymous_8)","decl":{"start":{"line":116,"column":117},"end":{"line":116,"column":118}},"loc":{"start":{"line":116,"column":124},"end":{"line":116,"column":143}},"line":116},"9":{"name":"(anonymous_9)","decl":{"start":{"line":121,"column":19},"end":{"line":121,"column":20}},"loc":{"start":{"line":121,"column":25},"end":{"line":121,"column":78}},"line":121},"10":{"name":"(anonymous_10)","decl":{"start":{"line":121,"column":90},"end":{"line":121,"column":91}},"loc":{"start":{"line":121,"column":96},"end":{"line":121,"column":112}},"line":121}},"branchMap":{"0":{"loc":{"start":{"line":45,"column":21},"end":{"line":45,"column":31}},"type":"binary-expr","locations":[{"start":{"line":45,"column":21},"end":{"line":45,"column":25}},{"start":{"line":45,"column":29},"end":{"line":45,"column":31}}],"line":45},"1":{"loc":{"start":{"line":49,"column":6},"end":{"line":52,"column":39}},"type":"binary-expr","locations":[{"start":{"line":49,"column":6},"end":{"line":49,"column":8}},{"start":{"line":50,"column":6},"end":{"line":50,"column":40}},{"start":{"line":51,"column":6},"end":{"line":51,"column":49}},{"start":{"line":52,"column":6},"end":{"line":52,"column":39}}],"line":49},"2":{"loc":{"start":{"line":54,"column":19},"end":{"line":54,"column":49}},"type":"binary-expr","locations":[{"start":{"line":54,"column":19},"end":{"line":54,"column":26}},{"start":{"line":54,"column":30},"end":{"line":54,"column":49}}],"line":54},"3":{"loc":{"start":{"line":56,"column":11},"end":{"line":56,"column":27}},"type":"binary-expr","locations":[{"start":{"line":56,"column":11},"end":{"line":56,"column":17}},{"start":{"line":56,"column":21},"end":{"line":56,"column":27}}],"line":56},"4":{"loc":{"start":{"line":81,"column":7},"end":{"line":81,"column":30}},"type":"binary-expr","locations":[{"start":{"line":81,"column":7},"end":{"line":81,"column":16}},{"start":{"line":81,"column":20},"end":{"line":81,"column":30}}],"line":81},"5":{"loc":{"start":{"line":82,"column":7},"end":{"line":82,"column":72}},"type":"binary-expr","locations":[{"start":{"line":82,"column":7},"end":{"line":82,"column":14}},{"start":{"line":82,"column":18},"end":{"line":82,"column":72}}],"line":82},"6":{"loc":{"start":{"line":83,"column":7},"end":{"line":83,"column":132}},"type":"binary-expr","locations":[{"start":{"line":83,"column":7},"end":{"line":83,"column":17}},{"start":{"line":83,"column":21},"end":{"line":83,"column":37}},{"start":{"line":83,"column":41},"end":{"line":83,"column":132}}],"line":83},"7":{"loc":{"start":{"line":85,"column":7},"end":{"line":118,"column":7}},"type":"binary-expr","locations":[{"start":{"line":85,"column":7},"end":{"line":85,"column":23}},{"start":{"line":86,"column":8},"end":{"line":117,"column":14}}],"line":85},"8":{"loc":{"start":{"line":109,"column":23},"end":{"line":109,"column":154}},"type":"binary-expr","locations":[{"start":{"line":109,"column":23},"end":{"line":109,"column":46}},{"start":{"line":109,"column":50},"end":{"line":109,"column":154}}],"line":109},"9":{"loc":{"start":{"line":121,"column":27},"end":{"line":121,"column":76}},"type":"if","locations":[{"start":{"line":121,"column":27},"end":{"line":121,"column":76}},{"start":{},"end":{}}],"line":121}},"s":{"0":1,"1":9,"2":9,"3":9,"4":9,"5":9,"6":9,"7":9,"8":1,"9":1,"10":1,"11":9,"12":6,"13":6,"14":6,"15":6,"16":9,"17":9,"18":0,"19":0,"20":5,"21":1,"22":0,"23":1,"24":1,"25":0},"f":{"0":9,"1":1,"2":1,"3":6,"4":0,"5":0,"6":5,"7":1,"8":0,"9":1,"10":0},"b":{"0":[9,4],"1":[6,0,0,0],"2":[6,2],"3":[6,6],"4":[9,3],"5":[9,1],"6":[9,6,1],"7":[9,5],"8":[5,5],"9":[1,0]},"_coverageSchema":"1a1c01bbd47fc00a2c39e90264f33305004495a9","hash":"8897688eb000f9e0ceae217f14ef000d80714276"}
,"E:\\event_mgmt_v0\\frontend\\admin\\src\\pages\\Login.tsx": {"path":"E:\\event_mgmt_v0\\frontend\\admin\\src\\pages\\Login.tsx","statementMap":{"0":{"start":{"line":15,"column":20},"end":{"line":15,"column":29}},"1":{"start":{"line":16,"column":19},"end":{"line":16,"column":32}},"2":{"start":{"line":17,"column":60},"end":{"line":17,"column":107}},"3":{"start":{"line":19,"column":19},"end":{"line":27,"column":4}},"4":{"start":{"line":20,"column":55},"end":{"line":20,"column":82}},"5":{"start":{"line":22,"column":6},"end":{"line":22,"column":31}},"6":{"start":{"line":23,"column":6},"end":{"line":23,"column":44}},"7":{"start":{"line":24,"column":6},"end":{"line":24,"column":29}},"8":{"start":{"line":29,"column":2},"end":{"line":46,"column":4}},"9":{"start":{"line":39,"column":44},"end":{"line":39,"column":62}}},"fnMap":{"0":{"name":"Login","decl":{"start":{"line":14,"column":24},"end":{"line":14,"column":29}},"loc":{"start":{"line":14,"column":32},"end":{"line":47,"column":1}},"line":14},"1":{"name":"(anonymous_1)","decl":{"start":{"line":20,"column":16},"end":{"line":20,"column":17}},"loc":{"start":{"line":20,"column":55},"end":{"line":20,"column":82}},"line":20},"2":{"name":"(anonymous_2)","decl":{"start":{"line":21,"column":15},"end":{"line":21,"column":16}},"loc":{"start":{"line":21,"column":25},"end":{"line":25,"column":5}},"line":21},"3":{"name":"(anonymous_3)","decl":{"start":{"line":39,"column":37},"end":{"line":39,"column":38}},"loc":{"start":{"line":39,"column":44},"end":{"line":39,"column":62}},"line":39}},"branchMap":{},"s":{"0":9,"1":9,"2":9,"3":9,"4":2,"5":1,"6":1,"7":1,"8":9,"9":2},"f":{"0":9,"1":2,"2":1,"3":2},"b":{},"_coverageSchema":"1a1c01bbd47fc00a2c39e90264f33305004495a9","hash":"982bb2464d3710b6c9a24c6b44bc88f00a968195"}
[...]
"line":30,"column":4}},"4":{"start":{"line":32,"column":19},"end":{"line":39,"column":4}},"5":{"start":{"line":35,"column":6},"end":{"line":35,"column":75}},"6":{"start":{"line":36,"column":6},"end":{"line":36,"column":43}},"7":{"start":{"line":41,"column":2},"end":{"line":41,"column":70}},"8":{"start":{"line":41,"column":17},"end":{"line":41,"column":70}},"9":{"start":{"line":43,"column":2},"end":{"line":75,"column":4}},"10":{"start":{"line":51,"column":48},"end":{"line":51,"column":71}}},"fnMap":{"0":{"name":"PlatformFeeSettings","decl":{"start":{"line":16,"column":24},"end":{"line":16,"column":43}},"loc":{"start":{"line":16,"column":46},"end":{"line":76,"column":1}},"line":16},"1":{"name":"(anonymous_1)","decl":{"start":{"line":34,"column":15},"end":{"line":34,"column":16}},"loc":{"start":{"line":34,"column":21},"end":{"line":37,"column":5}},"line":34},"2":{"name":"(anonymous_2)","decl":{"start":{"line":51,"column":36},"end":{"line":51,"column":37}},"loc":{"start":{"line":51,"column":48},"end":{"line":51,"column":71}},"line":51}},"branchMap":{"0":{"loc":{"start":{"line":26,"column":12},"end":{"line":29,"column":17}},"type":"cond-expr","locations":[{"start":{"line":26,"column":19},"end":{"line":29,"column":5}},{"start":{"line":29,"column":8},"end":{"line":29,"column":17}}],"line":26},"1":{"loc":{"start":{"line":27,"column":30},"end":{"line":27,"column":55}},"type":"binary-expr","locations":[{"start":{"line":27,"column":30},"end":{"line":27,"column":50}},{"start":{"line":27,"column":54},"end":{"line":27,"column":55}}],"line":27},"2":{"loc":{"start":{"line":28,"column":26},"end":{"line":28,"column":47}},"type":"binary-expr","locations":[{"start":{"line":28,"column":26},"end":{"line":28,"column":42}},{"start":{"line":28,"column":46},"end":{"line":28,"column":47}}],"line":28},"3":{"loc":{"start":{"line":41,"column":2},"end":{"line":41,"column":70}},"type":"if","locations":[{"start":{"line":41,"column":2},"end":{"line":41,"column":70}},{"start":{},"end":{}}],"line":41}},"s":{"0":1,"1":9,"2":9,"3":9,"4":9,"5":1,"6":1,"7":9,"8":4,"9":5,"10":1},"f":{"0":9,"1":1,"2":1},"b":{"0":[5,4],"1":[5,0],"2":[5,0],"3":[4,5]},"_coverageSchema":"1a1c01bbd47fc00a2c39e90264f33305004495a9","hash":"992f0b5edf500b348ce1d4cd6d58d9aac9a83e80"}
,"E:\\event_mgmt_v0\\frontend\\admin\\src\\pages\\Reports.tsx": {"path":"E:\\event_mgmt_v0\\frontend\\admin\\src\\pages\\Reports.tsx","statementMap":{"0":{"start":{"line":11,"column":30},"end":{"line":11,"column":68}},"1":{"start":{"line":12,"column":17},"end":{"line":15,"column":14}},"2":{"start":{"line":12,"column":32},"end":{"line":15,"column":3}},"3":{"start":{"line":17,"column":17},"end":{"line":17,"column":113}},"4":{"start":{"line":17,"column":87},"end":{"line":17,"column":110}},"5":{"start":{"line":18,"column":18},"end":{"line":18,"column":116}},"6":{"start":{"line":18,"column":89},"end":{"line":18,"column":113}},"7":{"start":{"line":19,"column":19},"end":{"line":19,"column":119}},"8":{"start":{"line":19,"column":91},"end":{"line":19,"column":116}},"9":{"start":{"line":21,"column":2},"end":{"line":52,"column":4}},"10":{"start":{"line":29,"column":66},"end":{"line":29,"column":116}},"11":{"start":{"line":29,"column":83},"end":{"line":29,"column":114}},"12":{"start":{"line":30,"column":64},"end":{"line":30,"column":112}},"13":{"start":{"line":30,"column":81},"end":{"line":30,"column":110}}},"fnMap":{"0":{"name":"Reports","decl":{"start":{"line":10,"column":24},"end":{"line":10,"column":31}},"loc":{"start":{"line":10,"column":34},"end":{"line":53,"column":1}},"line":10},"1":{"name":"(anonymous_1)","decl":{"start":{"line":12,"column":25},"end":{"line":12,"column":26}},"loc":{"start":{"line":12,"column":32},"end":{"line":15,"column":3}},"line":12},"2":{"name":"(anonymous_2)","decl":{"start":{"line":17,"column":81},"end":{"line":17,"column":82}},"loc":{"start":{"line":17,"column":87},"end":{"line":17,"column":110}},"line":17},"3":{"name":"(anonymous_3)","decl":{"start":{"line":18,"column":83},"end":{"line":18,"column":84}},"loc":{"start":{"line":18,"column":89},"end":{"line":18,"column":113}},"line":18},"4":{"name":"(anonymous_4)","decl":{"start":{"line":19,"column":85},"end":{"line":19,"column":86}},"loc":{"start":{"line":19,"column":91},"end":{"line":19,"column":116}},"line":19},"5":{"name":"(anonymous_5)","decl":{"start":{"line":29,"column":59},"end":{"line":29,"column":60}},"loc":{"start":{"line":29,"column":66},"end":{"line":29,"column":116}},"line":29},"6":{"name":"(anonymous_6)","decl":{"start":{"line":29,"column":75},"end":{"line":29,"column":76}},"loc":{"start":{"line":29,"column":83},"end":{"line":29,"column":114}},"line":29},"7":{"name":"(anonymous_7)","decl":{"start":{"line":30,"column":57},"end":{"line":30,"column":58}},"loc":{"start":{"line":30,"column":64},"end":{"line":30,"column":112}},"line":30},"8":{"name":"(anonymous_8)","decl":{"start":{"line":30,"column":73},"end":{"line":30,"column":74}},"loc":{"start":{"line":30,"column":81},"end":{"line":30,"column":110}},"line":30}},"branchMap":{"0":{"loc":{"start":{"line":35,"column":40},"end":{"line":35,"column":70}},"type":"binary-expr","locations":[{"start":{"line":35,"column":40},"end":{"line":35,"column":65}},{"start":{"line":35,"column":69},"end":{"line":35,"column":70}}],"line":35},"1":{"loc":{"start":{"line":37,"column":44},"end":{"line":37,"column":78}},"type":"binary-expr","locations":[{"start":{"line":37,"column":44},"end":{"line":37,"column":73}},{"start":{"line":37,"column":77},"end":{"line":37,"column":78}}],"line":37},"2":{"loc":{"start":{"line":38,"column":47},"end":{"line":38,"column":84}},"type":"binary-expr","locations":[{"start":{"line":38,"column":47},"end":{"line":38,"column":79}},{"start":{"line":38,"column":83},"end":{"line":38,"column":84}}],"line":38}},"s":{"0":2,"1":2,"2":2,"3":2,"4":2,"5":2,"6":2,"7":2,"8":2,"9":2,"10":1,"11":1,"12":0,"13":0},"f":{"0":2,"1":2,"2":2,"3":2,"4":2,"5":1,"6":1,"7":0,"8":0},"b":{"0":[2,2],"1":[2,2],"2":[2,2]},"_coverageSchema":"1a1c01bbd47fc00a2c39e90264f33305004495a9","hash":"ac850f500de85e82c41440c32b94befa748a6584"}
,"E:\\event_mgmt_v0\\frontend\\admin\\src\\routes\\RouteGuards.tsx": {"path":"E:\\event_mgmt_v0\\frontend\\admin\\src\\routes\\RouteGuards.tsx","statementMap":{"0":{"start":{"line":6,"column":30},"end":{"line":6,"column":39}},"1":{"start":{"line":7,"column":2},"end":{"line":7,"column":71}},"2":{"start":{"line":11,"column":30},"end":{"line":11,"column":39}},"3":{"start":{"line":12,"column":2},"end":{"line":12,"column":75}}},"fnMap":{"0":{"name":"ProtectedRoute","decl":{"start":{"line":5,"column":16},"end":{"line":5,"column":30}},"loc":{"start":{"line":5,"column":70},"end":{"line":8,"column":1}},"line":5},"1":{"name":"GuestRoute","decl":{"start":{"line":10,"column":16},"end":{"line":10,"column":26}},"loc":{"start":{"line":10,"column":66},"end":{"line":13,"column":1}},"line":10}},"branchMap":{"0":{"loc":{"start":{"line":7,"column":9},"end":{"line":7,"column":70}},"type":"cond-expr","locations":[{"start":{"line":7,"column":27},"end":{"line":7,"column":35}},{"start":{"line":7,"column":38},"end":{"line":7,"column":70}}],"line":7},"1":{"loc":{"start":{"line":12,"column":9},"end":{"line":12,"column":74}},"type":"cond-expr","locations":[{"start":{"line":12,"column":27},"end":{"line":12,"column":63}},{"start":{"line":12,"column":66},"end":{"line":12,"column":74}}],"line":12}},"s":{"0":2,"1":2,"2":1,"3":1},"f":{"0":2,"1":1},"b":{"0":[1,1],"1":[1,0]},"_coverageSchema":"1a1c01bbd47fc00a2c39e90264f33305004495a9","hash":"9a08e605527ce4148b638069f6ef08a2aed1a113"}
,"E:\\event_mgmt_v0\\frontend\\admin\\src\\schemas\\adminSchemas.ts": {"path":"E:\\event_mgmt_v0\\frontend\\admin\\src\\schemas\\adminSchemas.ts","statementMap":{"0":{"start":{"line":3,"column":27},"end":{"line":6,"column":2}},"1":{"start":{"line":8,"column":30},"end":{"line":12,"column":2}},"2":{"start":{"line":14,"column":29},"end":{"line":16,"column":2}},"3":{"start":{"line":18,"column":30},"end":{"line":22,"column":120}},"4":{"start":{"line":22,"column":17},"end":{"line":22,"column":54}},"5":{"start":{"line":24,"column":31},"end":{"line":29,"column":2}},"6":{"start":{"line":31,"column":27},"end":{"line":46,"column":2}},"7":{"start":{"line":48,"column":28},"end":{"line":54,"column":2}}},"fnMap":{"0":{"name":"(anonymous_0)","decl":{"start":{"line":22,"column":10},"end":{"line":22,"column":11}},"loc":{"start":{"line":22,"column":17},"end":{"line":22,"column":54}},"line":22}},"branchMap":{},"s":{"0":3,"1":3,"2":3,"3":3,"4":0,"5":3,"6":3,"7":3},"f":{"0":0},"b":{},"_coverageSchema":"1a1c01bbd47fc00a2c39e90264f33305004495a9","hash":"16725c4608ab31df38fcdedca81525d94ba3288a"}
,"E:\\event_mgmt_v0\\frontend\\admin\\src\\test\\fixtures.ts": {"path":"E:\\event_mgmt_v0\\frontend\\admin\\src\\test\\fixtures.ts","statementMap":{"0":{"start":{"line":1,"column":28},"end":{"line":7,"column":1}},"1":{"start":{"line":9,"column":26},"end":{"line":16,"column":1}},"2":{"start":{"line":18,"column":29},"end":{"line":27,"column":1}},"3":{"start":{"line":29,"column":28},"end":{"line":37,"column":1}},"4":{"start":{"line":39,"column":25},"end":{"line":49,"column":1}}},"fnMap":{},"branchMap":{},"s":{"0":5,"1":5,"2":5,"3":5,"4":5},"f":{},"b":{},"_coverageSchema":"1a1c01bbd47fc00a2c39e90264f33305004495a9","hash":"fa4d0bbe8f72d04511287e143e70faf4dc2c4187"}
,"E:\\event_mgmt_v0\\frontend\\admin\\src\\test\\test-utils.tsx": {"path":"E:\\event_mgmt_v0\\frontend\\admin\\src\\test\\test-utils.tsx","statementMap":{"0":{"start":{"line":8,"column":2},"end":{"line":10,"column":5}},"1":{"start":{"line":21,"column":2},"end":{"line":24,"column":3}},"2":{"start":{"line":22,"column":4},"end":{"line":23,"column":48}},"3":{"start":{"line":22,"column":15},"end":{"line":22,"column":58}},"4":{"start":{"line":23,"column":9},"end":{"line":23,"column":48}},"5":{"start":{"line":26,"column":2},"end":{"line":35,"column":4}}},"fnMap":{"0":{"name":"createTestQueryClient","decl":{"start":{"line":7,"column":16},"end":{"line":7,"column":37}},"loc":{"start":{"line":7,"column":40},"end":{"line":11,"column":1}},"line":7},"1":{"name":"renderWithProviders","decl":{"start":{"line":13,"column":16},"end":{"line":13,"column":35}},"loc":{"start":{"line":20,"column":2},"end":{"line":36,"column":1}},"line":20}},"branchMap":{"0":{"loc":{"start":{"line":15,"column":2},"end":{"line":19,"column":71}},"type":"default-arg","locations":[{"start":{"line":19,"column":69},"end":{"line":19,"column":71}}],"line":15},"1":{"loc":{"start":{"line":16,"column":4},"end":{"line":16,"column":15}},"type":"default-arg","locations":[{"start":{"line":16,"column":12},"end":{"line":16,"column":15}}],"line":16},"2":{"loc":{"start":{"line":17,"column":4},"end":{"line":17,"column":41}},"type":"default-arg","locations":[{"start":{"line":17,"column":18},"end":{"line":17,"column":41}}],"line":17},"3":{"loc":{"start":{"line":21,"column":2},"end":{"line":24,"column":3}},"type":"if","locations":[{"start":{"line":21,"column":2},"end":{"line":24,"column":3}},{"start":{},"end":{}}],"line":21},"4":{"loc":{"start":{"line":22,"column":4},"end":{"line":23,"column":48}},"type":"if","locations":[{"start":{"line":22,"column":4},"end":{"line":23,"column":48}},{"start":{"line":23,"column":9},"end":{"line":23,"column":48}}],"line":22}},"s":{"0":22,"1":22,"2":18,"3":18,"4":0,"5":22},"f":{"0":22,"1":22},"b":{"0":[0],"1":[13],"2":[22],"3":[18,4],"4":[18,0]},"_coverageSchema":"1a1c01bbd47fc00a2c39e90264f33305004495a9","hash":"fe85a5349059a82e651fc0f6fcbb570ad70aa87a"}
,"E:\\event_mgmt_v0\\frontend\\admin\\src\\utils\\apiError.ts": {"path":"E:\\event_mgmt_v0\\frontend\\admin\\src\\utils\\apiError.ts","statementMap":{"0":{"start":{"line":7,"column":4},"end":{"line":7,"column":19}},"1":{"start":{"line":8,"column":4},"end":{"line":8,"column":27}},"2":{"start":{"line":9,"column":4},"end":{"line":9,"column":25}},"3":{"start":{"line":10,"column":4},"end":{"line":10,"column":21}},"4":{"start":{"line":11,"column":4},"end":{"line":11,"column":50}},"5":{"start":{"line":16,"column":2},"end":{"line":16,"column":46}},"6":{"start":{"line":16,"column":33},"end":{"line":16,"column":46}},"7":{"start":{"line":17,"column":21},"end":{"line":17,"column":124}},"8":{"start":{"line":18,"column":17},"end":{"line":18,"column":44}},"9":{"start":{"line":19,"column":2},"end":{"line":24,"column":3}},"10":{"start":{"line":20,"column":4},"end":{"line":23,"column":7}},"11":{"start":{"line":25,"column":2},"end":{"line":25,"column":104}},"12":{"start":{"line":25,"column":28},"end":{"line":25,"column":104}},"13":{"start":{"line":26,"column":2},"end":{"line":26,"column":105}},"14":{"start":{"line":26,"column":22},"end":{"line":26,"column":105}},"15":{"start":{"line":27,"column":2},"end":{"line":27,"column":108}},"16":{"start":{"line":27,"column":22},"end":{"line":27,"column":108}},"17":{"start":{"line":28,"column":2},"end":{"line":28,"column":116}},"18":{"start":{"line":32,"column":2},"end":{"line":32,"column":91}}},"fnMap":{"0":{"name":"(anonymous_0)","decl":{"start":{"line":6,"column":2},"end":{"line":6,"column":3}},"loc":{"start":{"line":6,"column":132},"end":{"line":12,"column":3}},"line":6},"1":{"name":"toApiError","decl":{"start":{"line":15,"column":16},"end":{"line":15,"column":26}},"loc":{"start":{"line":15,"column":43},"end":{"line":29,"column":1}},"line":15},"2":{"name":"isServerUnavailable","decl":{"start":{"line":31,"column":16},"end":{"line":31,"column":35}},"loc":{"start":{"line":31,"column":52},"end":{"line":33,"column":1}},"line":31}},"branchMap":{"0":{"loc":{"start":{"line":6,"column":31},"end":{"line":6,"column":130}},"type":"default-arg","locations":[{"start":{"line":6,"column":128},"end":{"line":6,"column":130}}],"line":6},"1":{"loc":{"start":{"line":16,"column":2},"end":{"line":16,"column":46}},"type":"if","locations":[{"start":{"line":16,"column":2},"end":{"line":16,"column":46}},{"start":{},"end":{}}],"line":16},"2":{"loc":{"start":{"line":19,"column":2},"end":{"line":24,"column":3}},"type":"if","locations":[{"start":{"line":19,"column":2},"end":{"line":24,"column":3}},{"start":{},"end":{}}],"line":19},"3":{"loc":{"start":{"line":25,"column":2},"end":{"line":25,"column":104}},"type":"if","locations":[{"start":{"line":25,"column":2},"end":{"line":25,"column":104}},{"start":{},"end":{}}],"line":25},"4":{"loc":{"start":{"line":25,"column":7},"end":{"line":25,"column":18}},"type":"binary-expr","locations":[{"start":{"line":25,"column":7},"end":{"line":25,"column":13}},{"start":{"line":25,"column":17},"end":{"line":25,"column":18}}],"line":25},"5":{"loc":{"start":{"line":26,"column":2},"end":{"line":26,"column":105}},"type":"if","locations":[{"start":{"line":26,"column":2},"end":{"line":26,"column":105}},{"start":{},"end":{}}],"line":26},"6":{"loc":{"start":{"line":27,"column":2},"end":{"line":27,"column":108}},"type":"if","locations":[{"start":{"line":27,"column":2},"end":{"line":27,"column":108}},{"start":{},"end":{}}],"line":27},"7":{"loc":{"start":{"line":28,"column":22},"end":{"line":28,"column":102}},"type":"binary-expr","locations":[{"start":{"line":28,"column":22},"end":{"line":28,"column":53}},{"start":{"line":28,"column":57},"end":{"line":28,"column":75}},{"start":{"line":28,"column":79},"end":{"line":28,"column":102}}],"line":28},"8":{"loc":{"start":{"line":32,"column":9},"end":{"line":32,"column":90}},"type":"binary-expr","locations":[{"start":{"line":32,"column":9},"end":{"line":32,"column":34}},{"start":{"line":32,"column":39},"end":{"line":32,"column":59}},{"start":{"line":32,"column":63},"end":{"line":32,"column":89}}],"line":32},"9":{"loc":{"start":{"line":32,"column":64},"end":{"line":32,"column":81}},"type":"binary-expr","locations":[{"start":{"line":32,"column":64},"end":{"line":32,"column":76}},{"start":{"line":32,"column":80},"end":{"line":32,"column":81}}],"line":32}},"s":{"0":4,"1":4,"2":4,"3":4,"4":4,"5":4,"6":0,"7":4,"8":4,"9":4,"10":1,"11":3,"12":0,"13":3,"14":1,"15":2,"16":2,"17":0,"18":0},"f":{"0":4,"1":4,"2":0},"b":{"0":[0],"1":[0,4],"2":[1,3],"3":[0,3],"4":[3,0],"5":[1,2],"6":[2,0],"7":[0,0,0],"8":[0,0,0],"9":[0,0]},"_coverageSchema":"1a1c01bbd47fc00a2c39e90264f33305004495a9","hash":"e9bd3277bc93828c6683cda961d916b0de7f1e22"}
,"E:\\event_mgmt_v0\\frontend\\admin\\src\\utils\\helpers.ts": {"path":"E:\\event_mgmt_v0\\frontend\\admin\\src\\utils\\helpers.ts","statementMap":{"0":{"start":{"line":1,"column":28},"end":{"line":1,"column":71}},"1":{"start":{"line":4,"column":34},"end":{"line":6,"column":1}},"2":{"start":{"line":8,"column":30},"end":{"line":9,"column":121}},"3":{"start":{"line":9,"column":2},"end":{"line":9,"column":121}},"4":{"start":{"line":11,"column":26},"end":{"line":12,"column":109}},"5":{"start":{"line":12,"column":2},"end":{"line":12,"column":109}},"6":{"start":{"line":14,"column":31},"end":{"line":15,"column":89}},"7":{"start":{"line":15,"column":2},"end":{"line":15,"column":89}},"8":{"start":{"line":17,"column":69},"end":{"line":17,"column":104}},"9":{"start":{"line":21,"column":21},"end":{"line":21,"column":68}},"10":{"start":{"line":22,"column":19},"end":{"line":22,"column":58}},"11":{"start":{"line":23,"column":16},"end":{"line":23,"column":41}},"12":{"start":{"line":24,"column":2},"end":{"line":24,"column":106}},"13":{"start":{"line":28,"column":14},"end":{"line":28,"column":24}},"14":{"start":{"line":29,"column":16},"end":{"line":29,"column":26}},"15":{"start":{"line":30,"column":2},"end":{"line":30,"column":44}},"16":{"start":{"line":31,"column":2},"end":{"line":31,"column":90}}},"fnMap":{"0":{"name":"(anonymous_0)","decl":{"start":{"line":8,"column":30},"end":{"line":8,"column":31}},"loc":{"start":{"line":9,"column":2},"end":{"line":9,"column":121}},"line":9},"1":{"name":"(anonymous_1)","decl":{"start":{"line":11,"column":26},"end":{"line":11,"column":27}},"loc":{"start":{"line":12,"column":2},"end":{"line":12,"column":109}},"line":12},"2":{"name":"(anonymous_2)","decl":{"start":{"line":14,"column":31},"end":{"line":14,"column":32}},"loc":{"start":{"line":15,"column":2},"end":{"line":15,"column":89}},"line":15},"3":{"name":"cn","decl":{"start":{"line":17,"column":16},"end":{"line":17,"column":18}},"loc":{"start":{"line":17,"column":67},"end":{"line":17,"column":106}},"line":17},"4":{"name":"paginate","decl":{"start":{"line":20,"column":16},"end":{"line":20,"column":24}},"loc":{"start":{"line":20,"column":72},"end":{"line":25,"column":1}},"line":20},"5":{"name":"defaultDateRange","decl":{"start":{"line":27,"column":16},"end":{"line":27,"column":32}},"loc":{"start":{"line":27,"column":45},"end":{"line":32,"column":1}},"line":27}},"branchMap":{"0":{"loc":{"start":{"line":1,"column":28},"end":{"line":1,"column":71}},"type":"binary-expr","locations":[{"start":{"line":1,"column":28},"end":{"line":1,"column":61}},{"start":{"line":1,"column":65},"end":{"line":1,"column":71}}],"line":1},"1":{"loc":{"start":{"line":9,"column":113},"end":{"line":9,"column":119}},"type":"binary-expr","locations":[{"start":{"line":9,"column":113},"end":{"line":9,"column":114}},{"start":{"line":9,"column":118},"end":{"line":9,"column":119}}],"line":9},"2":{"loc":{"start":{"line":12,"column":2},"end":{"line":12,"column":109}},"type":"cond-expr","locations":[{"start":{"line":12,"column":6},"end":{"line":12,"column":103}},{"start":{"line":12,"column":106},"end":{"line":12,"column":109}}],"line":12},"3":{"loc":{"start":{"line":15,"column":2},"end":{"line":15,"column":89}},"type":"cond-expr","locations":[{"start":{"line":15,"column":6},"end":{"line":15,"column":83}},{"start":{"line":15,"column":86},"end":{"line":15,"column":89}}],"line":15},"4":{"loc":{"start":{"line":27,"column":33},"end":{"line":27,"column":43}},"type":"default-arg","locations":[{"start":{"line":27,"column":42},"end":{"line":27,"column":43}}],"line":27}},"s":{"0":9,"1":9,"2":9,"3":2,"4":9,"5":2,"6":9,"7":0,"8":146,"9":9,"10":9,"11":9,"12":9,"13":2,"14":2,"15":2,"16":2},"f":{"0":2,"1":2,"2":0,"3":146,"4":9,"5":2},"b":{"0":[9,9],"1":[2,2],"2":[2,0],"3":[0,0],"4":[2]},"_coverageSchema":"1a1c01bbd47fc00a2c39e90264f33305004495a9","hash":"0b1bcf29382f29a520dabf8415a96f3b66139f14"}
}
