TN:
SF:src\api\authSession.ts
FN:4,(anonymous_0)
FN:6,setAccessToken
FN:10,(anonymous_2)
FN:13,(anonymous_3)
FN:15,subscribeToAccessToken
FN:17,(anonymous_5)
FNF:6
FNH:5
FNDA:0,(anonymous_0)
FNDA:5,setAccessToken
FNDA:3,(anonymous_2)
FNDA:2,(anonymous_3)
FNDA:24,subscribeToAccessToken
FNDA:24,(anonymous_5)
DA:1,11
DA:2,11
DA:4,11
DA:7,5
DA:8,5
DA:9,2
DA:10,5
DA:13,11
DA:16,24
DA:17,24
LF:10
LH:10
BRDA:8,0,0,3
BRDA:8,0,1,2
BRF:2
BRH:2
end_of_record
TN:
SF:src\api\axios.ts
FN:13,(anonymous_0)
FN:21,refreshAccessToken
FN:27,(anonymous_2)
FN:30,(anonymous_3)
FN:38,(anonymous_4)
FN:39,(anonymous_5)
FNF:6
FNH:4
FNDA:0,(anonymous_0)
FNDA:3,refreshAccessToken
FNDA:1,(anonymous_2)
FNDA:2,(anonymous_3)
FNDA:0,(anonymous_4)
FNDA:4,(anonymous_5)
DA:7,1
DA:13,1
DA:14,0
DA:15,0
DA:16,0
DA:19,1
DA:22,3
DA:23,2
DA:28,1
DA:29,1
DA:31,2
DA:34,3
DA:37,1
DA:38,0
DA:40,4
DA:41,4
DA:42,3
DA:43,3
DA:44,3
DA:45,2
DA:46,2
DA:47,2
DA:49,1
DA:50,1
DA:51,1
DA:54,1
DA:55,0
DA:56,0
DA:57,0
DA:60,1
LF:30
LH:23
BRDA:15,0,0,0
BRDA:15,0,1,0
BRDA:22,1,0,2
BRDA:22,1,1,1
BRDA:41,2,0,3
BRDA:41,2,1,1
BRDA:41,3,0,4
BRDA:41,3,1,3
BRDA:41,3,2,3
BRDA:45,4,0,0
BRDA:45,4,1,2
BRDA:50,5,0,0
BRDA:50,5,1,1
BRDA:54,6,0,0
BRDA:54,6,1,1
BRDA:56,7,0,0
BRDA:56,7,1,0
BRF:17
BRH:10
end_of_record
TN:
SF:src\components\ui\Button.tsx
FN:20,Button
FNF:1
FNH:1
FNDA:64,Button
DA:4,8
DA:11,8
DA:21,64
LF:3
LH:3
BRDA:20,0,0,31
BRDA:20,1,0,29
BRDA:20,2,0,46
BRDA:20,3,0,63
BRDA:24,4,0,64
BRDA:24,4,1,64
BRDA:27,5,0,64
BRDA:27,5,1,0
BRF:8
BRH:7
end_of_record
TN:
SF:src\components\ui\ConfirmDialog.tsx
FN:9,ConfirmDialog
FNF:1
FNH:1
FNDA:22,ConfirmDialog
DA:10,22
DA:11,1
LF:2
LH:2
BRDA:9,0,0,22
BRDA:9,1,0,22
BRDA:10,2,0,21
BRDA:10,2,1,1
BRF:4
BRH:4
end_of_record
TN:
SF:src\components\ui\EmptyState.tsx
FN:10,EmptyState
FNF:1
FNH:1
FNDA:10,EmptyState
DA:11,10
LF:1
LH:1
BRDA:13,0,0,10
BRDA:13,0,1,10
BRDA:15,1,0,10
BRDA:15,1,1,10
BRDA:16,2,0,10
BRDA:16,2,1,0
BRF:6
BRH:5
end_of_record
TN:
SF:src\components\ui\Input.tsx
FN:7,FieldLabel
FN:17,Input
FN:32,Select
FN:43,Textarea
FNF:4
FNH:3
FNDA:36,FieldLabel
FNDA:33,Input
FNDA:0,Select
FNDA:3,Textarea
DA:8,36
DA:9,36
DA:18,33
DA:19,33
DA:33,0
DA:34,0
DA:44,3
DA:45,3
LF:8
LH:6
BRDA:8,0,0,0
BRDA:8,0,1,36
BRDA:12,1,0,36
BRDA:12,1,1,32
BRDA:18,2,0,33
BRDA:18,2,1,33
BRDA:24,3,0,33
BRDA:24,3,1,2
BRDA:27,4,0,33
BRDA:27,4,1,2
BRDA:33,5,0,0
BRDA:33,5,1,0
BRDA:38,6,0,0
BRDA:38,6,1,0
BRDA:44,7,0,3
BRDA:44,7,1,3
BRDA:49,8,0,3
BRDA:49,8,1,0
BRF:18
BRH:12
end_of_record
TN:
SF:src\components\ui\Loader.tsx
FN:3,Loader
FNF:1
FNH:1
FNDA:23,Loader
DA:4,23
LF:1
LH:1
BRDA:3,0,0,17
BRF:1
BRH:1
end_of_record
TN:
SF:src\components\ui\Pagination.tsx
FN:5,Pagination
FN:11,(anonymous_1)
FN:12,(anonymous_2)
FNF:3
FNH:1
FNDA:7,Pagination
FNDA:0,(anonymous_1)
FNDA:0,(anonymous_2)
DA:6,7
DA:7,0
DA:11,0
DA:12,0
LF:4
LH:1
BRDA:6,0,0,7
BRDA:6,0,1,0
BRDA:6,1,0,7
BRDA:6,1,1,0
BRDA:9,2,0,0
BRDA:9,2,1,0
BRF:6
BRH:2
end_of_record
TN:
SF:src\components\ui\StatCard.tsx
FN:10,StatCard
FNF:1
FNH:1
FNDA:14,StatCard
DA:11,14
LF:1
LH:1
BRDA:17,0,0,14
BRDA:17,0,1,0
BRDA:19,1,0,14
BRDA:19,1,1,14
BRF:4
BRH:3
end_of_record
TN:
SF:src\components\ui\StatusBadge.tsx
FN:14,StatusBadge
FNF:1
FNH:1
FNDA:10,StatusBadge
DA:3,3
DA:15,10
DA:16,10
LF:3
LH:3
BRDA:15,0,0,0
BRDA:15,0,1,10
BRDA:17,1,0,10
BRDA:17,1,1,0
BRF:4
BRH:2
end_of_record
TN:
SF:src\context\AuthContext.tsx
FN:17,AuthProvider
FN:18,(anonymous_1)
FN:20,(anonymous_2)
FN:22,(anonymous_3)
FN:27,(anonymous_4)
FN:32,(anonymous_5)
FN:36,useAuth
FNF:7
FNH:7
FNDA:27,AuthProvider
FNDA:24,(anonymous_1)
FNDA:24,(anonymous_2)
FNDA:2,(anonymous_3)
FNDA:1,(anonymous_4)
FNDA:27,(anonymous_5)
FNDA:16,useAuth
DA:15,10
DA:18,27
DA:20,27
DA:22,27
DA:23,2
DA:24,2
DA:27,27
DA:28,1
DA:29,1
DA:32,27
DA:33,27
DA:37,16
DA:38,16
DA:39,16
LF:14
LH:14
BRDA:38,0,0,0
BRDA:38,0,1,16
BRF:2
BRH:1
end_of_record
TN:
SF:src\hooks\useDebounce.ts
FN:3,useDebounce
FN:6,(anonymous_1)
FN:7,(anonymous_2)
FN:11,(anonymous_3)
FNF:4
FNH:4
FNDA:28,useDebounce
FNDA:9,(anonymous_1)
FNDA:3,(anonymous_2)
FNDA:9,(anonymous_3)
DA:4,28
DA:6,28
DA:7,9
DA:8,3
DA:11,9
DA:14,28
LF:6
LH:6
BRDA:3,0,0,0
BRF:1
BRH:0
end_of_record
TN:
SF:src\hooks\useListSearchParams.ts
FN:8,parseValue
FN:17,isEmptyValue
FN:27,useListSearchParams
FN:30,(anonymous_3)
FN:39,(anonymous_4)
FN:40,(anonymous_5)
FN:62,(anonymous_6)
FN:72,useDateRangeParams
FN:78,(anonymous_8)
FN:80,(anonymous_9)
FNF:10
FNH:10
FNDA:64,parseValue
FNDA:11,isEmptyValue
FNDA:44,useListSearchParams
FNDA:24,(anonymous_3)
FNDA:9,(anonymous_4)
FNDA:9,(anonymous_5)
FNDA:7,(anonymous_6)
FNDA:8,useDateRangeParams
FNDA:6,(anonymous_8)
FNDA:2,(anonymous_9)
DA:9,64
DA:10,16
DA:11,16
DA:12,16
DA:14,48
DA:18,11
DA:19,11
DA:28,44
DA:30,44
DA:31,24
DA:32,24
DA:33,64
DA:34,64
DA:36,24
DA:39,44
DA:40,9
DA:41,9
DA:43,9
DA:44,7
DA:45,7
DA:48,9
DA:49,11
DA:50,11
DA:51,11
DA:52,2
DA:54,9
DA:58,9
DA:62,44
DA:63,7
DA:66,44
DA:73,8
DA:78,8
DA:80,8
DA:81,2
DA:85,2
DA:91,8
LF:36
LH:36
BRDA:9,0,0,16
BRDA:9,0,1,48
BRDA:10,1,0,16
BRDA:10,1,1,16
BRDA:11,2,0,16
BRDA:11,2,1,0
BRDA:12,3,0,0
BRDA:12,3,1,16
BRDA:12,4,0,16
BRDA:12,4,1,0
BRDA:14,5,0,48
BRDA:14,5,1,36
BRDA:14,5,2,0
BRDA:18,6,0,11
BRDA:18,6,1,0
BRDA:18,7,0,0
BRDA:18,7,1,0
BRDA:19,8,0,11
BRDA:19,8,1,11
BRDA:19,8,2,11
BRDA:19,8,3,11
BRDA:33,9,0,64
BRDA:33,9,1,64
BRDA:39,10,0,2
BRDA:39,11,0,2
BRDA:44,12,0,7
BRDA:44,12,1,7
BRDA:49,13,0,11
BRDA:49,13,1,0
BRDA:50,14,0,11
BRDA:50,14,1,11
BRDA:51,15,0,2
BRDA:51,15,1,9
BRDA:81,16,0,2
BRDA:81,16,1,0
BRF:35
BRH:26
end_of_record
TN:
SF:src\pages\AuditLogs.tsx
FN:22,AuditLogs
FN:38,(anonymous_1)
FN:43,(anonymous_2)
FN:59,(anonymous_3)
FN:67,(anonymous_4)
FN:83,(anonymous_5)
FN:89,(anonymous_6)
FN:98,(anonymous_7)
FN:126,(anonymous_8)
FN:138,(anonymous_9)
FNF:10
FNH:6
FNDA:6,AuditLogs
FNDA:2,(anonymous_1)
FNDA:2,(anonymous_2)
FNDA:2,(anonymous_3)
FNDA:10,(anonymous_4)
FNDA:0,(anonymous_5)
FNDA:0,(anonymous_6)
FNDA:0,(anonymous_7)
FNDA:2,(anonymous_8)
FNDA:0,(anonymous_9)
DA:15,1
DA:29,6
DA:32,6
DA:35,6
DA:38,6
DA:39,2
DA:43,6
DA:44,2
DA:45,0
DA:51,6
DA:60,2
DA:67,10
DA:69,6
DA:71,6
DA:83,0
DA:89,0
DA:98,0
DA:127,2
DA:138,0
LF:19
LH:14
BRDA:44,0,0,0
BRDA:44,0,1,2
BRDA:61,1,0,2
BRDA:61,1,1,2
BRDA:62,2,0,2
BRDA:62,2,1,2
BRDA:63,3,0,2
BRDA:63,3,1,2
BRDA:106,4,0,6
BRDA:106,4,1,2
BRDA:107,5,0,6
BRDA:107,5,1,2
BRDA:109,6,0,6
BRDA:109,6,1,4
BRDA:109,6,2,2
BRDA:113,7,0,6
BRDA:113,7,1,2
BRDA:113,7,2,2
BRDA:130,8,0,2
BRDA:130,8,1,0
BRDA:131,9,0,2
BRDA:131,9,1,0
BRF:22
BRH:19
end_of_record
TN:
SF:src\pages\Categories.tsx
FN:17,Categories
FN:30,(anonymous_1)
FN:40,(anonymous_2)
FN:41,(anonymous_3)
FN:50,(anonymous_4)
FN:51,(anonymous_5)
FN:59,(anonymous_6)
FN:73,(anonymous_7)
FN:79,(anonymous_8)
FN:86,(anonymous_9)
FN:95,(anonymous_10)
FN:98,(anonymous_11)
FN:103,(anonymous_12)
FN:115,(anonymous_13)
FN:116,(anonymous_14)
FN:126,(anonymous_15)
FN:126,(anonymous_16)
FNF:17
FNH:5
FNDA:12,Categories
FNDA:1,(anonymous_1)
FNDA:0,(anonymous_2)
FNDA:0,(anonymous_3)
FNDA:0,(anonymous_4)
FNDA:0,(anonymous_5)
FNDA:0,(anonymous_6)
FNDA:2,(anonymous_7)
FNDA:1,(anonymous_8)
FNDA:0,(anonymous_9)
FNDA:5,(anonymous_10)
FNDA:0,(anonymous_11)
FNDA:0,(anonymous_12)
FNDA:0,(anonymous_13)
FNDA:0,(anonymous_14)
FNDA:0,(anonymous_15)
FNDA:0,(anonymous_16)
DA:18,12
DA:19,12
DA:20,12
DA:21,12
DA:23,12
DA:25,12
DA:26,12
DA:28,12
DA:31,1
DA:32,1
DA:33,1
DA:34,1
DA:39,12
DA:40,0
DA:42,0
DA:43,0
DA:44,0
DA:49,12
DA:50,0
DA:52,0
DA:53,0
DA:54,0
DA:59,12
DA:60,0
DA:61,0
DA:64,12
DA:66,6
DA:73,2
DA:79,1
DA:86,0
DA:96,5
DA:98,0
DA:103,0
DA:115,0
DA:116,0
DA:126,0
LF:36
LH:20
BRDA:61,0,0,0
BRDA:61,0,1,0
BRDA:64,1,0,6
BRDA:64,1,1,6
BRDA:76,2,0,6
BRDA:76,2,1,1
BRDA:78,3,0,6
BRDA:78,3,1,2
BRDA:91,4,0,1
BRDA:91,4,1,5
BRDA:97,5,0,0
BRDA:97,5,1,5
BRDA:110,6,0,5
BRDA:110,6,1,5
BRDA:112,7,0,5
BRDA:112,7,1,0
BRDA:113,8,0,5
BRDA:113,8,1,0
BRDA:126,9,0,0
BRDA:126,9,1,0
BRF:20
BRH:13
end_of_record
TN:
SF:src\pages\Coupons.tsx
FN:29,toPayload
FN:39,Coupons
FN:57,(anonymous_2)
FN:60,(anonymous_3)
FN:71,(anonymous_4)
FN:84,(anonymous_5)
FN:87,(anonymous_6)
FN:98,(anonymous_7)
FN:103,(anonymous_8)
FN:128,(anonymous_9)
FN:155,(anonymous_10)
FN:165,(anonymous_11)
FN:167,(anonymous_12)
FN:175,(anonymous_13)
FN:182,(anonymous_14)
FN:195,(anonymous_15)
FN:206,(anonymous_16)
FN:207,(anonymous_17)
FN:213,PaginationFooter
FN:219,(anonymous_19)
FN:221,(anonymous_20)
FNF:21
FNH:10
FNDA:1,toPayload
FNDA:10,Coupons
FNDA:1,(anonymous_2)
FNDA:1,(anonymous_3)
FNDA:0,(anonymous_4)
FNDA:4,(anonymous_5)
FNDA:3,(anonymous_6)
FNDA:1,(anonymous_7)
FNDA:0,(anonymous_8)
FNDA:0,(anonymous_9)
FNDA:6,(anonymous_10)
FNDA:0,(anonymous_11)
FNDA:0,(anonymous_12)
FNDA:0,(anonymous_13)
FNDA:1,(anonymous_14)
FNDA:0,(anonymous_15)
FNDA:0,(anonymous_16)
FNDA:0,(anonymous_17)
FNDA:4,PaginationFooter
FNDA:0,(anonymous_19)
FNDA:0,(anonymous_20)
DA:21,1
DA:30,1
DA:40,10
DA:41,10
DA:43,10
DA:45,10
DA:46,10
DA:47,10
DA:49,10
DA:51,10
DA:56,10
DA:57,1
DA:61,1
DA:62,1
DA:63,1
DA:64,1
DA:69,10
DA:72,0
DA:73,0
DA:74,0
DA:84,10
DA:85,4
DA:87,4
DA:88,3
DA:96,10
DA:98,10
DA:99,1
DA:100,1
DA:103,10
DA:104,0
DA:111,0
DA:114,10
DA:128,0
DA:156,6
DA:165,0
DA:167,0
DA:175,0
DA:182,1
DA:195,0
DA:206,0
DA:207,0
DA:214,4
DA:215,0
DA:219,0
DA:221,0
LF:45
LH:30
BRDA:32,0,0,1
BRDA:32,0,1,1
BRDA:34,1,0,0
BRDA:34,1,1,1
BRDA:35,2,0,1
BRDA:35,2,1,0
BRDA:57,3,0,0
BRDA:57,3,1,1
BRDA:64,4,0,0
BRDA:64,4,1,1
BRDA:87,5,0,4
BRDA:87,5,1,2
BRDA:89,6,0,3
BRDA:89,6,1,2
BRDA:89,6,2,1
BRDA:106,7,0,0
BRDA:106,7,1,0
BRDA:108,8,0,0
BRDA:108,8,1,0
BRDA:109,9,0,0
BRDA:109,9,1,0
BRDA:134,10,0,10
BRDA:134,10,1,4
BRDA:135,11,0,10
BRDA:135,11,1,0
BRDA:136,12,0,10
BRDA:136,12,1,6
BRDA:136,12,2,0
BRDA:140,13,0,10
BRDA:140,13,1,6
BRDA:159,14,0,6
BRDA:159,14,1,0
BRDA:161,15,0,0
BRDA:161,15,1,6
BRDA:162,16,0,6
BRDA:162,16,1,0
BRDA:166,17,0,6
BRDA:166,17,1,6
BRDA:179,18,0,10
BRDA:179,18,1,2
BRDA:185,19,0,0
BRDA:185,19,1,2
BRDA:194,20,0,0
BRDA:194,20,1,2
BRDA:206,21,0,0
BRDA:206,21,1,0
BRDA:214,22,0,4
BRDA:214,22,1,0
BRDA:217,23,0,0
BRDA:217,23,1,0
BRF:50
BRH:28
end_of_record
TN:
SF:src\pages\Dashboard.tsx
FN:13,Dashboard
FN:15,(anonymous_1)
FN:21,(anonymous_2)
FN:22,(anonymous_3)
FN:117,(anonymous_4)
FN:118,(anonymous_5)
FN:126,(anonymous_6)
FN:127,(anonymous_7)
FNF:8
FNH:4
FNDA:4,Dashboard
FNDA:2,(anonymous_1)
FNDA:2,(anonymous_2)
FNDA:2,(anonymous_3)
FNDA:0,(anonymous_4)
FNDA:0,(anonymous_5)
FNDA:0,(anonymous_6)
FNDA:0,(anonymous_7)
DA:14,4
DA:15,4
DA:20,4
DA:21,4
DA:22,4
DA:24,4
DA:26,2
DA:67,2
DA:68,1
DA:77,1
DA:118,0
DA:127,0
LF:12
LH:10
BRDA:24,0,0,2
BRDA:24,0,1,2
BRDA:67,1,0,1
BRDA:67,1,1,1
BRDA:71,2,0,1
BRDA:71,2,1,0
BRDA:85,3,0,1
BRDA:85,3,1,0
BRDA:86,4,0,1
BRDA:86,4,1,0
BRDA:87,5,0,1
BRDA:87,5,1,0
BRDA:88,6,0,1
BRDA:88,6,1,0
BRDA:89,7,0,1
BRDA:89,7,1,0
BRF:16
BRH:10
end_of_record
TN:
SF:src\pages\Events.tsx
FN:24,Events
FN:34,(anonymous_1)
FN:35,(anonymous_2)
FN:45,(anonymous_3)
FN:71,(anonymous_4)
FN:73,(anonymous_5)
FN:99,(anonymous_6)
FN:109,(anonymous_7)
FN:116,(anonymous_8)
FN:121,(anonymous_9)
FN:121,(anonymous_10)
FNF:11
FNH:7
FNDA:9,Events
FNDA:1,(anonymous_1)
FNDA:1,(anonymous_2)
FNDA:6,(anonymous_3)
FNDA:0,(anonymous_4)
FNDA:0,(anonymous_5)
FNDA:5,(anonymous_6)
FNDA:1,(anonymous_7)
FNDA:0,(anonymous_8)
FNDA:1,(anonymous_9)
FNDA:0,(anonymous_10)
DA:18,1
DA:25,9
DA:26,9
DA:27,9
DA:28,9
DA:29,9
DA:31,9
DA:33,9
DA:34,1
DA:35,1
DA:45,9
DA:46,6
DA:49,6
DA:54,6
DA:56,6
DA:59,9
DA:63,9
DA:71,0
DA:73,0
DA:100,5
DA:109,1
DA:116,0
DA:121,1
LF:23
LH:20
BRDA:45,0,0,9
BRDA:45,0,1,4
BRDA:49,1,0,6
BRDA:49,1,1,0
BRDA:49,1,2,0
BRDA:49,1,3,0
BRDA:54,2,0,6
BRDA:54,2,1,2
BRDA:56,3,0,6
BRDA:56,3,1,6
BRDA:81,4,0,9
BRDA:81,4,1,3
BRDA:82,5,0,9
BRDA:82,5,1,1
BRDA:83,6,0,9
BRDA:83,6,1,6
BRDA:83,6,2,1
BRDA:85,7,0,9
BRDA:85,7,1,5
BRDA:109,8,0,5
BRDA:109,8,1,5
BRDA:121,9,0,1
BRDA:121,9,1,0
BRF:23
BRH:19
end_of_record
TN:
SF:src\pages\Login.tsx
FN:14,Login
FN:20,(anonymous_1)
FN:21,(anonymous_2)
FN:39,(anonymous_3)
FNF:4
FNH:4
FNDA:9,Login
FNDA:2,(anonymous_1)
FNDA:1,(anonymous_2)
FNDA:2,(anonymous_3)
DA:15,9
DA:16,9
DA:17,9
DA:19,9
DA:20,2
DA:22,1
DA:23,1
DA:24,1
DA:29,9
DA:39,2
LF:10
LH:10
BRF:0
BRH:0
end_of_record
TN:
SF:src\pages\Organizers.tsx
FN:18,Organizers
FN:25,(anonymous_1)
FN:41,(anonymous_2)
FN:43,(anonymous_3)
FN:68,(anonymous_4)
FN:80,(anonymous_5)
FNF:6
FNH:4
FNDA:11,Organizers
FNDA:10,(anonymous_1)
FNDA:7,(anonymous_2)
FNDA:0,(anonymous_3)
FNDA:2,(anonymous_4)
FNDA:0,(anonymous_5)
DA:12,1
DA:19,11
DA:20,11
DA:23,11
DA:25,11
DA:26,10
DA:27,10
DA:28,10
DA:29,10
DA:32,11
DA:34,11
DA:41,7
DA:43,0
DA:69,2
DA:80,0
LF:15
LH:13
BRDA:25,0,0,11
BRDA:25,0,1,2
BRDA:27,1,0,10
BRDA:27,1,1,7
BRDA:27,1,2,7
BRDA:27,1,3,7
BRDA:28,2,0,10
BRDA:28,2,1,2
BRDA:29,3,0,10
BRDA:29,3,1,3
BRDA:50,4,0,11
BRDA:50,4,1,2
BRDA:51,5,0,11
BRDA:51,5,1,0
BRDA:52,6,0,11
BRDA:52,6,1,9
BRDA:52,6,2,7
BRDA:54,7,0,11
BRDA:54,7,1,2
BRDA:72,8,0,2
BRDA:72,8,1,0
BRF:21
BRH:19
end_of_record
TN:
SF:src\pages\PlatformFeeSettings.tsx
FN:16,PlatformFeeSettings
FN:34,(anonymous_1)
FN:51,(anonymous_2)
FNF:3
FNH:3
FNDA:9,PlatformFeeSettings
FNDA:1,(anonymous_1)
FNDA:1,(anonymous_2)
DA:11,1
DA:17,9
DA:19,9
DA:24,9
DA:32,9
DA:35,1
DA:36,1
DA:41,9
DA:43,5
DA:51,1
LF:10
LH:10
BRDA:26,0,0,5
BRDA:26,0,1,4
BRDA:27,1,0,5
BRDA:27,1,1,0
BRDA:28,2,0,5
BRDA:28,2,1,0
BRDA:41,3,0,4
BRDA:41,3,1,5
BRF:8
BRH:6
end_of_record
TN:
SF:src\pages\Reports.tsx
FN:10,Reports
FN:12,(anonymous_1)
FN:17,(anonymous_2)
FN:18,(anonymous_3)
FN:19,(anonymous_4)
FN:29,(anonymous_5)
FN:29,(anonymous_6)
FN:30,(anonymous_7)
FN:30,(anonymous_8)
FNF:9
FNH:7
FNDA:2,Reports
FNDA:2,(anonymous_1)
FNDA:2,(anonymous_2)
FNDA:2,(anonymous_3)
FNDA:2,(anonymous_4)
FNDA:1,(anonymous_5)
FNDA:1,(anonymous_6)
FNDA:0,(anonymous_7)
FNDA:0,(anonymous_8)
DA:11,2
DA:12,2
DA:17,2
DA:18,2
DA:19,2
DA:21,2
DA:29,1
DA:30,0
LF:8
LH:7
BRDA:35,0,0,2
BRDA:35,0,1,2
BRDA:37,1,0,2
BRDA:37,1,1,2
BRDA:38,2,0,2
BRDA:38,2,1,2
BRF:6
BRH:6
end_of_record
TN:
SF:src\routes\RouteGuards.tsx
FN:5,ProtectedRoute
FN:10,GuestRoute
FNF:2
FNH:2
FNDA:2,ProtectedRoute
FNDA:1,GuestRoute
DA:6,2
DA:7,2
DA:11,1
DA:12,1
LF:4
LH:4
BRDA:7,0,0,1
BRDA:7,0,1,1
BRDA:12,1,0,1
BRDA:12,1,1,0
BRF:4
BRH:3
end_of_record
TN:
SF:src\schemas\adminSchemas.ts
FN:22,(anonymous_0)
FNF:1
FNH:0
FNDA:0,(anonymous_0)
DA:3,3
DA:8,3
DA:14,3
DA:18,3
DA:22,0
DA:24,3
DA:31,3
DA:48,3
LF:8
LH:7
BRF:0
BRH:0
end_of_record
TN:
SF:src\test\fixtures.ts
FNF:0
FNH:0
DA:1,5
DA:9,5
DA:18,5
DA:29,5
DA:39,5
LF:5
LH:5
BRF:0
BRH:0
end_of_record
TN:
SF:src\test\test-utils.tsx
FN:7,createTestQueryClient
FN:13,renderWithProviders
FNF:2
FNH:2
FNDA:22,createTestQueryClient
FNDA:22,renderWithProviders
DA:8,22
DA:21,22
DA:22,18
DA:23,0
DA:26,22
LF:5
LH:4
BRDA:15,0,0,0
BRDA:16,1,0,13
BRDA:17,2,0,22
BRDA:21,3,0,18
BRDA:21,3,1,4
BRDA:22,4,0,18
BRDA:22,4,1,0
BRF:7
BRH:5
end_of_record
TN:
SF:src\utils\apiError.ts
FN:6,(anonymous_0)
FN:15,toApiError
FN:31,isServerUnavailable
FNF:3
FNH:2
FNDA:4,(anonymous_0)
FNDA:4,toApiError
FNDA:0,isServerUnavailable
DA:7,4
DA:8,4
DA:9,4
DA:10,4
DA:11,4
DA:16,4
DA:17,4
DA:18,4
DA:19,4
DA:20,1
DA:25,3
DA:26,3
DA:27,2
DA:28,0
DA:32,0
LF:15
LH:13
BRDA:6,0,0,0
BRDA:16,1,0,0
BRDA:16,1,1,4
BRDA:19,2,0,1
BRDA:19,2,1,3
BRDA:25,3,0,0
BRDA:25,3,1,3
BRDA:25,4,0,3
BRDA:25,4,1,0
BRDA:26,5,0,1
BRDA:26,5,1,2
BRDA:27,6,0,2
BRDA:27,6,1,0
BRDA:28,7,0,0
BRDA:28,7,1,0
BRDA:28,7,2,0
BRDA:32,8,0,0
BRDA:32,8,1,0
BRDA:32,8,2,0
BRDA:32,9,0,0
BRDA:32,9,1,0
BRF:21
BRH:8
end_of_record
TN:
SF:src\utils\helpers.ts
FN:8,(anonymous_0)
FN:11,(anonymous_1)
FN:14,(anonymous_2)
FN:17,cn
FN:20,paginate
FN:27,defaultDateRange
FNF:6
FNH:5
FNDA:2,(anonymous_0)
FNDA:2,(anonymous_1)
FNDA:0,(anonymous_2)
FNDA:146,cn
FNDA:9,paginate
FNDA:2,defaultDateRange
DA:1,9
DA:4,9
DA:8,9
DA:9,2
DA:11,9
DA:12,2
DA:14,9
DA:15,0
DA:17,146
DA:21,9
DA:22,9
DA:23,9
DA:24,9
DA:28,2
DA:29,2
DA:30,2
DA:31,2
LF:17
LH:16
BRDA:1,0,0,9
BRDA:1,0,1,9
BRDA:9,1,0,2
BRDA:9,1,1,2
BRDA:12,2,0,2
BRDA:12,2,1,0
BRDA:15,3,0,0
BRDA:15,3,1,0
BRDA:27,4,0,2
BRF:9
BRH:6
end_of_record
