TN:
SF:src\context\AuthContext.jsx
FN:5,AuthProvider
FN:6,(anonymous_1)
FN:8,(anonymous_2)
FN:13,(anonymous_3)
FN:18,(anonymous_4)
FN:22,useAuth
FNF:6
FNH:4
FNDA:1,AuthProvider
FNDA:1,(anonymous_1)
FNDA:0,(anonymous_2)
FNDA:0,(anonymous_3)
FNDA:1,(anonymous_4)
FNDA:1,useAuth
DA:3,1
DA:6,1
DA:8,1
DA:9,0
DA:10,0
DA:13,1
DA:14,0
DA:15,0
DA:18,1
DA:19,1
DA:23,1
DA:24,1
DA:25,1
LF:13
LH:9
BRDA:24,0,0,0
BRDA:24,0,1,1
BRF:2
BRH:1
end_of_record
TN:
SF:src\routes\RouteGuards.jsx
FN:4,ProtectedRoute
FN:9,GuestRoute
FNF:2
FNH:1
FNDA:1,ProtectedRoute
FNDA:0,GuestRoute
DA:5,1
DA:6,1
DA:10,0
DA:11,0
LF:4
LH:2
BRDA:6,0,0,0
BRDA:6,0,1,1
BRDA:11,1,0,0
BRDA:11,1,1,0
BRF:4
BRH:1
end_of_record
TN:
SF:src\test\test-utils.jsx
FN:6,renderWithProviders
FNF:1
FNH:1
FNDA:1,renderWithProviders
DA:7,1
DA:10,1
LF:2
LH:2
BRDA:6,0,0,0
BRDA:6,1,0,0
BRF:2
BRH:0
end_of_record
TN:
SF:src\utils\apiError.js
FN:2,(anonymous_0)
FN:11,toApiError
FN:26,isServerUnavailable
FNF:3
FNH:2
FNDA:2,(anonymous_0)
FNDA:2,toApiError
FNDA:0,isServerUnavailable
DA:3,2
DA:4,2
DA:5,2
DA:6,2
DA:7,2
DA:12,2
DA:13,2
DA:14,2
DA:15,1
DA:20,1
DA:21,1
DA:22,1
DA:23,0
DA:27,0
LF:14
LH:12
BRDA:2,0,0,0
BRDA:12,1,0,0
BRDA:12,1,1,2
BRDA:14,2,0,1
BRDA:14,2,1,1
BRDA:20,3,0,0
BRDA:20,3,1,1
BRDA:21,4,0,0
BRDA:21,4,1,1
BRDA:22,5,0,1
BRDA:22,5,1,0
BRDA:23,6,0,0
BRDA:23,6,1,0
BRDA:23,6,2,0
BRDA:27,7,0,0
BRDA:27,7,1,0
BRDA:27,7,2,0
BRF:17
BRH:6
end_of_record
